TIME: 2017-05-25 19:13:02
PARAMS: {"q":"3LypkbcTdywqVhnLdgtsByTWdoM74DbzWWNmmUgIjaDQxULTgYHssrbwskrxbZbHOo0EOoQsvdpX1yHnAm/JpBUU5o9GKTLsvnLLRv3EkFPSe2Y2aiRuZggwXT4C7Tnh7QdyEwEUl5ASk IaApuqLWhcYauJDuWDh6zLrCZYiZvn7YKudwC1zXG92iGnL5Scd1fHZSw8Ej6GSQTr1vF5o0rxHuaYLm2ZVNRlihoSclkDr9F5 3Ga1pkNsH9wJubyvbSok/p6hg6g3k2dUm0rwVWpwO puy/zjFQtG44gZpEMeXqQRAW84EGqIP5GvLrqqU/4hFhNIwTQOLixyJgVuBJC3BqaqEgHzsU/OVCObj5dp/WpA5XQWvAkItQcUm 8Go2j48aEAAMdYsDayhtVXKcrL6zPf6CJuJDyuiL0HSR9TIkYM9KSkDv5TS36/RTRgYFV8FFqbu2eVvtzpzd76quVogYFp/n0","account_id":"455712051","app":"insight","otp":"345804","token":"3a180efe0d083bba8407ddffc9dffddb"}
HEADERS: {"host":"localhost:1337","connection":"keep-alive","cache-control":"max-age=0","upgrade-insecure-requests":"1","user-agent":"Mozilla/5.0 (Windows NT 6.1; WOW64) AppleWebKit/537.36 (KHTML, like Gecko) coc_coc_browser/63.4.154 Chrome/57.4.2987.154 Safari/537.36","accept":"text/html,application/xhtml+xml,application/xml;q=0.9,image/webp,*/*;q=0.8","accept-encoding":"gzip, deflate, sdch, br","accept-language":"vi-VN,vi;q=0.8,fr-FR;q=0.6,fr;q=0.4,en-US;q=0.2,en;q=0.2","cookie":"_ga=GA1.1.1627206596.1495003441; PHPSESSID=7bt05ou7uildhggbo7tm82l076; rock_format=json; sails.sid=s%3AEylgVU-5kXYexjo8DITEIvR74hXB-p16.f%2B04%2F%2F2vpRzY8mVfoUk4cPomYb5NmD18zLc88TupRE4","if-none-match":"W/\"173-R6CBiA2zFnP5NjKoKVsDtQ\"","client_ip":"::1"}
RESPONSE: {"code":500001,"desc":"SEARCH_GRAPH_SUCCESS","data":"","message":"SEARCH_GRAPH_SUCCESS"}
======================
TIME: 2017-05-25 19:13:07
PARAMS: {"q":"3LypkbcTdywqVhnLdgtsByTWdoM74DbzWWNmmUgIjaDQxULTgYHssrbwskrxbZbHOo0EOoQsvdpX1yHnAm/JpBUU5o9GKTLsvnLLRv3EkFPSe2Y2aiRuZggwXT4C7Tnh7QdyEwEUl5ASk IaApuqLWhcYauJDuWDh6zLrCZYiZvn7YKudwC1zXG92iGnL5Scd1fHZSw8Ej6GSQTr1vF5o0rxHuaYLm2ZVNRlihoSclkDr9F5 3Ga1pkNsH9wJubyvbSok/p6hg6g3k2dUm0rwVWpwO puy/zjFQtG44gZpEMeXqQRAW84EGqIP5GvLrqqU/4hFhNIwTQOLixyJgVuBJC3BqaqEgHzsU/OVCObj5dp/WpA5XQWvAkItQcUm 8Go2j48aEAAMdYsDayhtVXKcrL6zPf6CJuJDyuiL0HSR9TIkYM9KSkDv5TS36/RTRgYFV8FFqbu2eVvtzpzd76quVogYFp/n0","account_id":"455712051","app":"insight","otp":"345804","token":"3a180efe0d083bba8407ddffc9dffddb"}
HEADERS: {"host":"localhost:1337","connection":"keep-alive","cache-control":"max-age=0","upgrade-insecure-requests":"1","user-agent":"Mozilla/5.0 (Windows NT 6.1; WOW64) AppleWebKit/537.36 (KHTML, like Gecko) coc_coc_browser/63.4.154 Chrome/57.4.2987.154 Safari/537.36","accept":"text/html,application/xhtml+xml,application/xml;q=0.9,image/webp,*/*;q=0.8","accept-encoding":"gzip, deflate, sdch, br","accept-language":"vi-VN,vi;q=0.8,fr-FR;q=0.6,fr;q=0.4,en-US;q=0.2,en;q=0.2","cookie":"_ga=GA1.1.1627206596.1495003441; PHPSESSID=7bt05ou7uildhggbo7tm82l076; rock_format=json; sails.sid=s%3AxjcxS9L3tqeQYD_rAg9s6J2g-SSlLNib.BftVDuieeECG%2Bh5XQYL3Ty9%2FhITYKUeG%2BK%2BiOQcBgM8","if-none-match":"W/\"69-Dqn7xGOh54vZKebhNYeaIw\"","client_ip":"::1"}
RESPONSE: {"code":500001,"desc":"SEARCH_GRAPH_SUCCESS","data":"","message":"SEARCH_GRAPH_SUCCESS"}
======================
TIME: 2017-05-25 19:14:35
PARAMS: {"q":"3LypkbcTdywqVhnLdgtsByTWdoM74DbzWWNmmUgIjaDQxULTgYHssrbwskrxbZbHOo0EOoQsvdpX1yHnAm/JpBUU5o9GKTLsvnLLRv3EkFPSe2Y2aiRuZggwXT4C7Tnh7QdyEwEUl5ASk IaApuqLWhcYauJDuWDh6zLrCZYiZvn7YKudwC1zXG92iGnL5Scd1fHZSw8Ej6GSQTr1vF5o0rxHuaYLm2ZVNRlihoSclkDr9F5 3Ga1pkNsH9wJubyvbSok/p6hg6g3k2dUm0rwVWpwO puy/zjFQtG44gZpEMeXqQRAW84EGqIP5GvLrqqU/4hFhNIwTQOLixyJgVuBJC3BqaqEgHzsU/OVCObj5dp/WpA5XQWvAkItQcUm 8Go2j48aEAAMdYsDayhtVXKcrL6zPf6CJuJDyuiL0HSR9TIkYM9KSkDv5TS36/RTRgYFV8FFqbu2eVvtzpzd76quVogYFp/n0","account_id":"455712051","app":"insight","otp":"345804","token":"6c52a3f70fb557f2c6645d2f171e5640"}
HEADERS: {"host":"localhost:1337","connection":"keep-alive","cache-control":"max-age=0","upgrade-insecure-requests":"1","user-agent":"Mozilla/5.0 (Windows NT 6.1; WOW64) AppleWebKit/537.36 (KHTML, like Gecko) coc_coc_browser/63.4.154 Chrome/57.4.2987.154 Safari/537.36","accept":"text/html,application/xhtml+xml,application/xml;q=0.9,image/webp,*/*;q=0.8","accept-encoding":"gzip, deflate, sdch, br","accept-language":"vi-VN,vi;q=0.8,fr-FR;q=0.6,fr;q=0.4,en-US;q=0.2,en;q=0.2","cookie":"_ga=GA1.1.1627206596.1495003441; PHPSESSID=7bt05ou7uildhggbo7tm82l076; rock_format=json; sails.sid=s%3AxjcxS9L3tqeQYD_rAg9s6J2g-SSlLNib.BftVDuieeECG%2Bh5XQYL3Ty9%2FhITYKUeG%2BK%2BiOQcBgM8","if-none-match":"W/\"69-Dqn7xGOh54vZKebhNYeaIw\"","client_ip":"::1"}
RESPONSE: {"code":500001,"desc":"SEARCH_GRAPH_SUCCESS","data":"","message":"SEARCH_GRAPH_SUCCESS"}
======================
TIME: 2017-05-25 19:14:36
PARAMS: {"q":"3LypkbcTdywqVhnLdgtsByTWdoM74DbzWWNmmUgIjaDQxULTgYHssrbwskrxbZbHOo0EOoQsvdpX1yHnAm/JpBUU5o9GKTLsvnLLRv3EkFPSe2Y2aiRuZggwXT4C7Tnh7QdyEwEUl5ASk IaApuqLWhcYauJDuWDh6zLrCZYiZvn7YKudwC1zXG92iGnL5Scd1fHZSw8Ej6GSQTr1vF5o0rxHuaYLm2ZVNRlihoSclkDr9F5 3Ga1pkNsH9wJubyvbSok/p6hg6g3k2dUm0rwVWpwO puy/zjFQtG44gZpEMeXqQRAW84EGqIP5GvLrqqU/4hFhNIwTQOLixyJgVuBJC3BqaqEgHzsU/OVCObj5dp/WpA5XQWvAkItQcUm 8Go2j48aEAAMdYsDayhtVXKcrL6zPf6CJuJDyuiL0HSR9TIkYM9KSkDv5TS36/RTRgYFV8FFqbu2eVvtzpzd76quVogYFp/n0","account_id":"455712051","app":"insight","otp":"345804","token":"6c52a3f70fb557f2c6645d2f171e5640"}
HEADERS: {"host":"localhost:1337","connection":"keep-alive","cache-control":"max-age=0","upgrade-insecure-requests":"1","user-agent":"Mozilla/5.0 (Windows NT 6.1; WOW64) AppleWebKit/537.36 (KHTML, like Gecko) coc_coc_browser/63.4.154 Chrome/57.4.2987.154 Safari/537.36","accept":"text/html,application/xhtml+xml,application/xml;q=0.9,image/webp,*/*;q=0.8","accept-encoding":"gzip, deflate, sdch, br","accept-language":"vi-VN,vi;q=0.8,fr-FR;q=0.6,fr;q=0.4,en-US;q=0.2,en;q=0.2","cookie":"_ga=GA1.1.1627206596.1495003441; PHPSESSID=7bt05ou7uildhggbo7tm82l076; rock_format=json; sails.sid=s%3AsAD9sJnkOe5mKEl8X-Q631IvXfOj-gsU.1L0nZONsOmgy3KZlWJsCOfZb0WB8lDeewmx%2Fzu5i4ZU","if-none-match":"W/\"69-Dqn7xGOh54vZKebhNYeaIw\"","client_ip":"::1"}
RESPONSE: {"code":500001,"desc":"SEARCH_GRAPH_SUCCESS","data":"","message":"SEARCH_GRAPH_SUCCESS"}
======================
TIME: 2017-05-25 19:14:36
PARAMS: {"q":"3LypkbcTdywqVhnLdgtsByTWdoM74DbzWWNmmUgIjaDQxULTgYHssrbwskrxbZbHOo0EOoQsvdpX1yHnAm/JpBUU5o9GKTLsvnLLRv3EkFPSe2Y2aiRuZggwXT4C7Tnh7QdyEwEUl5ASk IaApuqLWhcYauJDuWDh6zLrCZYiZvn7YKudwC1zXG92iGnL5Scd1fHZSw8Ej6GSQTr1vF5o0rxHuaYLm2ZVNRlihoSclkDr9F5 3Ga1pkNsH9wJubyvbSok/p6hg6g3k2dUm0rwVWpwO puy/zjFQtG44gZpEMeXqQRAW84EGqIP5GvLrqqU/4hFhNIwTQOLixyJgVuBJC3BqaqEgHzsU/OVCObj5dp/WpA5XQWvAkItQcUm 8Go2j48aEAAMdYsDayhtVXKcrL6zPf6CJuJDyuiL0HSR9TIkYM9KSkDv5TS36/RTRgYFV8FFqbu2eVvtzpzd76quVogYFp/n0","account_id":"455712051","app":"insight","otp":"345804","token":"6c52a3f70fb557f2c6645d2f171e5640"}
HEADERS: {"host":"localhost:1337","connection":"keep-alive","cache-control":"max-age=0","upgrade-insecure-requests":"1","user-agent":"Mozilla/5.0 (Windows NT 6.1; WOW64) AppleWebKit/537.36 (KHTML, like Gecko) coc_coc_browser/63.4.154 Chrome/57.4.2987.154 Safari/537.36","accept":"text/html,application/xhtml+xml,application/xml;q=0.9,image/webp,*/*;q=0.8","accept-encoding":"gzip, deflate, sdch, br","accept-language":"vi-VN,vi;q=0.8,fr-FR;q=0.6,fr;q=0.4,en-US;q=0.2,en;q=0.2","cookie":"_ga=GA1.1.1627206596.1495003441; PHPSESSID=7bt05ou7uildhggbo7tm82l076; rock_format=json; sails.sid=s%3AsAD9sJnkOe5mKEl8X-Q631IvXfOj-gsU.1L0nZONsOmgy3KZlWJsCOfZb0WB8lDeewmx%2Fzu5i4ZU","if-none-match":"W/\"69-Dqn7xGOh54vZKebhNYeaIw\"","client_ip":"::1"}
RESPONSE: {"code":500001,"desc":"SEARCH_GRAPH_SUCCESS","data":"","message":"SEARCH_GRAPH_SUCCESS"}
======================
TIME: 2017-05-25 19:14:43
PARAMS: {"q":"3LypkbcTdywqVhnLdgtsByTWdoM74DbzWWNmmUgIjaDQxULTgYHssrbwskrxbZbHOo0EOoQsvdpX1yHnAm/JpBUU5o9GKTLsvnLLRv3EkFPSe2Y2aiRuZggwXT4C7Tnh7QdyEwEUl5ASk IaApuqLWhcYauJDuWDh6zLrCZYiZvn7YKudwC1zXG92iGnL5Scd1fHZSw8Ej6GSQTr1vF5o0rxHuaYLm2ZVNRlihoSclkDr9F5 3Ga1pkNsH9wJubyvbSok/p6hg6g3k2dUm0rwVWpwO puy/zjFQtG44gZpEMeXqQRAW84EGqIP5GvLrqqU/4hFhNIwTQOLixyJgVuBJC3BqaqEgHzsU/OVCObj5dp/WpA5XQWvAkItQcUm 8Go2j48aEAAMdYsDayhtVXKcrL6zPf6CJuJDyuiL0HSR9TIkYM9KSkDv5TS36/RTRgYFV8FFqbu2eVvtzpzd76quVogYFp/n0","account_id":"455712051","app":"insight","otp":"345804","token":"6c52a3f70fb557f2c6645d2f171e5640"}
HEADERS: {"host":"localhost:1337","connection":"keep-alive","cache-control":"max-age=0","upgrade-insecure-requests":"1","user-agent":"Mozilla/5.0 (Windows NT 6.1; WOW64) AppleWebKit/537.36 (KHTML, like Gecko) coc_coc_browser/63.4.154 Chrome/57.4.2987.154 Safari/537.36","accept":"text/html,application/xhtml+xml,application/xml;q=0.9,image/webp,*/*;q=0.8","accept-encoding":"gzip, deflate, sdch, br","accept-language":"vi-VN,vi;q=0.8,fr-FR;q=0.6,fr;q=0.4,en-US;q=0.2,en;q=0.2","cookie":"_ga=GA1.1.1627206596.1495003441; PHPSESSID=7bt05ou7uildhggbo7tm82l076; rock_format=json; sails.sid=s%3AsAD9sJnkOe5mKEl8X-Q631IvXfOj-gsU.1L0nZONsOmgy3KZlWJsCOfZb0WB8lDeewmx%2Fzu5i4ZU","if-none-match":"W/\"69-Dqn7xGOh54vZKebhNYeaIw\"","client_ip":"::1"}
RESPONSE: {"code":500001,"desc":"SEARCH_GRAPH_SUCCESS","data":"","message":"SEARCH_GRAPH_SUCCESS"}
======================
TIME: 2017-05-25 19:14:44
PARAMS: {"q":"3LypkbcTdywqVhnLdgtsByTWdoM74DbzWWNmmUgIjaDQxULTgYHssrbwskrxbZbHOo0EOoQsvdpX1yHnAm/JpBUU5o9GKTLsvnLLRv3EkFPSe2Y2aiRuZggwXT4C7Tnh7QdyEwEUl5ASk IaApuqLWhcYauJDuWDh6zLrCZYiZvn7YKudwC1zXG92iGnL5Scd1fHZSw8Ej6GSQTr1vF5o0rxHuaYLm2ZVNRlihoSclkDr9F5 3Ga1pkNsH9wJubyvbSok/p6hg6g3k2dUm0rwVWpwO puy/zjFQtG44gZpEMeXqQRAW84EGqIP5GvLrqqU/4hFhNIwTQOLixyJgVuBJC3BqaqEgHzsU/OVCObj5dp/WpA5XQWvAkItQcUm 8Go2j48aEAAMdYsDayhtVXKcrL6zPf6CJuJDyuiL0HSR9TIkYM9KSkDv5TS36/RTRgYFV8FFqbu2eVvtzpzd76quVogYFp/n0","account_id":"455712051","app":"insight","otp":"345804","token":"6c52a3f70fb557f2c6645d2f171e5640"}
HEADERS: {"host":"localhost:1337","connection":"keep-alive","cache-control":"max-age=0","upgrade-insecure-requests":"1","user-agent":"Mozilla/5.0 (Windows NT 6.1; WOW64) AppleWebKit/537.36 (KHTML, like Gecko) coc_coc_browser/63.4.154 Chrome/57.4.2987.154 Safari/537.36","accept":"text/html,application/xhtml+xml,application/xml;q=0.9,image/webp,*/*;q=0.8","accept-encoding":"gzip, deflate, sdch, br","accept-language":"vi-VN,vi;q=0.8,fr-FR;q=0.6,fr;q=0.4,en-US;q=0.2,en;q=0.2","cookie":"_ga=GA1.1.1627206596.1495003441; PHPSESSID=7bt05ou7uildhggbo7tm82l076; rock_format=json; sails.sid=s%3AsAD9sJnkOe5mKEl8X-Q631IvXfOj-gsU.1L0nZONsOmgy3KZlWJsCOfZb0WB8lDeewmx%2Fzu5i4ZU","if-none-match":"W/\"69-Dqn7xGOh54vZKebhNYeaIw\"","client_ip":"::1"}
RESPONSE: {"code":500001,"desc":"SEARCH_GRAPH_SUCCESS","data":"","message":"SEARCH_GRAPH_SUCCESS"}
======================
TIME: 2017-05-25 19:16:02
PARAMS: {"q":"3LypkbcTdywqVhnLdgtsByTWdoM74DbzWWNmmUgIjaDQxULTgYHssrbwskrxbZbHOo0EOoQsvdpX1yHnAm/JpBUU5o9GKTLsvnLLRv3EkFPSe2Y2aiRuZggwXT4C7Tnh7QdyEwEUl5ASk IaApuqLWhcYauJDuWDh6zLrCZYiZvn7YKudwC1zXG92iGnL5Scd1fHZSw8Ej6GSQTr1vF5o0rxHuaYLm2ZVNRlihoSclkDr9F5 3Ga1pkNsH9wJubyvbSok/p6hg6g3k2dUm0rwVWpwO puy/zjFQtG44gZpEMeXqQRAW84EGqIP5GvLrqqU/4hFhNIwTQOLixyJgVuBJC3BqaqEgHzsU/OVCObj5dp/WpA5XQWvAkItQcUm 8Go2j48aEAAMdYsDayhtVXKcrL6zPf6CJuJDyuiL0HSR9TIkYM9KSkDv5TS36/RTRgYFV8FFqbu2eVvtzpzd76quVogYFp/n0","account_id":"455712051","app":"insight","otp":"345804","token":"eb9f6e0b3880539f125289175d0936e6"}
HEADERS: {"host":"localhost:1337","connection":"keep-alive","cache-control":"max-age=0","upgrade-insecure-requests":"1","user-agent":"Mozilla/5.0 (Windows NT 6.1; WOW64) AppleWebKit/537.36 (KHTML, like Gecko) coc_coc_browser/63.4.154 Chrome/57.4.2987.154 Safari/537.36","accept":"text/html,application/xhtml+xml,application/xml;q=0.9,image/webp,*/*;q=0.8","accept-encoding":"gzip, deflate, sdch, br","accept-language":"vi-VN,vi;q=0.8,fr-FR;q=0.6,fr;q=0.4,en-US;q=0.2,en;q=0.2","cookie":"_ga=GA1.1.1627206596.1495003441; PHPSESSID=7bt05ou7uildhggbo7tm82l076; rock_format=json; sails.sid=s%3AsAD9sJnkOe5mKEl8X-Q631IvXfOj-gsU.1L0nZONsOmgy3KZlWJsCOfZb0WB8lDeewmx%2Fzu5i4ZU","client_ip":"::ffff:127.0.0.1"}
RESPONSE: {"code":500001,"desc":"SEARCH_GRAPH_SUCCESS","data":"","message":"SEARCH_GRAPH_SUCCESS"}
======================
