URL
/report/search?account_id=228585360&app=insight&otp=345804&token=c99b954ccf1613d44c9549e2f0451336
======================
TIME: 2017-05-25 13:44:48
PARAMS: undefined
HEADERS: {"host":"localhost:1337","connection":"keep-alive","cache-control":"max-age=0","upgrade-insecure-requests":"1","user-agent":"Mozilla/5.0 (Windows NT 6.1; WOW64) AppleWebKit/537.36 (KHTML, like Gecko) coc_coc_browser/63.4.154 Chrome/57.4.2987.154 Safari/537.36","accept":"text/html,application/xhtml+xml,application/xml;q=0.9,image/webp,*/*;q=0.8","accept-encoding":"gzip, deflate, sdch, br","accept-language":"vi-VN,vi;q=0.8,fr-FR;q=0.6,fr;q=0.4,en-US;q=0.2,en;q=0.2","cookie":"_ga=GA1.1.1627206596.1495003441; PHPSESSID=7bt05ou7uildhggbo7tm82l076; rock_format=json; sails.sid=s%3ArG27EJGtpS8MzCsiRz8h3CI3au2UHYH1.mnPblZhve93KtKEWBgevQvYXgb2TGYCOznwYhizM9Ng","client_ip":"::1"}
RESPONSE: {"code":101,"desc":"INVALID_REQUEST","data":{"params":{"account_id":"228585360","app":"insight","otp":"345804","token":"c99b954ccf1613d44c9549e2f0451336"},"headers":{"host":"localhost:1337","connection":"keep-alive","cache-control":"max-age=0","upgrade-insecure-requests":"1","user-agent":"Mozilla/5.0 (Windows NT 6.1; WOW64) AppleWebKit/537.36 (KHTML, like Gecko) coc_coc_browser/63.4.154 Chrome/57.4.2987.154 Safari/537.36","accept":"text/html,application/xhtml+xml,application/xml;q=0.9,image/webp,*/*;q=0.8","accept-encoding":"gzip, deflate, sdch, br","accept-language":"vi-VN,vi;q=0.8,fr-FR;q=0.6,fr;q=0.4,en-US;q=0.2,en;q=0.2","cookie":"_ga=GA1.1.1627206596.1495003441; PHPSESSID=7bt05ou7uildhggbo7tm82l076; rock_format=json; sails.sid=s%3ArG27EJGtpS8MzCsiRz8h3CI3au2UHYH1.mnPblZhve93KtKEWBgevQvYXgb2TGYCOznwYhizM9Ng","client_ip":"::1"}},"message":"INVALID_REQUEST"}
======================
URL
/report/search?account_id=228585360&app=insight&otp=345804&token=c99b954ccf1613d44c9549e2f0451336
======================
TIME: 2017-05-25 13:45:06
PARAMS: undefined
HEADERS: {"host":"localhost:1337","connection":"keep-alive","cache-control":"max-age=0","upgrade-insecure-requests":"1","user-agent":"Mozilla/5.0 (Windows NT 6.1; WOW64) AppleWebKit/537.36 (KHTML, like Gecko) coc_coc_browser/63.4.154 Chrome/57.4.2987.154 Safari/537.36","accept":"text/html,application/xhtml+xml,application/xml;q=0.9,image/webp,*/*;q=0.8","accept-encoding":"gzip, deflate, sdch, br","accept-language":"vi-VN,vi;q=0.8,fr-FR;q=0.6,fr;q=0.4,en-US;q=0.2,en;q=0.2","cookie":"_ga=GA1.1.1627206596.1495003441; PHPSESSID=7bt05ou7uildhggbo7tm82l076; rock_format=json; sails.sid=s%3ArG27EJGtpS8MzCsiRz8h3CI3au2UHYH1.mnPblZhve93KtKEWBgevQvYXgb2TGYCOznwYhizM9Ng","if-none-match":"W/\"402-2i5hMC9lrJTz5/3oVapaVg\"","client_ip":"::1"}
RESPONSE: {"code":101,"desc":"INVALID_REQUEST","data":{"params":{"account_id":"228585360","app":"insight","otp":"345804","token":"c99b954ccf1613d44c9549e2f0451336"},"headers":{"host":"localhost:1337","connection":"keep-alive","cache-control":"max-age=0","upgrade-insecure-requests":"1","user-agent":"Mozilla/5.0 (Windows NT 6.1; WOW64) AppleWebKit/537.36 (KHTML, like Gecko) coc_coc_browser/63.4.154 Chrome/57.4.2987.154 Safari/537.36","accept":"text/html,application/xhtml+xml,application/xml;q=0.9,image/webp,*/*;q=0.8","accept-encoding":"gzip, deflate, sdch, br","accept-language":"vi-VN,vi;q=0.8,fr-FR;q=0.6,fr;q=0.4,en-US;q=0.2,en;q=0.2","cookie":"_ga=GA1.1.1627206596.1495003441; PHPSESSID=7bt05ou7uildhggbo7tm82l076; rock_format=json; sails.sid=s%3ArG27EJGtpS8MzCsiRz8h3CI3au2UHYH1.mnPblZhve93KtKEWBgevQvYXgb2TGYCOznwYhizM9Ng","if-none-match":"W/\"402-2i5hMC9lrJTz5/3oVapaVg\"","client_ip":"::1"}},"message":"INVALID_REQUEST"}
======================
TIME: 2017-05-25 13:45:43
PARAMS: undefined
HEADERS: {"host":"localhost:1337","connection":"keep-alive","cache-control":"max-age=0","upgrade-insecure-requests":"1","user-agent":"Mozilla/5.0 (Windows NT 6.1; WOW64) AppleWebKit/537.36 (KHTML, like Gecko) coc_coc_browser/63.4.154 Chrome/57.4.2987.154 Safari/537.36","accept":"text/html,application/xhtml+xml,application/xml;q=0.9,image/webp,*/*;q=0.8","accept-encoding":"gzip, deflate, sdch, br","accept-language":"vi-VN,vi;q=0.8,fr-FR;q=0.6,fr;q=0.4,en-US;q=0.2,en;q=0.2","cookie":"_ga=GA1.1.1627206596.1495003441; PHPSESSID=7bt05ou7uildhggbo7tm82l076; rock_format=json; sails.sid=s%3ArG27EJGtpS8MzCsiRz8h3CI3au2UHYH1.mnPblZhve93KtKEWBgevQvYXgb2TGYCOznwYhizM9Ng","if-none-match":"W/\"43d-mzXhTe+H5WSBeAe2CQVH7w\"","client_ip":"::1"}
RESPONSE: {"code":101,"desc":"INVALID_REQUEST","data":{"params":{"account_id":"228585360","app":"insight","otp":"345804","token":"c99b954ccf1613d44c9549e2f0451336"},"headers":{"host":"localhost:1337","connection":"keep-alive","cache-control":"max-age=0","upgrade-insecure-requests":"1","user-agent":"Mozilla/5.0 (Windows NT 6.1; WOW64) AppleWebKit/537.36 (KHTML, like Gecko) coc_coc_browser/63.4.154 Chrome/57.4.2987.154 Safari/537.36","accept":"text/html,application/xhtml+xml,application/xml;q=0.9,image/webp,*/*;q=0.8","accept-encoding":"gzip, deflate, sdch, br","accept-language":"vi-VN,vi;q=0.8,fr-FR;q=0.6,fr;q=0.4,en-US;q=0.2,en;q=0.2","cookie":"_ga=GA1.1.1627206596.1495003441; PHPSESSID=7bt05ou7uildhggbo7tm82l076; rock_format=json; sails.sid=s%3ArG27EJGtpS8MzCsiRz8h3CI3au2UHYH1.mnPblZhve93KtKEWBgevQvYXgb2TGYCOznwYhizM9Ng","if-none-match":"W/\"43d-mzXhTe+H5WSBeAe2CQVH7w\"","client_ip":"::1"}},"message":"INVALID_REQUEST"}
======================
URL
/report/search?account_id=228585360&app=insight&otp=345804&token=c99b954ccf1613d44c9549e2f0451336
======================
URL
/report/search?account_id=228585360&app=insight&otp=345804&token=c99b954ccf1613d44c9549e2f0451336
======================
TIME: 2017-05-25 13:46:20
PARAMS: undefined
HEADERS: {"host":"localhost:1337","connection":"keep-alive","cache-control":"max-age=0","upgrade-insecure-requests":"1","user-agent":"Mozilla/5.0 (Windows NT 6.1; WOW64) AppleWebKit/537.36 (KHTML, like Gecko) coc_coc_browser/63.4.154 Chrome/57.4.2987.154 Safari/537.36","accept":"text/html,application/xhtml+xml,application/xml;q=0.9,image/webp,*/*;q=0.8","accept-encoding":"gzip, deflate, sdch, br","accept-language":"vi-VN,vi;q=0.8,fr-FR;q=0.6,fr;q=0.4,en-US;q=0.2,en;q=0.2","cookie":"_ga=GA1.1.1627206596.1495003441; PHPSESSID=7bt05ou7uildhggbo7tm82l076; rock_format=json; sails.sid=s%3ArG27EJGtpS8MzCsiRz8h3CI3au2UHYH1.mnPblZhve93KtKEWBgevQvYXgb2TGYCOznwYhizM9Ng","if-none-match":"W/\"43d-kciRm+JS966IJMXb9O9m8Q\"","client_ip":"::1"}
RESPONSE: {"code":101,"desc":"INVALID_REQUEST","data":{"params":{"account_id":"228585360","app":"insight","otp":"345804","token":"c99b954ccf1613d44c9549e2f0451336"},"headers":{"host":"localhost:1337","connection":"keep-alive","cache-control":"max-age=0","upgrade-insecure-requests":"1","user-agent":"Mozilla/5.0 (Windows NT 6.1; WOW64) AppleWebKit/537.36 (KHTML, like Gecko) coc_coc_browser/63.4.154 Chrome/57.4.2987.154 Safari/537.36","accept":"text/html,application/xhtml+xml,application/xml;q=0.9,image/webp,*/*;q=0.8","accept-encoding":"gzip, deflate, sdch, br","accept-language":"vi-VN,vi;q=0.8,fr-FR;q=0.6,fr;q=0.4,en-US;q=0.2,en;q=0.2","cookie":"_ga=GA1.1.1627206596.1495003441; PHPSESSID=7bt05ou7uildhggbo7tm82l076; rock_format=json; sails.sid=s%3ArG27EJGtpS8MzCsiRz8h3CI3au2UHYH1.mnPblZhve93KtKEWBgevQvYXgb2TGYCOznwYhizM9Ng","if-none-match":"W/\"43d-kciRm+JS966IJMXb9O9m8Q\"","client_ip":"::1"}},"message":"INVALID_REQUEST"}
======================
URL
/report/search?account_id=228585360&app=insight&otp=345804&token=c99b954ccf1613d44c9549e2f0451336
======================
TIME: 2017-05-25 13:46:37
PARAMS: undefined
HEADERS: {"host":"localhost:1337","connection":"keep-alive","cache-control":"max-age=0","upgrade-insecure-requests":"1","user-agent":"Mozilla/5.0 (Windows NT 6.1; WOW64) AppleWebKit/537.36 (KHTML, like Gecko) coc_coc_browser/63.4.154 Chrome/57.4.2987.154 Safari/537.36","accept":"text/html,application/xhtml+xml,application/xml;q=0.9,image/webp,*/*;q=0.8","accept-encoding":"gzip, deflate, sdch, br","accept-language":"vi-VN,vi;q=0.8,fr-FR;q=0.6,fr;q=0.4,en-US;q=0.2,en;q=0.2","cookie":"_ga=GA1.1.1627206596.1495003441; PHPSESSID=7bt05ou7uildhggbo7tm82l076; rock_format=json; sails.sid=s%3AC6C9Yw3p0BXFihVejtn0s_0NBVT4aJEH.tVrvrHpHTJ0fqthlQbySqZPVU9y8aTI0CcbSRkXKY%2B0","if-none-match":"W/\"43d-vs/cwJ4CX09Z57QBw6loXA\"","client_ip":"::1"}
RESPONSE: {"code":101,"desc":"INVALID_REQUEST","data":{"params":{"account_id":"228585360","app":"insight","otp":"345804","token":"c99b954ccf1613d44c9549e2f0451336"},"headers":{"host":"localhost:1337","connection":"keep-alive","cache-control":"max-age=0","upgrade-insecure-requests":"1","user-agent":"Mozilla/5.0 (Windows NT 6.1; WOW64) AppleWebKit/537.36 (KHTML, like Gecko) coc_coc_browser/63.4.154 Chrome/57.4.2987.154 Safari/537.36","accept":"text/html,application/xhtml+xml,application/xml;q=0.9,image/webp,*/*;q=0.8","accept-encoding":"gzip, deflate, sdch, br","accept-language":"vi-VN,vi;q=0.8,fr-FR;q=0.6,fr;q=0.4,en-US;q=0.2,en;q=0.2","cookie":"_ga=GA1.1.1627206596.1495003441; PHPSESSID=7bt05ou7uildhggbo7tm82l076; rock_format=json; sails.sid=s%3AC6C9Yw3p0BXFihVejtn0s_0NBVT4aJEH.tVrvrHpHTJ0fqthlQbySqZPVU9y8aTI0CcbSRkXKY%2B0","if-none-match":"W/\"43d-vs/cwJ4CX09Z57QBw6loXA\"","client_ip":"::1"}},"message":"INVALID_REQUEST"}
======================
URL
/report/search?account_id=228585360&app=insight&otp=345804&token=c99b954ccf1613d44c9549e2f0451336
======================
TIME: 2017-05-25 13:46:54
PARAMS: undefined
HEADERS: {"host":"localhost:1337","connection":"keep-alive","cache-control":"max-age=0","upgrade-insecure-requests":"1","user-agent":"Mozilla/5.0 (Windows NT 6.1; WOW64) AppleWebKit/537.36 (KHTML, like Gecko) coc_coc_browser/63.4.154 Chrome/57.4.2987.154 Safari/537.36","accept":"text/html,application/xhtml+xml,application/xml;q=0.9,image/webp,*/*;q=0.8","accept-encoding":"gzip, deflate, sdch, br","accept-language":"vi-VN,vi;q=0.8,fr-FR;q=0.6,fr;q=0.4,en-US;q=0.2,en;q=0.2","cookie":"_ga=GA1.1.1627206596.1495003441; PHPSESSID=7bt05ou7uildhggbo7tm82l076; rock_format=json; sails.sid=s%3A9TI8bS6tEbT8B_on9ju1Td8rrGms_e4U.TlCa9eQfQ9LX4ufQcmHqx0xBWQ03a1BBuMWh%2FQtXJsA","if-none-match":"W/\"43f-PUGoE9yl+S0onRlUT3Ea1A\"","client_ip":"::1"}
RESPONSE: {"code":101,"desc":"INVALID_REQUEST","data":{"params":{"account_id":"228585360","app":"insight","otp":"345804","token":"c99b954ccf1613d44c9549e2f0451336"},"headers":{"host":"localhost:1337","connection":"keep-alive","cache-control":"max-age=0","upgrade-insecure-requests":"1","user-agent":"Mozilla/5.0 (Windows NT 6.1; WOW64) AppleWebKit/537.36 (KHTML, like Gecko) coc_coc_browser/63.4.154 Chrome/57.4.2987.154 Safari/537.36","accept":"text/html,application/xhtml+xml,application/xml;q=0.9,image/webp,*/*;q=0.8","accept-encoding":"gzip, deflate, sdch, br","accept-language":"vi-VN,vi;q=0.8,fr-FR;q=0.6,fr;q=0.4,en-US;q=0.2,en;q=0.2","cookie":"_ga=GA1.1.1627206596.1495003441; PHPSESSID=7bt05ou7uildhggbo7tm82l076; rock_format=json; sails.sid=s%3A9TI8bS6tEbT8B_on9ju1Td8rrGms_e4U.TlCa9eQfQ9LX4ufQcmHqx0xBWQ03a1BBuMWh%2FQtXJsA","if-none-match":"W/\"43f-PUGoE9yl+S0onRlUT3Ea1A\"","client_ip":"::1"}},"message":"INVALID_REQUEST"}
======================
TIME: 2017-05-25 13:57:09
PARAMS: undefined
HEADERS: {"host":"localhost:1337","connection":"keep-alive","cache-control":"max-age=0","upgrade-insecure-requests":"1","user-agent":"Mozilla/5.0 (Windows NT 6.1; WOW64) AppleWebKit/537.36 (KHTML, like Gecko) coc_coc_browser/63.4.154 Chrome/57.4.2987.154 Safari/537.36","accept":"text/html,application/xhtml+xml,application/xml;q=0.9,image/webp,*/*;q=0.8","accept-encoding":"gzip, deflate, sdch, br","accept-language":"vi-VN,vi;q=0.8,fr-FR;q=0.6,fr;q=0.4,en-US;q=0.2,en;q=0.2","cookie":"_ga=GA1.1.1627206596.1495003441; PHPSESSID=7bt05ou7uildhggbo7tm82l076; rock_format=json; sails.sid=s%3Ay4odsTvd7L3fK1mkCDQ5CrMW3nhvK6kV.YKKqhKTnIEQkw7tiW1z7kE7PYV3F9jeLbvUYA%2Fda4k4","if-none-match":"W/\"43f-qwCyFWXt4Lgm/aoBULAuZA\"","client_ip":"::1"}
RESPONSE: {"code":101,"desc":"INVALID_REQUEST","data":{"params":{"account_id":"228585360","app":"insight","otp":"345804","token":"c99b954ccf1613d44c9549e2f0451336"}},"message":"INVALID_REQUEST"}
======================
TIME: 2017-05-25 13:57:43
PARAMS: undefined
HEADERS: {"host":"localhost:1337","connection":"keep-alive","cache-control":"max-age=0","upgrade-insecure-requests":"1","user-agent":"Mozilla/5.0 (Windows NT 6.1; WOW64) AppleWebKit/537.36 (KHTML, like Gecko) coc_coc_browser/63.4.154 Chrome/57.4.2987.154 Safari/537.36","accept":"text/html,application/xhtml+xml,application/xml;q=0.9,image/webp,*/*;q=0.8","accept-encoding":"gzip, deflate, sdch, br","accept-language":"vi-VN,vi;q=0.8,fr-FR;q=0.6,fr;q=0.4,en-US;q=0.2,en;q=0.2","cookie":"_ga=GA1.1.1627206596.1495003441; PHPSESSID=7bt05ou7uildhggbo7tm82l076; rock_format=json; sails.sid=s%3A71bUbldBrN3Znlwz97gn0LOOYclyyfeH.azNgAtZAVCSgoltadMUwXU%2BruwKMqs12s638XxLPxsI","if-none-match":"W/\"f7-zoAAC/B5DjZ1slGg7n+t+A\"","client_ip":"::1"}
RESPONSE: {"code":101,"desc":"INVALID_REQUEST","data":{"params":{"account_id":"228585360","app":"insight","otp":"345804","token":"c99b954ccf1613d44c9549e2f0451336"}},"message":"INVALID_REQUEST"}
======================
TIME: 2017-05-25 13:58:04
PARAMS: undefined
HEADERS: {"host":"localhost:1337","connection":"keep-alive","cache-control":"max-age=0","upgrade-insecure-requests":"1","user-agent":"Mozilla/5.0 (Windows NT 6.1; WOW64) AppleWebKit/537.36 (KHTML, like Gecko) coc_coc_browser/63.4.154 Chrome/57.4.2987.154 Safari/537.36","accept":"text/html,application/xhtml+xml,application/xml;q=0.9,image/webp,*/*;q=0.8","accept-encoding":"gzip, deflate, sdch, br","accept-language":"vi-VN,vi;q=0.8,fr-FR;q=0.6,fr;q=0.4,en-US;q=0.2,en;q=0.2","cookie":"_ga=GA1.1.1627206596.1495003441; PHPSESSID=7bt05ou7uildhggbo7tm82l076; rock_format=json; sails.sid=s%3A71bUbldBrN3Znlwz97gn0LOOYclyyfeH.azNgAtZAVCSgoltadMUwXU%2BruwKMqs12s638XxLPxsI","client_ip":"::1"}
RESPONSE: {"code":100,"desc":"INVALID_REQUEST1","data":{"params":{"account_id":"228585360","app":"insight","otp":"345804","token":"c99b954ccf1613d44c9549e2f0451336"}}}
======================
TIME: 2017-05-25 13:59:09
PARAMS: undefined
HEADERS: {"host":"localhost:1337","connection":"keep-alive","cache-control":"max-age=0","upgrade-insecure-requests":"1","user-agent":"Mozilla/5.0 (Windows NT 6.1; WOW64) AppleWebKit/537.36 (KHTML, like Gecko) coc_coc_browser/63.4.154 Chrome/57.4.2987.154 Safari/537.36","accept":"text/html,application/xhtml+xml,application/xml;q=0.9,image/webp,*/*;q=0.8","accept-encoding":"gzip, deflate, sdch, br","accept-language":"vi-VN,vi;q=0.8,fr-FR;q=0.6,fr;q=0.4,en-US;q=0.2,en;q=0.2","cookie":"_ga=GA1.1.1627206596.1495003441; PHPSESSID=7bt05ou7uildhggbo7tm82l076; rock_format=json; sails.sid=s%3A0jlttzq8jGm508s8nBmm85MKQ4f6rjda.rWeF4txjUpTtYt7oMfhVF4ckmuUmoLsJdpi%2BSVzX2so","if-none-match":"W/\"d8-MjxMPKaUcq1nf+R4Uy7xvg\"","client_ip":"::1"}
RESPONSE: {"code":100,"desc":"INVALID_REQUEST1","data":{"params":{"account_id":"228585360","app":"insight","otp":"345804","token":"c99b954ccf1613d44c9549e2f0451336"}}}
======================
TIME: 2017-05-25 13:59:20
PARAMS: undefined
HEADERS: {"host":"localhost:1337","connection":"keep-alive","cache-control":"max-age=0","upgrade-insecure-requests":"1","user-agent":"Mozilla/5.0 (Windows NT 6.1; WOW64) AppleWebKit/537.36 (KHTML, like Gecko) coc_coc_browser/63.4.154 Chrome/57.4.2987.154 Safari/537.36","accept":"text/html,application/xhtml+xml,application/xml;q=0.9,image/webp,*/*;q=0.8","accept-encoding":"gzip, deflate, sdch, br","accept-language":"vi-VN,vi;q=0.8,fr-FR;q=0.6,fr;q=0.4,en-US;q=0.2,en;q=0.2","cookie":"_ga=GA1.1.1627206596.1495003441; PHPSESSID=7bt05ou7uildhggbo7tm82l076; rock_format=json; sails.sid=s%3AV3ydHtQY61XnDbaBfGhEkyLaZeDHybcH.5Dy47E13QxDWSu4rSOVmFTiU5wAPr2edmhpMa9QwAMc","if-none-match":"W/\"d8-MjxMPKaUcq1nf+R4Uy7xvg\"","client_ip":"::ffff:127.0.0.1"}
RESPONSE: {"code":100,"desc":"INVALID_REQUEST1","data":{"params":{"account_id":"228585360","app":"insight","otp":"345804","token":"c99b954ccf1613d44c9549e2f0451336"}}}
======================
