URL
/web/authorize?q=DjEjbZFHOkpYHZ4vl6E6Z3IpuhJfg1JY7OGmQrYRnkByjVnzTT68gLsV6jno7Hju2J5SmBAhk6V3eyF1Xc1R977FZcFzgf%2FFp85dejZDmbq9ZwXPe0dMPSw7QhaXgeCoyFDqGbw%2BaOBh7Mo6LHmp0V1WK2gtNMViRlcsfKs%2Ft5u%2FqqfeDUv8RKCtmww6G27mWv%2BSw5ouXX63SHyzIqQqlFu9cSsX2zoCdnhSG40KA%2FVW9H8%2FoiE0Cc%2B7dEAhIyvrAdAFNhsCpoJG0zKisNYU31Y6gp5S5tRZddNt6kkNCqxF3ivmnoq0kw%3D%3D
======================
TIME: 2017-05-30 09:53:11
PARAMS: undefined
HEADERS: {"host":"localhost:1337","connection":"keep-alive","upgrade-insecure-requests":"1","user-agent":"Mozilla/5.0 (Windows NT 6.1; WOW64) AppleWebKit/537.36 (KHTML, like Gecko) coc_coc_browser/63.4.154 Chrome/57.4.2987.154 Safari/537.36","accept":"text/html,application/xhtml+xml,application/xml;q=0.9,image/webp,*/*;q=0.8","accept-encoding":"gzip, deflate, sdch, br","accept-language":"vi-VN,vi;q=0.8,fr-FR;q=0.6,fr;q=0.4,en-US;q=0.2,en;q=0.2","cookie":"_ga=GA1.1.1627206596.1495003441; PHPSESSID=7bt05ou7uildhggbo7tm82l076; sails.sid=s%3A2uppPrd2_xQ3D820PQsik3nbGugvIHkZ.CnaMtLYnafZnFsyLBfhu23qOl0Oj%2B3Y7eQN1CUtPrts; rock_format=json","client_ip":"::1"}
RESPONSE: {"code":101,"desc":"INVALID_REQUEST","data":{"params":{"q":"DjEjbZFHOkpYHZ4vl6E6Z3IpuhJfg1JY7OGmQrYRnkByjVnzTT68gLsV6jno7Hju2J5SmBAhk6V3eyF1Xc1R977FZcFzgf/Fp85dejZDmbq9ZwXPe0dMPSw7QhaXgeCoyFDqGbw+aOBh7Mo6LHmp0V1WK2gtNMViRlcsfKs/t5u/qqfeDUv8RKCtmww6G27mWv+Sw5ouXX63SHyzIqQqlFu9cSsX2zoCdnhSG40KA/VW9H8/oiE0Cc+7dEAhIyvrAdAFNhsCpoJG0zKisNYU31Y6gp5S5tRZddNt6kkNCqxF3ivmnoq0kw=="},"headers":{"host":"localhost:1337","connection":"keep-alive","upgrade-insecure-requests":"1","user-agent":"Mozilla/5.0 (Windows NT 6.1; WOW64) AppleWebKit/537.36 (KHTML, like Gecko) coc_coc_browser/63.4.154 Chrome/57.4.2987.154 Safari/537.36","accept":"text/html,application/xhtml+xml,application/xml;q=0.9,image/webp,*/*;q=0.8","accept-encoding":"gzip, deflate, sdch, br","accept-language":"vi-VN,vi;q=0.8,fr-FR;q=0.6,fr;q=0.4,en-US;q=0.2,en;q=0.2","cookie":"_ga=GA1.1.1627206596.1495003441; PHPSESSID=7bt05ou7uildhggbo7tm82l076; sails.sid=s%3A2uppPrd2_xQ3D820PQsik3nbGugvIHkZ.CnaMtLYnafZnFsyLBfhu23qOl0Oj%2B3Y7eQN1CUtPrts; rock_format=json","client_ip":"::1"}},"message":"INVALID_REQUEST"}
======================
URL
/web/authorize?q=DjEjbZFHOkpYHZ4vl6E6Z3IpuhJfg1JY7OGmQrYRnkByjVnzTT68gLsV6jno7Hju2J5SmBAhk6V3eyF1Xc1R977FZcFzgf%2FFp85dejZDmbq9ZwXPe0dMPSw7QhaXgeCoyFDqGbw%2BaOBh7Mo6LHmp0V1WK2gtNMViRlcsfKs%2Ft5u%2FqqfeDUv8RKCtmww6G27mWv%2BSw5ouXX63SHyzIqQqlFu9cSsX2zoCdnhSG40KA%2FVW9H8%2FoiE0Cc%2B7dEAhIyvrAdAFNhsCpoJG0zKisNYU31Y6gp5S5tRZddNt6kkNCqxF3ivmnoq0kw%3D%3D&otp=781552&app=10000&token=30a923377fc39ba0a895c1475a2f5f46
======================
TIME: 2017-05-30 09:54:47
PARAMS: undefined
HEADERS: {"host":"localhost:1337","connection":"keep-alive","upgrade-insecure-requests":"1","user-agent":"Mozilla/5.0 (Windows NT 6.1; WOW64) AppleWebKit/537.36 (KHTML, like Gecko) coc_coc_browser/63.4.154 Chrome/57.4.2987.154 Safari/537.36","accept":"text/html,application/xhtml+xml,application/xml;q=0.9,image/webp,*/*;q=0.8","accept-encoding":"gzip, deflate, sdch, br","accept-language":"vi-VN,vi;q=0.8,fr-FR;q=0.6,fr;q=0.4,en-US;q=0.2,en;q=0.2","cookie":"_ga=GA1.1.1627206596.1495003441; PHPSESSID=7bt05ou7uildhggbo7tm82l076; rock_format=json; sails.sid=s%3AmHc7j953-CArZkYA8P-pAFyL-EwdGDhv.WO9YAEshvOnHtYgM0bvOEosI4ZvEbLprFoB9bLbKTNY","client_ip":"::1"}
RESPONSE: {"code":101,"desc":"INVALID_REQUEST","data":{"params":{"q":"DjEjbZFHOkpYHZ4vl6E6Z3IpuhJfg1JY7OGmQrYRnkByjVnzTT68gLsV6jno7Hju2J5SmBAhk6V3eyF1Xc1R977FZcFzgf/Fp85dejZDmbq9ZwXPe0dMPSw7QhaXgeCoyFDqGbw+aOBh7Mo6LHmp0V1WK2gtNMViRlcsfKs/t5u/qqfeDUv8RKCtmww6G27mWv+Sw5ouXX63SHyzIqQqlFu9cSsX2zoCdnhSG40KA/VW9H8/oiE0Cc+7dEAhIyvrAdAFNhsCpoJG0zKisNYU31Y6gp5S5tRZddNt6kkNCqxF3ivmnoq0kw==","otp":"781552","app":"10000","token":"30a923377fc39ba0a895c1475a2f5f46"},"headers":{"host":"localhost:1337","connection":"keep-alive","upgrade-insecure-requests":"1","user-agent":"Mozilla/5.0 (Windows NT 6.1; WOW64) AppleWebKit/537.36 (KHTML, like Gecko) coc_coc_browser/63.4.154 Chrome/57.4.2987.154 Safari/537.36","accept":"text/html,application/xhtml+xml,application/xml;q=0.9,image/webp,*/*;q=0.8","accept-encoding":"gzip, deflate, sdch, br","accept-language":"vi-VN,vi;q=0.8,fr-FR;q=0.6,fr;q=0.4,en-US;q=0.2,en;q=0.2","cookie":"_ga=GA1.1.1627206596.1495003441; PHPSESSID=7bt05ou7uildhggbo7tm82l076; rock_format=json; sails.sid=s%3AmHc7j953-CArZkYA8P-pAFyL-EwdGDhv.WO9YAEshvOnHtYgM0bvOEosI4ZvEbLprFoB9bLbKTNY","client_ip":"::1"}},"message":"INVALID_REQUEST"}
======================
URL
/web/authorize?q=DjEjbZFHOkpYHZ4vl6E6Z3IpuhJfg1JY7OGmQrYRnkByjVnzTT68gLsV6jno7Hju2J5SmBAhk6V3eyF1Xc1R977FZcFzgf%2FFp85dejZDmbq9ZwXPe0dMPSw7QhaXgeCoyFDqGbw%2BaOBh7Mo6LHmp0V1WK2gtNMViRlcsfKs%2Ft5u%2FqqfeDUv8RKCtmww6G27mWv%2BSw5ouXX63SHyzIqQqlFu9cSsX2zoCdnhSG40KA%2FVW9H8%2FoiE0Cc%2B7dEAhIyvrAdAFNhsCpoJG0zKisNYU31Y6gp5S5tRZddNt6kkNCqxF3ivmnoq0kw%3D%3D&otp=781552&app=10000&token=30a923377fc39ba0a895c1475a2f5f46
======================
TIME: 2017-05-30 09:56:15
PARAMS: {"account":"ngoctugobe","password":"94b8cea57c49a3007225a0c70c475450","user_agent":"Mozilla/5.0 (Windows NT 6.1; WOW64) AppleWebKit/537.36 (KHTML, like Gecko) coc_coc_browser/63.4.154 Chrome/57.4.2987.154 Safari/537.36","app":"10000"}
HEADERS: {"host":"localhost:1337","connection":"keep-alive","cache-control":"max-age=0","upgrade-insecure-requests":"1","user-agent":"Mozilla/5.0 (Windows NT 6.1; WOW64) AppleWebKit/537.36 (KHTML, like Gecko) coc_coc_browser/63.4.154 Chrome/57.4.2987.154 Safari/537.36","accept":"text/html,application/xhtml+xml,application/xml;q=0.9,image/webp,*/*;q=0.8","accept-encoding":"gzip, deflate, sdch, br","accept-language":"vi-VN,vi;q=0.8,fr-FR;q=0.6,fr;q=0.4,en-US;q=0.2,en;q=0.2","cookie":"_ga=GA1.1.1627206596.1495003441; PHPSESSID=7bt05ou7uildhggbo7tm82l076; rock_format=json; sails.sid=s%3AmHc7j953-CArZkYA8P-pAFyL-EwdGDhv.WO9YAEshvOnHtYgM0bvOEosI4ZvEbLprFoB9bLbKTNY","if-none-match":"W/\"502-QGOf6TAPJeZVU92KDYrtnw\"","client_ip":"::1"}
RESPONSE: {"code":100,"desc":"INVALID_TOKEN","data":{"raw":"DjEjbZFHOkpYHZ4vl6E6Z3IpuhJfg1JY7OGmQrYRnkByjVnzTT68gLsV6jno7Hju2J5SmBAhk6V3eyF1Xc1R977FZcFzgf/Fp85dejZDmbq9ZwXPe0dMPSw7QhaXgeCoyFDqGbw+aOBh7Mo6LHmp0V1WK2gtNMViRlcsfKs/t5u/qqfeDUv8RKCtmww6G27mWv+Sw5ouXX63SHyzIqQqlFu9cSsX2zoCdnhSG40KA/VW9H8/oiE0Cc+7dEAhIyvrAdAFNhsCpoJG0zKisNYU31Y6gp5S5tRZddNt6kkNCqxF3ivmnoq0kw==1417302K4ZRMSYM3W3D4YY","validToken":"93302e3311fb9c79648643d8306cd2c8","requesToken":"30a923377fc39ba0a895c1475a2f5f46","otp":"141730","time":1496112975},"message":"INVALID_TOKEN"}
======================
URL
/web/authorize?q=DjEjbZFHOkpYHZ4vl6E6Z3IpuhJfg1JY7OGmQrYRnkByjVnzTT68gLsV6jno7Hju2J5SmBAhk6V3eyF1Xc1R977FZcFzgf%2FFp85dejZDmbq9ZwXPe0dMPSw7QhaXgeCoyFDqGbw%2BaOBh7Mo6LHmp0V1WK2gtNMViRlcsfKs%2Ft5u%2FqqfeDUv8RKCtmww6G27mWv%2BSw5ouXX63SHyzIqQqlFu9cSsX2zoCdnhSG40KA%2FVW9H8%2FoiE0Cc%2B7dEAhIyvrAdAFNhsCpoJG0zKisNYU31Y6gp5S5tRZddNt6kkNCqxF3ivmnoq0kw%3D%3D&otp=781552&app=10000&token=30a923377fc39ba0a895c1475a2f5f46
======================
TIME: 2017-05-30 09:57:18
PARAMS: {"account":"ngoctugobe","password":"94b8cea57c49a3007225a0c70c475450","user_agent":"Mozilla/5.0 (Windows NT 6.1; WOW64) AppleWebKit/537.36 (KHTML, like Gecko) coc_coc_browser/63.4.154 Chrome/57.4.2987.154 Safari/537.36","app":"10000"}
HEADERS: {"host":"localhost:1337","connection":"keep-alive","cache-control":"max-age=0","upgrade-insecure-requests":"1","user-agent":"Mozilla/5.0 (Windows NT 6.1; WOW64) AppleWebKit/537.36 (KHTML, like Gecko) coc_coc_browser/63.4.154 Chrome/57.4.2987.154 Safari/537.36","accept":"text/html,application/xhtml+xml,application/xml;q=0.9,image/webp,*/*;q=0.8","accept-encoding":"gzip, deflate, sdch, br","accept-language":"vi-VN,vi;q=0.8,fr-FR;q=0.6,fr;q=0.4,en-US;q=0.2,en;q=0.2","cookie":"_ga=GA1.1.1627206596.1495003441; PHPSESSID=7bt05ou7uildhggbo7tm82l076; rock_format=json; sails.sid=s%3AR0sfXt6Ex0CswaRuRRqzYdMJTqzTG8e8.zMHJtTIGHYy1Lo3ROI0SGvU4102%2BTlk9t856pksXkOI","if-none-match":"W/\"251-oEsJMua/K/vKiG2YEg9nCQ\"","client_ip":"::1"}
RESPONSE: {"code":500000,"desc":"AUTHORIZE_SUCCESS","data":{"account_id":664494000,"access_token":"eyJoYXNoIjoiMjYwY2Y4ZTMzNTZiZGI1ZjA5ODE3NWJlMDU5OTkwODYiLCJtc2lfaWQiOiIxMDAwMDE0ODM5NDk3Nzc1NTgyNDQiLCJhY2NvdW50X2lkIjoiMTAwMDAxNDgzOTQ5Nzc3NTU4MjQ0IiwiaWQiOjY2NDQ5NDAwMH0=","type":"default"},"message":"Đăng nhập thành công"}
======================
URL
/web/authorize?q=DjEjbZFHOkpYHZ4vl6E6Z3IpuhJfg1JY7OGmQrYRnkByjVnzTT68gLsV6jno7Hju2J5SmBAhk6V3eyF1Xc1R977FZcFzgf%2FFp85dejZDmbq9ZwXPe0dMPSw7QhaXgeCoyFDqGbw%2BaOBh7Mo6LHmp0V1WK2gtNMViRlcsfKs%2Ft5u%2FqqfeDUv8RKCtmww6G27mWv%2BSw5ouXX63SHyzIqQqlFu9cSsX2zoCdnhSG40KA%2FVW9H8%2FoiE0Cc%2B7dEAhIyvrAdAFNhsCpoJG0zKisNYU31Y6gp5S5tRZddNt6kkNCqxF3ivmnoq0kw%3D%3D&otp=781552&app=10000&token=30a923377fc39ba0a895c1475a2f5f46
======================
TIME: 2017-05-30 09:57:58
PARAMS: {"account":"ngoctugobe","password":"94b8cea57c49a3007225a0c70c475450","user_agent":"Mozilla/5.0 (Windows NT 6.1; WOW64) AppleWebKit/537.36 (KHTML, like Gecko) coc_coc_browser/63.4.154 Chrome/57.4.2987.154 Safari/537.36","app":"10000"}
HEADERS: {"host":"localhost:1337","connection":"keep-alive","cache-control":"max-age=0","upgrade-insecure-requests":"1","user-agent":"Mozilla/5.0 (Windows NT 6.1; WOW64) AppleWebKit/537.36 (KHTML, like Gecko) coc_coc_browser/63.4.154 Chrome/57.4.2987.154 Safari/537.36","accept":"text/html,application/xhtml+xml,application/xml;q=0.9,image/webp,*/*;q=0.8","accept-encoding":"gzip, deflate, sdch, br","accept-language":"vi-VN,vi;q=0.8,fr-FR;q=0.6,fr;q=0.4,en-US;q=0.2,en;q=0.2","cookie":"_ga=GA1.1.1627206596.1495003441; PHPSESSID=7bt05ou7uildhggbo7tm82l076; rock_format=json; sails.sid=s%3AVuZOGelPGqLOFz2blkBEu_r0RJtNfgNB.BA7L3ixRTY%2BXmA4oLjM9t%2Bxfwz7BYNLzi%2BqttSwh1qc","if-none-match":"W/\"166-cCDI8slXlnMoTa1BtygNyQ\"","client_ip":"::1"}
RESPONSE: {"code":500000,"desc":"AUTHORIZE_SUCCESS","data":{"account_id":664494000,"access_token":"eyJoYXNoIjoiYmMzMDA5MTEyOWU0MmU0ZmE2ZjliMzY3OTc3NzE0MWQiLCJtc2lfaWQiOiIxMDAwMDE0ODM5NDk3Nzc1NTgyNDQiLCJhY2NvdW50X2lkIjoiMTAwMDAxNDgzOTQ5Nzc3NTU4MjQ0IiwiaWQiOjY2NDQ5NDAwMH0=","type":"default"},"message":"Đăng nhập thành công"}
======================
