TIME: 2017-05-30 19:06:46
PARAMS: {"account_id":"622826840","otp":"235488","app":"insight","token":"2156c5ae3a5a19fe437160016b1eda05"}
HEADERS: {"host":"localhost:1337","connection":"keep-alive","cache-control":"max-age=0","upgrade-insecure-requests":"1","user-agent":"Mozilla/5.0 (Windows NT 6.1; WOW64) AppleWebKit/537.36 (KHTML, like Gecko) coc_coc_browser/63.4.154 Chrome/57.4.2987.154 Safari/537.36","accept":"text/html,application/xhtml+xml,application/xml;q=0.9,image/webp,*/*;q=0.8","accept-encoding":"gzip, deflate, sdch, br","accept-language":"vi-VN,vi;q=0.8,fr-FR;q=0.6,fr;q=0.4,en-US;q=0.2,en;q=0.2","cookie":"_ga=GA1.1.1627206596.1495003441; PHPSESSID=7bt05ou7uildhggbo7tm82l076; rock_format=json; sails.sid=s%3ALwvtki1SCJCXh3drV4fO1-dIir4OUAAl.NcM0YusKkwZ81IJ77iTWTtMn483sKkqypwHYZqBCgxI","client_ip":"::ffff:127.0.0.1"}
RESPONSE: {"code":100,"desc":"INVALID_TOKEN","data":{"raw":"[object Object]782688E7I2YXVIADSQXWTI","validToken":"799cbb1ca032e35fdf55498c33cfdb86","requesToken":"2156c5ae3a5a19fe437160016b1eda05","otp":"782688","time":1496146006},"message":"INVALID_TOKEN"}
======================
TIME: 2017-05-30 19:06:51
PARAMS: {"account_id":"622826840","otp":"235488","app":"insight","token":"2156c5ae3a5a19fe437160016b1eda05"}
HEADERS: {"host":"localhost:1337","connection":"keep-alive","cache-control":"max-age=0","upgrade-insecure-requests":"1","user-agent":"Mozilla/5.0 (Windows NT 6.1; WOW64) AppleWebKit/537.36 (KHTML, like Gecko) coc_coc_browser/63.4.154 Chrome/57.4.2987.154 Safari/537.36","accept":"text/html,application/xhtml+xml,application/xml;q=0.9,image/webp,*/*;q=0.8","accept-encoding":"gzip, deflate, sdch, br","accept-language":"vi-VN,vi;q=0.8,fr-FR;q=0.6,fr;q=0.4,en-US;q=0.2,en;q=0.2","cookie":"_ga=GA1.1.1627206596.1495003441; PHPSESSID=7bt05ou7uildhggbo7tm82l076; rock_format=json; sails.sid=s%3A4YhqHiDQOX9BvohrEALR2GGY6mJ_m6ig.9PRjPKl0PrW7vJNCvKHJ5BmVic5kVGQ0YSaFavE%2Bdhc","if-none-match":"W/\"128-/7r6IopOhsTJwnS5104q6w\"","client_ip":"::ffff:127.0.0.1"}
RESPONSE: {"code":100,"desc":"INVALID_TOKEN","data":{"raw":"[object Object]782688E7I2YXVIADSQXWTI","validToken":"799cbb1ca032e35fdf55498c33cfdb86","requesToken":"2156c5ae3a5a19fe437160016b1eda05","otp":"782688","time":1496146011},"message":"INVALID_TOKEN"}
======================
TIME: 2017-05-30 19:09:23
PARAMS: {"account_id":"622826840","otp":"235488","app":"insight","token":"2156c5ae3a5a19fe437160016b1eda05"}
HEADERS: {"host":"localhost:1337","connection":"keep-alive","cache-control":"max-age=0","upgrade-insecure-requests":"1","user-agent":"Mozilla/5.0 (Windows NT 6.1; WOW64) AppleWebKit/537.36 (KHTML, like Gecko) coc_coc_browser/63.4.154 Chrome/57.4.2987.154 Safari/537.36","accept":"text/html,application/xhtml+xml,application/xml;q=0.9,image/webp,*/*;q=0.8","accept-encoding":"gzip, deflate, sdch, br","accept-language":"vi-VN,vi;q=0.8,fr-FR;q=0.6,fr;q=0.4,en-US;q=0.2,en;q=0.2","cookie":"_ga=GA1.1.1627206596.1495003441; PHPSESSID=7bt05ou7uildhggbo7tm82l076; rock_format=json; sails.sid=s%3A4YhqHiDQOX9BvohrEALR2GGY6mJ_m6ig.9PRjPKl0PrW7vJNCvKHJ5BmVic5kVGQ0YSaFavE%2Bdhc","if-none-match":"W/\"128-F5huyM4DxATJLsnO7MUp3w\"","client_ip":"::1"}
RESPONSE: {"code":100,"desc":"INVALID_TOKEN","data":{"raw":"[object Object]235135E7I2YXVIADSQXWTI","validToken":"ce5b70b27317b244138cc167077e4263","requesToken":"2156c5ae3a5a19fe437160016b1eda05","otp":"235135","time":1496146163},"message":"INVALID_TOKEN"}
======================
TIME: 2017-05-30 19:11:18
PARAMS: {"account_id":"622826840"}
HEADERS: {"host":"localhost:1337","connection":"keep-alive","cache-control":"max-age=0","upgrade-insecure-requests":"1","user-agent":"Mozilla/5.0 (Windows NT 6.1; WOW64) AppleWebKit/537.36 (KHTML, like Gecko) coc_coc_browser/63.4.154 Chrome/57.4.2987.154 Safari/537.36","accept":"text/html,application/xhtml+xml,application/xml;q=0.9,image/webp,*/*;q=0.8","accept-encoding":"gzip, deflate, sdch, br","accept-language":"vi-VN,vi;q=0.8,fr-FR;q=0.6,fr;q=0.4,en-US;q=0.2,en;q=0.2","cookie":"_ga=GA1.1.1627206596.1495003441; PHPSESSID=7bt05ou7uildhggbo7tm82l076; rock_format=json; sails.sid=s%3AbKz6pM934ocHPETRBpP8JYK80He9DxLk.%2BqpFEwv2gNW%2F6deIVdnt4Xw0Gl5T0yshkwV%2BreYixEY","if-none-match":"W/\"128-J5a1EQ3Kfv51rjQ6QstGxA\"","client_ip":"::1"}
RESPONSE: {"code":100,"desc":"INVALID_TOKEN","data":{"raw":"622826840617463E7I2YXVIADSQXWTI","validToken":"b930a8a65413d8777daa6b3a1b4808fc","otp":"617463","time":1496146278},"message":"INVALID_TOKEN"}
======================
TIME: 2017-05-30 19:11:36
PARAMS: {"account_id":"622826840"}
HEADERS: {"host":"localhost:1337","accept":"*/*","client_ip":"::ffff:127.0.0.1"}
RESPONSE: {"code":100,"desc":"INVALID_TOKEN","data":{"raw":"622826840122612E7I2YXVIADSQXWTI","validToken":"2fdbfdfee738e40bfec9157ef8e0d0b3","otp":"122612","time":1496146296},"message":"INVALID_TOKEN"}
======================
TIME: 2017-05-30 19:11:41
PARAMS: {"account_id":"622826840"}
HEADERS: {"host":"localhost:1337","connection":"keep-alive","upgrade-insecure-requests":"1","user-agent":"Mozilla/5.0 (Windows NT 6.1; WOW64) AppleWebKit/537.36 (KHTML, like Gecko) coc_coc_browser/63.4.154 Chrome/57.4.2987.154 Safari/537.36","accept":"text/html,application/xhtml+xml,application/xml;q=0.9,image/webp,*/*;q=0.8","accept-encoding":"gzip, deflate, sdch, br","accept-language":"vi-VN,vi;q=0.8,fr-FR;q=0.6,fr;q=0.4,en-US;q=0.2,en;q=0.2","cookie":"_ga=GA1.1.1627206596.1495003441; PHPSESSID=7bt05ou7uildhggbo7tm82l076; rock_format=json; sails.sid=s%3AQU8tqXt6JBFKl7970c0I17yVloPO3VGq.04aAkSA7kIz2F93awFuEfVO5HjQIHbt%2F8zWM1IL3%2BfY","client_ip":"::1"}
RESPONSE: {"code":100,"desc":"INVALID_TOKEN","data":{"raw":"622826840122612E7I2YXVIADSQXWTI","validToken":"2fdbfdfee738e40bfec9157ef8e0d0b3","otp":"122612","time":1496146301},"message":"INVALID_TOKEN"}
======================
TIME: 2017-05-30 19:12:53
PARAMS: {"account_id":"622826840"}
HEADERS: {"host":"localhost:1337","connection":"keep-alive","cache-control":"max-age=0","upgrade-insecure-requests":"1","user-agent":"Mozilla/5.0 (Windows NT 6.1; WOW64) AppleWebKit/537.36 (KHTML, like Gecko) coc_coc_browser/63.4.154 Chrome/57.4.2987.154 Safari/537.36","accept":"text/html,application/xhtml+xml,application/xml;q=0.9,image/webp,*/*;q=0.8","accept-encoding":"gzip, deflate, sdch, br","accept-language":"vi-VN,vi;q=0.8,fr-FR;q=0.6,fr;q=0.4,en-US;q=0.2,en;q=0.2","cookie":"_ga=GA1.1.1627206596.1495003441; PHPSESSID=7bt05ou7uildhggbo7tm82l076; rock_format=json; sails.sid=s%3AQU8tqXt6JBFKl7970c0I17yVloPO3VGq.04aAkSA7kIz2F93awFuEfVO5HjQIHbt%2F8zWM1IL3%2BfY","if-none-match":"W/\"eb-sa4yB9u9mTHtk9moEmjLjA\"","client_ip":"::1"}
RESPONSE: {"code":100,"desc":"INVALID_TOKEN","data":{"raw":"622826840272669E7I2YXVIADSQXWTI","validToken":"d114cef3583fec297a03e64fe24afa05","otp":"272669","time":1496146373},"message":"INVALID_TOKEN"}
======================
TIME: 2017-05-30 19:12:56
PARAMS: {"account_id":"622826840"}
HEADERS: {"host":"localhost:1337","accept":"*/*","client_ip":"::ffff:127.0.0.1"}
RESPONSE: {"code":100,"desc":"INVALID_TOKEN","data":{"raw":"622826840272669E7I2YXVIADSQXWTI","validToken":"d114cef3583fec297a03e64fe24afa05","otp":"272669","time":1496146376},"message":"INVALID_TOKEN"}
======================
TIME: 2017-05-30 19:13:00
PARAMS: {"account_id":"622826840"}
HEADERS: {"host":"localhost:1337","connection":"keep-alive","cache-control":"max-age=0","upgrade-insecure-requests":"1","user-agent":"Mozilla/5.0 (Windows NT 6.1; WOW64) AppleWebKit/537.36 (KHTML, like Gecko) coc_coc_browser/63.4.154 Chrome/57.4.2987.154 Safari/537.36","accept":"text/html,application/xhtml+xml,application/xml;q=0.9,image/webp,*/*;q=0.8","accept-encoding":"gzip, deflate, sdch, br","accept-language":"vi-VN,vi;q=0.8,fr-FR;q=0.6,fr;q=0.4,en-US;q=0.2,en;q=0.2","cookie":"_ga=GA1.1.1627206596.1495003441; PHPSESSID=7bt05ou7uildhggbo7tm82l076; rock_format=json; sails.sid=s%3AA3xpoDroN5RSFWsrpMcYLMyeTj1dXFqI.bDfBEK41ASFu8HY39EZu%2Fm%2BkawbZGY%2B%2BgMHewveBdiw","if-none-match":"W/\"eb-/l8tKHbwzwGGmnKZPtjdvw\"","client_ip":"::1"}
RESPONSE: {"code":100,"desc":"INVALID_TOKEN","data":{"raw":"622826840554427E7I2YXVIADSQXWTI","validToken":"0535989ea21d005b3afa92456570bdfa","otp":"554427","time":1496146380},"message":"INVALID_TOKEN"}
======================
TIME: 2017-05-30 19:13:11
PARAMS: {"account_id":"622826840"}
HEADERS: {"host":"localhost:1337","accept":"*/*","client_ip":"::ffff:127.0.0.1"}
RESPONSE: {"code":100,"desc":"INVALID_TOKEN","data":{"raw":"622826840554427E7I2YXVIADSQXWTI","validToken":"0535989ea21d005b3afa92456570bdfa","otp":"554427","time":1496146391},"message":"INVALID_TOKEN"}
======================
TIME: 2017-05-30 19:13:20
PARAMS: {"account_id":"622826840"}
HEADERS: {"host":"localhost:1337","accept":"*/*","client_ip":"::ffff:127.0.0.1"}
RESPONSE: {"code":100,"desc":"INVALID_TOKEN","data":{"raw":"622826840554427E7I2YXVIADSQXWTI","validToken":"0535989ea21d005b3afa92456570bdfa","otp":"554427","time":1496146400},"message":"INVALID_TOKEN"}
======================
TIME: 2017-05-30 19:13:21
PARAMS: {"account_id":"622826840"}
HEADERS: {"host":"localhost:1337","accept":"*/*","client_ip":"::ffff:127.0.0.1"}
RESPONSE: {"code":100,"desc":"INVALID_TOKEN","data":{"raw":"622826840554427E7I2YXVIADSQXWTI","validToken":"0535989ea21d005b3afa92456570bdfa","otp":"554427","time":1496146401},"message":"INVALID_TOKEN"}
======================
TIME: 2017-05-30 19:13:22
PARAMS: {"account_id":"622826840"}
HEADERS: {"host":"localhost:1337","accept":"*/*","client_ip":"::ffff:127.0.0.1"}
RESPONSE: {"code":100,"desc":"INVALID_TOKEN","data":{"raw":"622826840554427E7I2YXVIADSQXWTI","validToken":"0535989ea21d005b3afa92456570bdfa","otp":"554427","time":1496146402},"message":"INVALID_TOKEN"}
======================
TIME: 2017-05-30 19:13:58
PARAMS: {"account_id":"622826840"}
HEADERS: {"host":"localhost:1337","accept":"*/*","client_ip":"::ffff:127.0.0.1"}
RESPONSE: {"code":100,"desc":"INVALID_TOKEN","data":{"raw":"622826840864806E7I2YXVIADSQXWTI","validToken":"1f04ded82bcb1a831680e9b35b5f532b","otp":"864806","time":1496146438},"message":"INVALID_TOKEN"}
======================
TIME: 2017-05-30 19:14:02
PARAMS: {"account_id":"622826840"}
HEADERS: {"host":"localhost:1337","accept":"*/*","client_ip":"::ffff:127.0.0.1"}
RESPONSE: {"code":100,"desc":"INVALID_TOKEN","data":{"raw":"622826840253989E7I2YXVIADSQXWTI","validToken":"4ee236fabf42a8471efdb67da17474b9","otp":"253989","time":1496146442},"message":"INVALID_TOKEN"}
======================
TIME: 2017-05-30 19:14:03
PARAMS: {"account_id":"622826840"}
HEADERS: {"host":"localhost:1337","accept":"*/*","client_ip":"::ffff:127.0.0.1"}
RESPONSE: {"code":100,"desc":"INVALID_TOKEN","data":{"raw":"622826840253989E7I2YXVIADSQXWTI","validToken":"4ee236fabf42a8471efdb67da17474b9","otp":"253989","time":1496146443},"message":"INVALID_TOKEN"}
======================
TIME: 2017-05-30 19:14:04
PARAMS: {"account_id":"622826840"}
HEADERS: {"host":"localhost:1337","accept":"*/*","client_ip":"::ffff:127.0.0.1"}
RESPONSE: {"code":100,"desc":"INVALID_TOKEN","data":{"raw":"622826840253989E7I2YXVIADSQXWTI","validToken":"4ee236fabf42a8471efdb67da17474b9","otp":"253989","time":1496146444},"message":"INVALID_TOKEN"}
======================
TIME: 2017-05-30 19:14:06
PARAMS: {"account_id":"622826840"}
HEADERS: {"host":"localhost:1337","accept":"*/*","client_ip":"::ffff:127.0.0.1"}
RESPONSE: {"code":100,"desc":"INVALID_TOKEN","data":{"raw":"622826840253989E7I2YXVIADSQXWTI","validToken":"4ee236fabf42a8471efdb67da17474b9","otp":"253989","time":1496146446},"message":"INVALID_TOKEN"}
======================
TIME: 2017-05-30 19:14:07
PARAMS: {"account_id":"622826840"}
HEADERS: {"host":"localhost:1337","accept":"*/*","client_ip":"::ffff:127.0.0.1"}
RESPONSE: {"code":100,"desc":"INVALID_TOKEN","data":{"raw":"622826840253989E7I2YXVIADSQXWTI","validToken":"4ee236fabf42a8471efdb67da17474b9","otp":"253989","time":1496146447},"message":"INVALID_TOKEN"}
======================
TIME: 2017-05-30 19:14:07
PARAMS: {"account_id":"622826840"}
HEADERS: {"host":"localhost:1337","accept":"*/*","client_ip":"::ffff:127.0.0.1"}
RESPONSE: {"code":100,"desc":"INVALID_TOKEN","data":{"raw":"622826840253989E7I2YXVIADSQXWTI","validToken":"4ee236fabf42a8471efdb67da17474b9","otp":"253989","time":1496146447},"message":"INVALID_TOKEN"}
======================
TIME: 2017-05-30 19:14:08
PARAMS: {"account_id":"622826840"}
HEADERS: {"host":"localhost:1337","accept":"*/*","client_ip":"::ffff:127.0.0.1"}
RESPONSE: {"code":100,"desc":"INVALID_TOKEN","data":{"raw":"622826840253989E7I2YXVIADSQXWTI","validToken":"4ee236fabf42a8471efdb67da17474b9","otp":"253989","time":1496146448},"message":"INVALID_TOKEN"}
======================
TIME: 2017-05-30 19:14:09
PARAMS: {"account_id":"622826840"}
HEADERS: {"host":"localhost:1337","accept":"*/*","client_ip":"::ffff:127.0.0.1"}
RESPONSE: {"code":100,"desc":"INVALID_TOKEN","data":{"raw":"622826840253989E7I2YXVIADSQXWTI","validToken":"4ee236fabf42a8471efdb67da17474b9","otp":"253989","time":1496146449},"message":"INVALID_TOKEN"}
======================
TIME: 2017-05-30 19:14:10
PARAMS: {"account_id":"622826840"}
HEADERS: {"host":"localhost:1337","accept":"*/*","client_ip":"::ffff:127.0.0.1"}
RESPONSE: {"code":100,"desc":"INVALID_TOKEN","data":{"raw":"622826840253989E7I2YXVIADSQXWTI","validToken":"4ee236fabf42a8471efdb67da17474b9","otp":"253989","time":1496146450},"message":"INVALID_TOKEN"}
======================
TIME: 2017-05-30 19:14:11
PARAMS: {"account_id":"622826840"}
HEADERS: {"host":"localhost:1337","accept":"*/*","client_ip":"::ffff:127.0.0.1"}
RESPONSE: {"code":100,"desc":"INVALID_TOKEN","data":{"raw":"622826840253989E7I2YXVIADSQXWTI","validToken":"4ee236fabf42a8471efdb67da17474b9","otp":"253989","time":1496146451},"message":"INVALID_TOKEN"}
======================
TIME: 2017-05-30 19:14:12
PARAMS: {"account_id":"622826840"}
HEADERS: {"host":"localhost:1337","accept":"*/*","client_ip":"::ffff:127.0.0.1"}
RESPONSE: {"code":100,"desc":"INVALID_TOKEN","data":{"raw":"622826840253989E7I2YXVIADSQXWTI","validToken":"4ee236fabf42a8471efdb67da17474b9","otp":"253989","time":1496146452},"message":"INVALID_TOKEN"}
======================
TIME: 2017-05-30 19:14:13
PARAMS: {"account_id":"622826840"}
HEADERS: {"host":"localhost:1337","accept":"*/*","client_ip":"::ffff:127.0.0.1"}
RESPONSE: {"code":100,"desc":"INVALID_TOKEN","data":{"raw":"622826840253989E7I2YXVIADSQXWTI","validToken":"4ee236fabf42a8471efdb67da17474b9","otp":"253989","time":1496146453},"message":"INVALID_TOKEN"}
======================
TIME: 2017-05-30 19:14:14
PARAMS: {"account_id":"622826840"}
HEADERS: {"host":"localhost:1337","accept":"*/*","client_ip":"::ffff:127.0.0.1"}
RESPONSE: {"code":100,"desc":"INVALID_TOKEN","data":{"raw":"622826840253989E7I2YXVIADSQXWTI","validToken":"4ee236fabf42a8471efdb67da17474b9","otp":"253989","time":1496146454},"message":"INVALID_TOKEN"}
======================
TIME: 2017-05-30 19:15:41
PARAMS: {"account_id":"622826840"}
HEADERS: {"host":"localhost:1337","accept":"*/*","client_ip":"::ffff:127.0.0.1"}
RESPONSE: {"code":100,"desc":"INVALID_TOKEN","data":{"raw":"622826840809576E7I2YXVIADSQXWTI","validToken":"56739880adb4384656b84b6eba761494","otp":"809576","time":1496146541},"message":"INVALID_TOKEN"}
======================
TIME: 2017-05-30 19:15:47
PARAMS: {"account_id":"622826840"}
HEADERS: {"host":"localhost:1337","accept":"*/*","client_ip":"::ffff:127.0.0.1"}
RESPONSE: {"code":100,"desc":"INVALID_TOKEN","data":{"raw":"622826840809576E7I2YXVIADSQXWTI","validToken":"56739880adb4384656b84b6eba761494","otp":"809576","time":1496146547},"message":"INVALID_TOKEN"}
======================
TIME: 2017-05-30 19:15:48
PARAMS: {"account_id":"622826840"}
HEADERS: {"host":"localhost:1337","accept":"*/*","client_ip":"::ffff:127.0.0.1"}
RESPONSE: {"code":100,"desc":"INVALID_TOKEN","data":{"raw":"622826840809576E7I2YXVIADSQXWTI","validToken":"56739880adb4384656b84b6eba761494","otp":"809576","time":1496146548},"message":"INVALID_TOKEN"}
======================
TIME: 2017-05-30 19:15:49
PARAMS: {"account_id":"622826840"}
HEADERS: {"host":"localhost:1337","accept":"*/*","client_ip":"::ffff:127.0.0.1"}
RESPONSE: {"code":100,"desc":"INVALID_TOKEN","data":{"raw":"622826840809576E7I2YXVIADSQXWTI","validToken":"56739880adb4384656b84b6eba761494","otp":"809576","time":1496146549},"message":"INVALID_TOKEN"}
======================
TIME: 2017-05-30 19:15:50
PARAMS: {"account_id":"622826840"}
HEADERS: {"host":"localhost:1337","accept":"*/*","client_ip":"::ffff:127.0.0.1"}
RESPONSE: {"code":100,"desc":"INVALID_TOKEN","data":{"raw":"622826840809576E7I2YXVIADSQXWTI","validToken":"56739880adb4384656b84b6eba761494","otp":"809576","time":1496146550},"message":"INVALID_TOKEN"}
======================
TIME: 2017-05-30 19:16:03
PARAMS: {"account_id":"622826840"}
HEADERS: {"host":"localhost:1337","accept":"*/*","client_ip":"::ffff:127.0.0.1"}
RESPONSE: {"code":100,"desc":"INVALID_TOKEN","data":{"raw":"622826840232699E7I2YXVIADSQXWTI","validToken":"2fdeeb97b80ac879cd0506b93913c517","otp":"232699","time":1496146563},"message":"INVALID_TOKEN"}
======================
TIME: 2017-05-30 19:16:05
PARAMS: {"account_id":"622826840"}
HEADERS: {"host":"localhost:1337","accept":"*/*","client_ip":"::ffff:127.0.0.1"}
RESPONSE: {"code":100,"desc":"INVALID_TOKEN","data":{"raw":"622826840232699E7I2YXVIADSQXWTI","validToken":"2fdeeb97b80ac879cd0506b93913c517","otp":"232699","time":1496146565},"message":"INVALID_TOKEN"}
======================
TIME: 2017-05-30 19:16:06
PARAMS: {"account_id":"622826840"}
HEADERS: {"host":"localhost:1337","accept":"*/*","client_ip":"::ffff:127.0.0.1"}
RESPONSE: {"code":100,"desc":"INVALID_TOKEN","data":{"raw":"622826840232699E7I2YXVIADSQXWTI","validToken":"2fdeeb97b80ac879cd0506b93913c517","otp":"232699","time":1496146566},"message":"INVALID_TOKEN"}
======================
TIME: 2017-05-30 19:16:06
PARAMS: {"account_id":"622826840"}
HEADERS: {"host":"localhost:1337","accept":"*/*","client_ip":"::ffff:127.0.0.1"}
RESPONSE: {"code":100,"desc":"INVALID_TOKEN","data":{"raw":"622826840232699E7I2YXVIADSQXWTI","validToken":"2fdeeb97b80ac879cd0506b93913c517","otp":"232699","time":1496146566},"message":"INVALID_TOKEN"}
======================
TIME: 2017-05-30 19:16:07
PARAMS: {"account_id":"622826840"}
HEADERS: {"host":"localhost:1337","accept":"*/*","client_ip":"::ffff:127.0.0.1"}
RESPONSE: {"code":100,"desc":"INVALID_TOKEN","data":{"raw":"622826840232699E7I2YXVIADSQXWTI","validToken":"2fdeeb97b80ac879cd0506b93913c517","otp":"232699","time":1496146567},"message":"INVALID_TOKEN"}
======================
TIME: 2017-05-30 19:16:09
PARAMS: {"account_id":"622826840"}
HEADERS: {"host":"localhost:1337","accept":"*/*","client_ip":"::ffff:127.0.0.1"}
RESPONSE: {"code":100,"desc":"INVALID_TOKEN","data":{"raw":"622826840232699E7I2YXVIADSQXWTI","validToken":"2fdeeb97b80ac879cd0506b93913c517","otp":"232699","time":1496146569},"message":"INVALID_TOKEN"}
======================
TIME: 2017-05-30 19:16:11
PARAMS: {"account_id":"622826840"}
HEADERS: {"host":"localhost:1337","accept":"*/*","client_ip":"::ffff:127.0.0.1"}
RESPONSE: {"code":100,"desc":"INVALID_TOKEN","data":{"raw":"622826840232699E7I2YXVIADSQXWTI","validToken":"2fdeeb97b80ac879cd0506b93913c517","otp":"232699","time":1496146571},"message":"INVALID_TOKEN"}
======================
TIME: 2017-05-30 19:16:13
PARAMS: {"account_id":"622826840"}
HEADERS: {"host":"localhost:1337","accept":"*/*","client_ip":"::ffff:127.0.0.1"}
RESPONSE: {"code":100,"desc":"INVALID_TOKEN","data":{"raw":"622826840232699E7I2YXVIADSQXWTI","validToken":"2fdeeb97b80ac879cd0506b93913c517","otp":"232699","time":1496146573},"message":"INVALID_TOKEN"}
======================
TIME: 2017-05-30 19:16:14
PARAMS: {"account_id":"622826840"}
HEADERS: {"host":"localhost:1337","accept":"*/*","client_ip":"::ffff:127.0.0.1"}
RESPONSE: {"code":100,"desc":"INVALID_TOKEN","data":{"raw":"622826840232699E7I2YXVIADSQXWTI","validToken":"2fdeeb97b80ac879cd0506b93913c517","otp":"232699","time":1496146574},"message":"INVALID_TOKEN"}
======================
TIME: 2017-05-30 19:16:47
PARAMS: {"account_id":"622826840"}
HEADERS: {"host":"localhost:1337","accept":"*/*","client_ip":"::ffff:127.0.0.1"}
RESPONSE: {"code":100,"desc":"INVALID_TOKEN","data":{"raw":"622826840919449E7I2YXVIADSQXWTI","validToken":"b1610306e240f9f2fb44daaddd1fc9b1","otp":"919449","time":1496146607},"message":"INVALID_TOKEN"}
======================
TIME: 2017-05-30 19:16:48
PARAMS: {"account_id":"622826840"}
HEADERS: {"host":"localhost:1337","accept":"*/*","client_ip":"::ffff:127.0.0.1"}
RESPONSE: {"code":100,"desc":"INVALID_TOKEN","data":{"raw":"622826840919449E7I2YXVIADSQXWTI","validToken":"b1610306e240f9f2fb44daaddd1fc9b1","otp":"919449","time":1496146608},"message":"INVALID_TOKEN"}
======================
TIME: 2017-05-30 19:16:49
PARAMS: {"account_id":"622826840"}
HEADERS: {"host":"localhost:1337","accept":"*/*","client_ip":"::ffff:127.0.0.1"}
RESPONSE: {"code":100,"desc":"INVALID_TOKEN","data":{"raw":"622826840919449E7I2YXVIADSQXWTI","validToken":"b1610306e240f9f2fb44daaddd1fc9b1","otp":"919449","time":1496146609},"message":"INVALID_TOKEN"}
======================
TIME: 2017-05-30 19:16:50
PARAMS: {"account_id":"622826840"}
HEADERS: {"host":"localhost:1337","accept":"*/*","client_ip":"::ffff:127.0.0.1"}
RESPONSE: {"code":100,"desc":"INVALID_TOKEN","data":{"raw":"622826840919449E7I2YXVIADSQXWTI","validToken":"b1610306e240f9f2fb44daaddd1fc9b1","otp":"919449","time":1496146610},"message":"INVALID_TOKEN"}
======================
TIME: 2017-05-30 19:16:51
PARAMS: {"account_id":"622826840"}
HEADERS: {"host":"localhost:1337","accept":"*/*","client_ip":"::ffff:127.0.0.1"}
RESPONSE: {"code":100,"desc":"INVALID_TOKEN","data":{"raw":"622826840919449E7I2YXVIADSQXWTI","validToken":"b1610306e240f9f2fb44daaddd1fc9b1","otp":"919449","time":1496146611},"message":"INVALID_TOKEN"}
======================
TIME: 2017-05-30 19:16:51
PARAMS: {"account_id":"622826840"}
HEADERS: {"host":"localhost:1337","accept":"*/*","client_ip":"::ffff:127.0.0.1"}
RESPONSE: {"code":100,"desc":"INVALID_TOKEN","data":{"raw":"622826840919449E7I2YXVIADSQXWTI","validToken":"b1610306e240f9f2fb44daaddd1fc9b1","otp":"919449","time":1496146611},"message":"INVALID_TOKEN"}
======================
TIME: 2017-05-30 19:16:52
PARAMS: {"account_id":"622826840"}
HEADERS: {"host":"localhost:1337","accept":"*/*","client_ip":"::ffff:127.0.0.1"}
RESPONSE: {"code":100,"desc":"INVALID_TOKEN","data":{"raw":"622826840919449E7I2YXVIADSQXWTI","validToken":"b1610306e240f9f2fb44daaddd1fc9b1","otp":"919449","time":1496146612},"message":"INVALID_TOKEN"}
======================
TIME: 2017-05-30 19:17:02
PARAMS: {"account_id":"622826840"}
HEADERS: {"host":"localhost:1337","accept":"*/*","client_ip":"::ffff:127.0.0.1"}
RESPONSE: {"code":100,"desc":"INVALID_TOKEN","data":{"raw":"622826840642564E7I2YXVIADSQXWTI","validToken":"49df9ae7af44578cddfa9cf742324a98","otp":"642564","time":1496146622},"message":"INVALID_TOKEN"}
======================
TIME: 2017-05-30 19:17:03
PARAMS: {"account_id":"622826840"}
HEADERS: {"host":"localhost:1337","accept":"*/*","client_ip":"::ffff:127.0.0.1"}
RESPONSE: {"code":100,"desc":"INVALID_TOKEN","data":{"raw":"622826840642564E7I2YXVIADSQXWTI","validToken":"49df9ae7af44578cddfa9cf742324a98","otp":"642564","time":1496146623},"message":"INVALID_TOKEN"}
======================
TIME: 2017-05-30 19:17:03
PARAMS: {"account_id":"622826840"}
HEADERS: {"host":"localhost:1337","accept":"*/*","client_ip":"::ffff:127.0.0.1"}
RESPONSE: {"code":100,"desc":"INVALID_TOKEN","data":{"raw":"622826840642564E7I2YXVIADSQXWTI","validToken":"49df9ae7af44578cddfa9cf742324a98","otp":"642564","time":1496146623},"message":"INVALID_TOKEN"}
======================
TIME: 2017-05-30 19:17:04
PARAMS: {"account_id":"622826840"}
HEADERS: {"host":"localhost:1337","accept":"*/*","client_ip":"::ffff:127.0.0.1"}
RESPONSE: {"code":100,"desc":"INVALID_TOKEN","data":{"raw":"622826840642564E7I2YXVIADSQXWTI","validToken":"49df9ae7af44578cddfa9cf742324a98","otp":"642564","time":1496146624},"message":"INVALID_TOKEN"}
======================
TIME: 2017-05-30 19:17:05
PARAMS: {"account_id":"622826840"}
HEADERS: {"host":"localhost:1337","accept":"*/*","client_ip":"::ffff:127.0.0.1"}
RESPONSE: {"code":100,"desc":"INVALID_TOKEN","data":{"raw":"622826840642564E7I2YXVIADSQXWTI","validToken":"49df9ae7af44578cddfa9cf742324a98","otp":"642564","time":1496146625},"message":"INVALID_TOKEN"}
======================
TIME: 2017-05-30 19:17:06
PARAMS: {"account_id":"622826840"}
HEADERS: {"host":"localhost:1337","accept":"*/*","client_ip":"::ffff:127.0.0.1"}
RESPONSE: {"code":100,"desc":"INVALID_TOKEN","data":{"raw":"622826840642564E7I2YXVIADSQXWTI","validToken":"49df9ae7af44578cddfa9cf742324a98","otp":"642564","time":1496146626},"message":"INVALID_TOKEN"}
======================
TIME: 2017-05-30 19:17:06
PARAMS: {"account_id":"622826840"}
HEADERS: {"host":"localhost:1337","accept":"*/*","client_ip":"::ffff:127.0.0.1"}
RESPONSE: {"code":100,"desc":"INVALID_TOKEN","data":{"raw":"622826840642564E7I2YXVIADSQXWTI","validToken":"49df9ae7af44578cddfa9cf742324a98","otp":"642564","time":1496146626},"message":"INVALID_TOKEN"}
======================
TIME: 2017-05-30 19:17:07
PARAMS: {"account_id":"622826840"}
HEADERS: {"host":"localhost:1337","accept":"*/*","client_ip":"::ffff:127.0.0.1"}
RESPONSE: {"code":100,"desc":"INVALID_TOKEN","data":{"raw":"622826840642564E7I2YXVIADSQXWTI","validToken":"49df9ae7af44578cddfa9cf742324a98","otp":"642564","time":1496146627},"message":"INVALID_TOKEN"}
======================
TIME: 2017-05-30 19:17:08
PARAMS: {"account_id":"622826840"}
HEADERS: {"host":"localhost:1337","accept":"*/*","client_ip":"::ffff:127.0.0.1"}
RESPONSE: {"code":100,"desc":"INVALID_TOKEN","data":{"raw":"622826840642564E7I2YXVIADSQXWTI","validToken":"49df9ae7af44578cddfa9cf742324a98","otp":"642564","time":1496146628},"message":"INVALID_TOKEN"}
======================
TIME: 2017-05-30 19:17:09
PARAMS: {"account_id":"622826840"}
HEADERS: {"host":"localhost:1337","accept":"*/*","client_ip":"::ffff:127.0.0.1"}
RESPONSE: {"code":100,"desc":"INVALID_TOKEN","data":{"raw":"622826840642564E7I2YXVIADSQXWTI","validToken":"49df9ae7af44578cddfa9cf742324a98","otp":"642564","time":1496146629},"message":"INVALID_TOKEN"}
======================
TIME: 2017-05-30 19:17:09
PARAMS: {"account_id":"622826840"}
HEADERS: {"host":"localhost:1337","accept":"*/*","client_ip":"::ffff:127.0.0.1"}
RESPONSE: {"code":100,"desc":"INVALID_TOKEN","data":{"raw":"622826840642564E7I2YXVIADSQXWTI","validToken":"49df9ae7af44578cddfa9cf742324a98","otp":"642564","time":1496146629},"message":"INVALID_TOKEN"}
======================
TIME: 2017-05-30 19:17:10
PARAMS: {"account_id":"622826840"}
HEADERS: {"host":"localhost:1337","accept":"*/*","client_ip":"::ffff:127.0.0.1"}
RESPONSE: {"code":100,"desc":"INVALID_TOKEN","data":{"raw":"622826840642564E7I2YXVIADSQXWTI","validToken":"49df9ae7af44578cddfa9cf742324a98","otp":"642564","time":1496146630},"message":"INVALID_TOKEN"}
======================
TIME: 2017-05-30 19:17:11
PARAMS: {"account_id":"622826840"}
HEADERS: {"host":"localhost:1337","accept":"*/*","client_ip":"::ffff:127.0.0.1"}
RESPONSE: {"code":100,"desc":"INVALID_TOKEN","data":{"raw":"622826840642564E7I2YXVIADSQXWTI","validToken":"49df9ae7af44578cddfa9cf742324a98","otp":"642564","time":1496146631},"message":"INVALID_TOKEN"}
======================
TIME: 2017-05-30 19:17:11
PARAMS: {"account_id":"622826840"}
HEADERS: {"host":"localhost:1337","accept":"*/*","client_ip":"::ffff:127.0.0.1"}
RESPONSE: {"code":100,"desc":"INVALID_TOKEN","data":{"raw":"622826840642564E7I2YXVIADSQXWTI","validToken":"49df9ae7af44578cddfa9cf742324a98","otp":"642564","time":1496146631},"message":"INVALID_TOKEN"}
======================
TIME: 2017-05-30 19:17:12
PARAMS: {"account_id":"622826840"}
HEADERS: {"host":"localhost:1337","accept":"*/*","client_ip":"::ffff:127.0.0.1"}
RESPONSE: {"code":100,"desc":"INVALID_TOKEN","data":{"raw":"622826840642564E7I2YXVIADSQXWTI","validToken":"49df9ae7af44578cddfa9cf742324a98","otp":"642564","time":1496146632},"message":"INVALID_TOKEN"}
======================
TIME: 2017-05-30 19:17:13
PARAMS: {"account_id":"622826840"}
HEADERS: {"host":"localhost:1337","accept":"*/*","client_ip":"::ffff:127.0.0.1"}
RESPONSE: {"code":100,"desc":"INVALID_TOKEN","data":{"raw":"622826840642564E7I2YXVIADSQXWTI","validToken":"49df9ae7af44578cddfa9cf742324a98","otp":"642564","time":1496146633},"message":"INVALID_TOKEN"}
======================
TIME: 2017-05-30 19:17:14
PARAMS: {"account_id":"622826840"}
HEADERS: {"host":"localhost:1337","accept":"*/*","client_ip":"::ffff:127.0.0.1"}
RESPONSE: {"code":100,"desc":"INVALID_TOKEN","data":{"raw":"622826840642564E7I2YXVIADSQXWTI","validToken":"49df9ae7af44578cddfa9cf742324a98","otp":"642564","time":1496146634},"message":"INVALID_TOKEN"}
======================
TIME: 2017-05-30 19:17:34
PARAMS: {"account_id":"622826840"}
HEADERS: {"host":"localhost:1337","accept":"*/*","client_ip":"::ffff:127.0.0.1"}
RESPONSE: {"code":100,"desc":"INVALID_TOKEN","data":{"raw":"622826840400070E7I2YXVIADSQXWTI","validToken":"86ea027eaaeeaf5f860050dc6aef8cbc","otp":"400070","time":1496146654},"message":"INVALID_TOKEN"}
======================
TIME: 2017-05-30 19:17:35
PARAMS: {"account_id":"622826840"}
HEADERS: {"host":"localhost:1337","accept":"*/*","client_ip":"::ffff:127.0.0.1"}
RESPONSE: {"code":100,"desc":"INVALID_TOKEN","data":{"raw":"622826840400070E7I2YXVIADSQXWTI","validToken":"86ea027eaaeeaf5f860050dc6aef8cbc","otp":"400070","time":1496146655},"message":"INVALID_TOKEN"}
======================
TIME: 2017-05-30 19:17:36
PARAMS: {"account_id":"622826840"}
HEADERS: {"host":"localhost:1337","accept":"*/*","client_ip":"::ffff:127.0.0.1"}
RESPONSE: {"code":100,"desc":"INVALID_TOKEN","data":{"raw":"622826840400070E7I2YXVIADSQXWTI","validToken":"86ea027eaaeeaf5f860050dc6aef8cbc","otp":"400070","time":1496146656},"message":"INVALID_TOKEN"}
======================
TIME: 2017-05-30 19:17:37
PARAMS: {"account_id":"622826840"}
HEADERS: {"host":"localhost:1337","accept":"*/*","client_ip":"::ffff:127.0.0.1"}
RESPONSE: {"code":100,"desc":"INVALID_TOKEN","data":{"raw":"622826840400070E7I2YXVIADSQXWTI","validToken":"86ea027eaaeeaf5f860050dc6aef8cbc","otp":"400070","time":1496146657},"message":"INVALID_TOKEN"}
======================
TIME: 2017-05-30 19:17:37
PARAMS: {"account_id":"622826840"}
HEADERS: {"host":"localhost:1337","accept":"*/*","client_ip":"::ffff:127.0.0.1"}
RESPONSE: {"code":100,"desc":"INVALID_TOKEN","data":{"raw":"622826840400070E7I2YXVIADSQXWTI","validToken":"86ea027eaaeeaf5f860050dc6aef8cbc","otp":"400070","time":1496146657},"message":"INVALID_TOKEN"}
======================
TIME: 2017-05-30 19:17:38
PARAMS: {"account_id":"622826840"}
HEADERS: {"host":"localhost:1337","accept":"*/*","client_ip":"::ffff:127.0.0.1"}
RESPONSE: {"code":100,"desc":"INVALID_TOKEN","data":{"raw":"622826840400070E7I2YXVIADSQXWTI","validToken":"86ea027eaaeeaf5f860050dc6aef8cbc","otp":"400070","time":1496146658},"message":"INVALID_TOKEN"}
======================
TIME: 2017-05-30 19:17:39
PARAMS: {"account_id":"622826840"}
HEADERS: {"host":"localhost:1337","accept":"*/*","client_ip":"::ffff:127.0.0.1"}
RESPONSE: {"code":100,"desc":"INVALID_TOKEN","data":{"raw":"622826840400070E7I2YXVIADSQXWTI","validToken":"86ea027eaaeeaf5f860050dc6aef8cbc","otp":"400070","time":1496146659},"message":"INVALID_TOKEN"}
======================
TIME: 2017-05-30 19:17:41
PARAMS: {"account_id":"622826840"}
HEADERS: {"host":"localhost:1337","accept":"*/*","client_ip":"::ffff:127.0.0.1"}
RESPONSE: {"code":100,"desc":"INVALID_TOKEN","data":{"raw":"622826840400070E7I2YXVIADSQXWTI","validToken":"86ea027eaaeeaf5f860050dc6aef8cbc","otp":"400070","time":1496146661},"message":"INVALID_TOKEN"}
======================
TIME: 2017-05-30 19:17:42
PARAMS: {"account_id":"622826840"}
HEADERS: {"host":"localhost:1337","accept":"*/*","client_ip":"::ffff:127.0.0.1"}
RESPONSE: {"code":100,"desc":"INVALID_TOKEN","data":{"raw":"622826840400070E7I2YXVIADSQXWTI","validToken":"86ea027eaaeeaf5f860050dc6aef8cbc","otp":"400070","time":1496146662},"message":"INVALID_TOKEN"}
======================
TIME: 2017-05-30 19:17:50
PARAMS: {"account_id":"622826840"}
HEADERS: {"host":"localhost:1337","accept":"*/*","client_ip":"::ffff:127.0.0.1"}
RESPONSE: {"code":100,"desc":"INVALID_TOKEN","data":{"raw":"622826840400070E7I2YXVIADSQXWTI","validToken":"86ea027eaaeeaf5f860050dc6aef8cbc","otp":"400070","time":1496146670},"message":"INVALID_TOKEN"}
======================
TIME: 2017-05-30 19:17:51
PARAMS: {"account_id":"622826840"}
HEADERS: {"host":"localhost:1337","accept":"*/*","client_ip":"::ffff:127.0.0.1"}
RESPONSE: {"code":100,"desc":"INVALID_TOKEN","data":{"raw":"622826840400070E7I2YXVIADSQXWTI","validToken":"86ea027eaaeeaf5f860050dc6aef8cbc","otp":"400070","time":1496146671},"message":"INVALID_TOKEN"}
======================
TIME: 2017-05-30 19:18:02
PARAMS: {"account_id":"622826840"}
HEADERS: {"host":"localhost:1337","accept":"*/*","client_ip":"::ffff:127.0.0.1"}
RESPONSE: {"code":100,"desc":"INVALID_TOKEN","data":{"raw":"622826840376960E7I2YXVIADSQXWTI","validToken":"7cca1c90648672c28c9479d2a49a9cff","otp":"376960","time":1496146682},"message":"INVALID_TOKEN"}
======================
TIME: 2017-05-30 19:18:03
PARAMS: {"account_id":"622826840"}
HEADERS: {"host":"localhost:1337","accept":"*/*","client_ip":"::ffff:127.0.0.1"}
RESPONSE: {"code":100,"desc":"INVALID_TOKEN","data":{"raw":"622826840376960E7I2YXVIADSQXWTI","validToken":"7cca1c90648672c28c9479d2a49a9cff","otp":"376960","time":1496146683},"message":"INVALID_TOKEN"}
======================
TIME: 2017-05-30 19:18:04
PARAMS: {"account_id":"622826840"}
HEADERS: {"host":"localhost:1337","accept":"*/*","client_ip":"::ffff:127.0.0.1"}
RESPONSE: {"code":100,"desc":"INVALID_TOKEN","data":{"raw":"622826840376960E7I2YXVIADSQXWTI","validToken":"7cca1c90648672c28c9479d2a49a9cff","otp":"376960","time":1496146684},"message":"INVALID_TOKEN"}
======================
TIME: 2017-05-30 19:18:05
PARAMS: {"account_id":"622826840"}
HEADERS: {"host":"localhost:1337","accept":"*/*","client_ip":"::ffff:127.0.0.1"}
RESPONSE: {"code":100,"desc":"INVALID_TOKEN","data":{"raw":"622826840376960E7I2YXVIADSQXWTI","validToken":"7cca1c90648672c28c9479d2a49a9cff","otp":"376960","time":1496146685},"message":"INVALID_TOKEN"}
======================
TIME: 2017-05-30 19:18:05
PARAMS: {"account_id":"622826840"}
HEADERS: {"host":"localhost:1337","accept":"*/*","client_ip":"::ffff:127.0.0.1"}
RESPONSE: {"code":100,"desc":"INVALID_TOKEN","data":{"raw":"622826840376960E7I2YXVIADSQXWTI","validToken":"7cca1c90648672c28c9479d2a49a9cff","otp":"376960","time":1496146685},"message":"INVALID_TOKEN"}
======================
TIME: 2017-05-30 19:18:06
PARAMS: {"account_id":"622826840"}
HEADERS: {"host":"localhost:1337","accept":"*/*","client_ip":"::ffff:127.0.0.1"}
RESPONSE: {"code":100,"desc":"INVALID_TOKEN","data":{"raw":"622826840376960E7I2YXVIADSQXWTI","validToken":"7cca1c90648672c28c9479d2a49a9cff","otp":"376960","time":1496146686},"message":"INVALID_TOKEN"}
======================
TIME: 2017-05-30 19:18:12
PARAMS: {"account_id":"622826840"}
HEADERS: {"host":"localhost:1337","accept":"*/*","client_ip":"::ffff:127.0.0.1"}
RESPONSE: {"code":100,"desc":"INVALID_TOKEN","data":{"raw":"622826840376960E7I2YXVIADSQXWTI","validToken":"7cca1c90648672c28c9479d2a49a9cff","otp":"376960","time":1496146692},"message":"INVALID_TOKEN"}
======================
TIME: 2017-05-30 19:18:13
PARAMS: {"account_id":"622826840"}
HEADERS: {"host":"localhost:1337","accept":"*/*","client_ip":"::ffff:127.0.0.1"}
RESPONSE: {"code":100,"desc":"INVALID_TOKEN","data":{"raw":"622826840376960E7I2YXVIADSQXWTI","validToken":"7cca1c90648672c28c9479d2a49a9cff","otp":"376960","time":1496146693},"message":"INVALID_TOKEN"}
======================
TIME: 2017-05-30 19:18:14
PARAMS: {"account_id":"622826840"}
HEADERS: {"host":"localhost:1337","accept":"*/*","client_ip":"::ffff:127.0.0.1"}
RESPONSE: {"code":100,"desc":"INVALID_TOKEN","data":{"raw":"622826840376960E7I2YXVIADSQXWTI","validToken":"7cca1c90648672c28c9479d2a49a9cff","otp":"376960","time":1496146694},"message":"INVALID_TOKEN"}
======================
TIME: 2017-05-30 19:18:15
PARAMS: {"account_id":"622826840"}
HEADERS: {"host":"localhost:1337","accept":"*/*","client_ip":"::ffff:127.0.0.1"}
RESPONSE: {"code":100,"desc":"INVALID_TOKEN","data":{"raw":"622826840376960E7I2YXVIADSQXWTI","validToken":"7cca1c90648672c28c9479d2a49a9cff","otp":"376960","time":1496146695},"message":"INVALID_TOKEN"}
======================
TIME: 2017-05-30 19:18:45
PARAMS: {"account_id":"622826840"}
HEADERS: {"host":"localhost:1337","accept":"*/*","client_ip":"::ffff:127.0.0.1"}
RESPONSE: {"code":100,"desc":"INVALID_TOKEN","data":{"raw":"622826840185103E7I2YXVIADSQXWTI","validToken":"62f64eb4f1ecfae1dc2da9e8b0c67ed7","otp":"185103","time":1496146725},"message":"INVALID_TOKEN"}
======================
TIME: 2017-05-30 19:18:47
PARAMS: {"account_id":"622826840"}
HEADERS: {"host":"localhost:1337","accept":"*/*","client_ip":"::ffff:127.0.0.1"}
RESPONSE: {"code":100,"desc":"INVALID_TOKEN","data":{"raw":"622826840185103E7I2YXVIADSQXWTI","validToken":"62f64eb4f1ecfae1dc2da9e8b0c67ed7","otp":"185103","time":1496146727},"message":"INVALID_TOKEN"}
======================
TIME: 2017-05-30 19:19:08
PARAMS: {"account_id":"622826840"}
HEADERS: {"host":"localhost:1337","accept":"*/*","client_ip":"::ffff:127.0.0.1"}
RESPONSE: {"code":100,"desc":"INVALID_TOKEN","data":{"raw":"622826840226500E7I2YXVIADSQXWTI","validToken":"afec7890f8f04c9fb88c4544833be09f","otp":"226500","time":1496146748},"message":"INVALID_TOKEN"}
======================
TIME: 2017-05-30 19:19:09
PARAMS: {"account_id":"622826840"}
HEADERS: {"host":"localhost:1337","accept":"*/*","client_ip":"::ffff:127.0.0.1"}
RESPONSE: {"code":100,"desc":"INVALID_TOKEN","data":{"raw":"622826840226500E7I2YXVIADSQXWTI","validToken":"afec7890f8f04c9fb88c4544833be09f","otp":"226500","time":1496146749},"message":"INVALID_TOKEN"}
======================
TIME: 2017-05-30 19:19:09
PARAMS: {"account_id":"622826840"}
HEADERS: {"host":"localhost:1337","accept":"*/*","client_ip":"::ffff:127.0.0.1"}
RESPONSE: {"code":100,"desc":"INVALID_TOKEN","data":{"raw":"622826840226500E7I2YXVIADSQXWTI","validToken":"afec7890f8f04c9fb88c4544833be09f","otp":"226500","time":1496146749},"message":"INVALID_TOKEN"}
======================
TIME: 2017-05-30 19:19:10
PARAMS: {"account_id":"622826840"}
HEADERS: {"host":"localhost:1337","accept":"*/*","client_ip":"::ffff:127.0.0.1"}
RESPONSE: {"code":100,"desc":"INVALID_TOKEN","data":{"raw":"622826840226500E7I2YXVIADSQXWTI","validToken":"afec7890f8f04c9fb88c4544833be09f","otp":"226500","time":1496146750},"message":"INVALID_TOKEN"}
======================
TIME: 2017-05-30 19:19:12
PARAMS: {"account_id":"622826840"}
HEADERS: {"host":"localhost:1337","accept":"*/*","client_ip":"::ffff:127.0.0.1"}
RESPONSE: {"code":100,"desc":"INVALID_TOKEN","data":{"raw":"622826840226500E7I2YXVIADSQXWTI","validToken":"afec7890f8f04c9fb88c4544833be09f","otp":"226500","time":1496146752},"message":"INVALID_TOKEN"}
======================
TIME: 2017-05-30 19:19:18
PARAMS: {"account_id":"622826840"}
HEADERS: {"host":"localhost:1337","accept":"*/*","client_ip":"::ffff:127.0.0.1"}
RESPONSE: {"code":100,"desc":"INVALID_TOKEN","data":{"raw":"622826840226500E7I2YXVIADSQXWTI","validToken":"afec7890f8f04c9fb88c4544833be09f","otp":"226500","time":1496146758},"message":"INVALID_TOKEN"}
======================
TIME: 2017-05-30 19:19:20
PARAMS: {"account_id":"622826840"}
HEADERS: {"host":"localhost:1337","accept":"*/*","client_ip":"::ffff:127.0.0.1"}
RESPONSE: {"code":100,"desc":"INVALID_TOKEN","data":{"raw":"622826840226500E7I2YXVIADSQXWTI","validToken":"afec7890f8f04c9fb88c4544833be09f","otp":"226500","time":1496146760},"message":"INVALID_TOKEN"}
======================
TIME: 2017-05-30 19:19:31
PARAMS: {"account_id":"622826840"}
HEADERS: {"host":"localhost:1337","accept":"*/*","client_ip":"::ffff:127.0.0.1"}
RESPONSE: {"code":100,"desc":"INVALID_TOKEN","data":{"raw":"622826840919377E7I2YXVIADSQXWTI","validToken":"ee504d64c40cc04067f5ba4b9e304f1f","otp":"919377","time":1496146771},"message":"INVALID_TOKEN"}
======================
TIME: 2017-05-30 19:20:31
PARAMS: {"account_id":"622826840"}
HEADERS: {"host":"localhost:1337","accept":"*/*","client_ip":"::ffff:127.0.0.1"}
RESPONSE: {"code":100,"desc":"INVALID_TOKEN","data":{"raw":"622826840500267E7I2YXVIADSQXWTI","validToken":"49c0032fc42cff23900306ce4628e788","otp":"500267","time":1496146831},"message":"INVALID_TOKEN"}
======================
TIME: 2017-05-30 19:20:34
PARAMS: {"account_id":"622826840"}
HEADERS: {"host":"localhost:1337","accept":"*/*","client_ip":"::ffff:127.0.0.1"}
RESPONSE: {"code":100,"desc":"INVALID_TOKEN","data":{"raw":"622826840500267E7I2YXVIADSQXWTI","validToken":"49c0032fc42cff23900306ce4628e788","otp":"500267","time":1496146834},"message":"INVALID_TOKEN"}
======================
TIME: 2017-05-30 19:21:48
PARAMS: {"account_id":"622826840"}
HEADERS: {"host":"localhost:1337","accept":"*/*","client_ip":"::ffff:127.0.0.1"}
RESPONSE: {"code":100,"desc":"INVALID_TOKEN","data":{"raw":"622826840269799E7I2YXVIADSQXWTI","validToken":"70cd6f78ca110f71f848d2ae1c910ee4","otp":"269799","time":1496146908},"message":"INVALID_TOKEN"}
======================
TIME: 2017-05-30 19:21:51
PARAMS: {"account_id":"622826840"}
HEADERS: {"host":"localhost:1337","accept":"*/*","client_ip":"::ffff:127.0.0.1"}
RESPONSE: {"code":100,"desc":"INVALID_TOKEN","data":{"raw":"622826840269799E7I2YXVIADSQXWTI","validToken":"70cd6f78ca110f71f848d2ae1c910ee4","otp":"269799","time":1496146911},"message":"INVALID_TOKEN"}
======================
