TIME: 2017-05-29 16:01:19
PARAMS: {"type":"temp","account_id":"622826840","app":"insight","otp":"345804","token":"8867441f826bad41fa8e67bef5cb89dc","password":"96e79218965eb72c92a549dd5a330112"}
HEADERS: {"host":"localhost:1337","connection":"keep-alive","cache-control":"max-age=0","upgrade-insecure-requests":"1","user-agent":"Mozilla/5.0 (Windows NT 6.1; WOW64) AppleWebKit/537.36 (KHTML, like Gecko) coc_coc_browser/63.4.154 Chrome/57.4.2987.154 Safari/537.36","accept":"text/html,application/xhtml+xml,application/xml;q=0.9,image/webp,*/*;q=0.8","accept-encoding":"gzip, deflate, sdch, br","accept-language":"vi-VN,vi;q=0.8,fr-FR;q=0.6,fr;q=0.4,en-US;q=0.2,en;q=0.2","cookie":"_ga=GA1.1.1627206596.1495003441; PHPSESSID=7bt05ou7uildhggbo7tm82l076; sails.sid=s%3A1LMhfzBuNnM_eJ3JAsCMWCoiGz8DIfPS.hDLyEg9eM0qyrAFyum6HkaB5YuQdEEWTdzROAffXCdk; rock_format=json","client_ip":"::1"}
RESPONSE: {"code":500022,"desc":"CHANGE_PASSWORD_SUCCESS","data":[{"platform":"android","channel_cfg":"3|pp|1.3.2|GP|psv_3_store","sd":{"aCD":["bLNs7BEO8aDQv7pF8o/0k/1j8K+wiLmJqoIsJomFnzs="],"aD":"WbJsRwOGz29uqYEkvaE8v/KYmYCd5SKBjciE+7lxYP8=","cDb":false,"cR":true,"cS":"37697743DE4AA461D45CFE56781D4356D8C7D45B","e":false,"vI":false},"device_id":"da814dd9fda1731bdb5aee84809418c1a979de7c","telco":"empty","user_agent":"Dalvik/1.6.0 (Linux; U; Android 4.4.2; B505 Build/KOT49H)","channel":"empty","type":"facebook","google_aid":"26A41F84-7C4A-411F-9AEF-7B808B3238F1","status":"normal","account_id":622826840,"createdAt":"2017-05-22T06:41:24.534Z","updatedAt":"2017-05-29T09:01:19.271Z","list_service":[{"app":"10001","msi_id":"100011495435285115507","createdAt":"2017-05-22T06:41:24.541Z"},{"app":"10000","msi_id":"100001495435285115507","createdAt":"2017-05-22T06:41:24.541Z"}],"email":"nguyen@gmail.com","id":"592288142570d72b16807b17"}],"message":"Đổi mật khẩu thành công"}
======================
TIME: 2017-05-29 16:04:13
PARAMS: {"type":"temp","account_id":"622826840","app":"insight","otp":"345804","token":"447b93d8c55c789ac1b281104b3aa3e7","password":"96e79218965eb72c92a549dd5a330112"}
HEADERS: {"host":"localhost:1337","connection":"keep-alive","cache-control":"max-age=0","upgrade-insecure-requests":"1","user-agent":"Mozilla/5.0 (Windows NT 6.1; WOW64) AppleWebKit/537.36 (KHTML, like Gecko) coc_coc_browser/63.4.154 Chrome/57.4.2987.154 Safari/537.36","accept":"text/html,application/xhtml+xml,application/xml;q=0.9,image/webp,*/*;q=0.8","accept-encoding":"gzip, deflate, sdch, br","accept-language":"vi-VN,vi;q=0.8,fr-FR;q=0.6,fr;q=0.4,en-US;q=0.2,en;q=0.2","cookie":"_ga=GA1.1.1627206596.1495003441; PHPSESSID=7bt05ou7uildhggbo7tm82l076; sails.sid=s%3AfnTbaPjeTMbihyOXlR6D4tQZ3h7dfQeD.XgnsRal9hjGdCPNlLGpnus63TGuifBA0OosRpJk1Zjw; rock_format=json","if-none-match":"W/\"541-ksoGpmHusiMUk+clxl1HMA\"","client_ip":"::1"}
RESPONSE: {"code":500022,"desc":"CHANGE_PASSWORD_SUCCESS","data":"","message":"Đổi mật khẩu thành công"}
======================
TIME: 2017-05-29 16:06:54
PARAMS: {"type":"real","account_id":"622826840","app":"insight","otp":"345804","token":"0c44ecd50e5b13a205dbe9244d991aa4","password":"96e79218965eb72c92a549dd5a330112"}
HEADERS: {"host":"localhost:1337","connection":"keep-alive","upgrade-insecure-requests":"1","user-agent":"Mozilla/5.0 (Windows NT 6.1; WOW64) AppleWebKit/537.36 (KHTML, like Gecko) coc_coc_browser/63.4.154 Chrome/57.4.2987.154 Safari/537.36","accept":"text/html,application/xhtml+xml,application/xml;q=0.9,image/webp,*/*;q=0.8","accept-encoding":"gzip, deflate, sdch, br","accept-language":"vi-VN,vi;q=0.8,fr-FR;q=0.6,fr;q=0.4,en-US;q=0.2,en;q=0.2","cookie":"_ga=GA1.1.1627206596.1495003441; PHPSESSID=7bt05ou7uildhggbo7tm82l076; sails.sid=s%3AYoyIueihyKkE-MR0WM4TWwOQQjPz_M3U.47LbdyfsUuSL27kwjaSubVbhwm3eDjwwmINuDQjeVlY; rock_format=json","client_ip":"::1"}
RESPONSE: {"code":500022,"desc":"CHANGE_PASSWORD_SUCCESS","data":"","message":"Đổi mật khẩu thành công"}
======================
TIME: 2017-05-29 16:48:31
PARAMS: {"account_id":"622826840","app":"insight","otp":"345804","token":"592948e492be35e884d894fc7d5339e9","status":"normal","app_id":"10000","email":"nguyen@gmail.com","phone":"01665348054"}
HEADERS: {"host":"localhost:1337","connection":"keep-alive","upgrade-insecure-requests":"1","user-agent":"Mozilla/5.0 (Windows NT 6.1; WOW64) AppleWebKit/537.36 (KHTML, like Gecko) coc_coc_browser/63.4.154 Chrome/57.4.2987.154 Safari/537.36","accept":"text/html,application/xhtml+xml,application/xml;q=0.9,image/webp,*/*;q=0.8","accept-encoding":"gzip, deflate, sdch, br","accept-language":"vi-VN,vi;q=0.8,fr-FR;q=0.6,fr;q=0.4,en-US;q=0.2,en;q=0.2","cookie":"_ga=GA1.1.1627206596.1495003441; PHPSESSID=7bt05ou7uildhggbo7tm82l076; sails.sid=s%3AYoyIueihyKkE-MR0WM4TWwOQQjPz_M3U.47LbdyfsUuSL27kwjaSubVbhwm3eDjwwmINuDQjeVlY; rock_format=json","client_ip":"::1"}
RESPONSE: {"code":102,"desc":"INVALID_PARAMS","data":"","message":"INVALID_PARAMS"}
======================
TIME: 2017-05-29 16:48:43
PARAMS: {"account_id":"622826840","app":"insight","otp":"345804","token":"592948e492be35e884d894fc7d5339e9","status":"normal","app_id":"10000","email":"nguyen@gmail.com","phone":"01665348054"}
HEADERS: {"host":"localhost:1337","connection":"keep-alive","cache-control":"max-age=0","upgrade-insecure-requests":"1","user-agent":"Mozilla/5.0 (Windows NT 6.1; WOW64) AppleWebKit/537.36 (KHTML, like Gecko) coc_coc_browser/63.4.154 Chrome/57.4.2987.154 Safari/537.36","accept":"text/html,application/xhtml+xml,application/xml;q=0.9,image/webp,*/*;q=0.8","accept-encoding":"gzip, deflate, sdch, br","accept-language":"vi-VN,vi;q=0.8,fr-FR;q=0.6,fr;q=0.4,en-US;q=0.2,en;q=0.2","cookie":"_ga=GA1.1.1627206596.1495003441; PHPSESSID=7bt05ou7uildhggbo7tm82l076; sails.sid=s%3AYoyIueihyKkE-MR0WM4TWwOQQjPz_M3U.47LbdyfsUuSL27kwjaSubVbhwm3eDjwwmINuDQjeVlY; rock_format=json","if-none-match":"W/\"5a-7928DRctPjrnhmtEM/MaBQ\"","client_ip":"::ffff:127.0.0.1"}
RESPONSE: {"code":102,"desc":"INVALID_PARAMS","data":"","message":"INVALID_PARAMS"}
======================
TIME: 2017-05-29 16:48:45
PARAMS: {"account_id":"622826840","app":"insight","otp":"345804","token":"592948e492be35e884d894fc7d5339e9","status":"normal","app_id":"10000","email":"nguyen@gmail.com","phone":"01665348054"}
HEADERS: {"host":"localhost:1337","connection":"keep-alive","cache-control":"max-age=0","upgrade-insecure-requests":"1","user-agent":"Mozilla/5.0 (Windows NT 6.1; WOW64) AppleWebKit/537.36 (KHTML, like Gecko) coc_coc_browser/63.4.154 Chrome/57.4.2987.154 Safari/537.36","accept":"text/html,application/xhtml+xml,application/xml;q=0.9,image/webp,*/*;q=0.8","accept-encoding":"gzip, deflate, sdch, br","accept-language":"vi-VN,vi;q=0.8,fr-FR;q=0.6,fr;q=0.4,en-US;q=0.2,en;q=0.2","cookie":"_ga=GA1.1.1627206596.1495003441; PHPSESSID=7bt05ou7uildhggbo7tm82l076; rock_format=json; sails.sid=s%3AEPcLXeiaKfIMztM9zyM42DJgUH16LIzZ.2kLJZFu3Rt9I1r%2F9oWpB0N1ma3IymK927fb%2Bl8298OU","if-none-match":"W/\"5a-7928DRctPjrnhmtEM/MaBQ\"","client_ip":"::ffff:127.0.0.1"}
RESPONSE: {"code":102,"desc":"INVALID_PARAMS","data":"","message":"INVALID_PARAMS"}
======================
TIME: 2017-05-29 16:49:39
PARAMS: {"account_id":"622826840","app":"insight","otp":"345804","token":"1e8aaf1dd07219fe74dd14af4a3259b6"}
HEADERS: {"host":"localhost:1337","connection":"keep-alive","upgrade-insecure-requests":"1","user-agent":"Mozilla/5.0 (Windows NT 6.1; WOW64) AppleWebKit/537.36 (KHTML, like Gecko) coc_coc_browser/63.4.154 Chrome/57.4.2987.154 Safari/537.36","accept":"text/html,application/xhtml+xml,application/xml;q=0.9,image/webp,*/*;q=0.8","accept-encoding":"gzip, deflate, sdch, br","accept-language":"vi-VN,vi;q=0.8,fr-FR;q=0.6,fr;q=0.4,en-US;q=0.2,en;q=0.2","cookie":"_ga=GA1.1.1627206596.1495003441; PHPSESSID=7bt05ou7uildhggbo7tm82l076; rock_format=json; sails.sid=s%3AEPcLXeiaKfIMztM9zyM42DJgUH16LIzZ.2kLJZFu3Rt9I1r%2F9oWpB0N1ma3IymK927fb%2Bl8298OU","client_ip":"::1"}
RESPONSE: {"code":102,"desc":"INVALID_PARAMS","data":"","message":"INVALID_PARAMS"}
======================
TIME: 2017-05-29 16:49:44
PARAMS: {"account_id":"622826840","app":"insight","otp":"345804","token":"1e8aaf1dd07219fe74dd14af4a3259b6"}
HEADERS: {"host":"localhost:1337","connection":"keep-alive","cache-control":"max-age=0","upgrade-insecure-requests":"1","user-agent":"Mozilla/5.0 (Windows NT 6.1; WOW64) AppleWebKit/537.36 (KHTML, like Gecko) coc_coc_browser/63.4.154 Chrome/57.4.2987.154 Safari/537.36","accept":"text/html,application/xhtml+xml,application/xml;q=0.9,image/webp,*/*;q=0.8","accept-encoding":"gzip, deflate, sdch, br","accept-language":"vi-VN,vi;q=0.8,fr-FR;q=0.6,fr;q=0.4,en-US;q=0.2,en;q=0.2","cookie":"_ga=GA1.1.1627206596.1495003441; PHPSESSID=7bt05ou7uildhggbo7tm82l076; rock_format=json; sails.sid=s%3AgKkeo9SdH_cXY5cbMY4LG415VjTa_b6T.pkKM4aMOkmTLbGwpo4LG0b0fUPqDnoe0nqsZ5F%2FAO6E","if-none-match":"W/\"5a-7928DRctPjrnhmtEM/MaBQ\"","client_ip":"::1"}
RESPONSE: {"code":102,"desc":"INVALID_PARAMS","data":"","message":"INVALID_PARAMS"}
======================
TIME: 2017-05-29 16:49:44
PARAMS: {"account_id":"622826840","app":"insight","otp":"345804","token":"1e8aaf1dd07219fe74dd14af4a3259b6"}
HEADERS: {"host":"localhost:1337","connection":"keep-alive","cache-control":"max-age=0","upgrade-insecure-requests":"1","user-agent":"Mozilla/5.0 (Windows NT 6.1; WOW64) AppleWebKit/537.36 (KHTML, like Gecko) coc_coc_browser/63.4.154 Chrome/57.4.2987.154 Safari/537.36","accept":"text/html,application/xhtml+xml,application/xml;q=0.9,image/webp,*/*;q=0.8","accept-encoding":"gzip, deflate, sdch, br","accept-language":"vi-VN,vi;q=0.8,fr-FR;q=0.6,fr;q=0.4,en-US;q=0.2,en;q=0.2","cookie":"_ga=GA1.1.1627206596.1495003441; PHPSESSID=7bt05ou7uildhggbo7tm82l076; rock_format=json; sails.sid=s%3AgKkeo9SdH_cXY5cbMY4LG415VjTa_b6T.pkKM4aMOkmTLbGwpo4LG0b0fUPqDnoe0nqsZ5F%2FAO6E","if-none-match":"W/\"5a-7928DRctPjrnhmtEM/MaBQ\"","client_ip":"::1"}
RESPONSE: {"code":102,"desc":"INVALID_PARAMS","data":"","message":"INVALID_PARAMS"}
======================
TIME: 2017-05-29 16:50:51
PARAMS: {"account_id":"622826840","app":"insight","otp":"345804","token":"3715a72c74ba7cbe2b15eacfc0d82b62"}
HEADERS: {"host":"localhost:1337","connection":"keep-alive","cache-control":"max-age=0","upgrade-insecure-requests":"1","user-agent":"Mozilla/5.0 (Windows NT 6.1; WOW64) AppleWebKit/537.36 (KHTML, like Gecko) coc_coc_browser/63.4.154 Chrome/57.4.2987.154 Safari/537.36","accept":"text/html,application/xhtml+xml,application/xml;q=0.9,image/webp,*/*;q=0.8","accept-encoding":"gzip, deflate, sdch, br","accept-language":"vi-VN,vi;q=0.8,fr-FR;q=0.6,fr;q=0.4,en-US;q=0.2,en;q=0.2","cookie":"_ga=GA1.1.1627206596.1495003441; PHPSESSID=7bt05ou7uildhggbo7tm82l076; rock_format=json; sails.sid=s%3AgKkeo9SdH_cXY5cbMY4LG415VjTa_b6T.pkKM4aMOkmTLbGwpo4LG0b0fUPqDnoe0nqsZ5F%2FAO6E","if-none-match":"W/\"5a-7928DRctPjrnhmtEM/MaBQ\"","client_ip":"::1"}
RESPONSE: {"code":102,"desc":"INVALID_PARAMS","data":"","message":"INVALID_PARAMS"}
======================
TIME: 2017-05-29 16:50:57
PARAMS: {"account_id":"622826840","app":"insight","otp":"345804","token":"3715a72c74ba7cbe2b15eacfc0d82b62"}
HEADERS: {"host":"localhost:1337","connection":"keep-alive","cache-control":"max-age=0","upgrade-insecure-requests":"1","user-agent":"Mozilla/5.0 (Windows NT 6.1; WOW64) AppleWebKit/537.36 (KHTML, like Gecko) coc_coc_browser/63.4.154 Chrome/57.4.2987.154 Safari/537.36","accept":"text/html,application/xhtml+xml,application/xml;q=0.9,image/webp,*/*;q=0.8","accept-encoding":"gzip, deflate, sdch, br","accept-language":"vi-VN,vi;q=0.8,fr-FR;q=0.6,fr;q=0.4,en-US;q=0.2,en;q=0.2","cookie":"_ga=GA1.1.1627206596.1495003441; PHPSESSID=7bt05ou7uildhggbo7tm82l076; rock_format=json; sails.sid=s%3AiKYZulUgTlut7dYjfquncO7p2xsLCXOR.kM3Lml9cMouaUEAGx0HHVKL6s%2BtEhX8BOLmRDG2vYSU","if-none-match":"W/\"5a-7928DRctPjrnhmtEM/MaBQ\"","client_ip":"::1"}
RESPONSE: {"code":102,"desc":"INVALID_PARAMS","data":"","message":"INVALID_PARAMS"}
======================
TIME: 2017-05-29 16:52:39
PARAMS: {"account_id":"622826840","app":"insight","otp":"345804","token":"a5f7beae3b4da565944c5c63ca7f8f95"}
HEADERS: {"host":"localhost:1337","connection":"keep-alive","cache-control":"max-age=0","upgrade-insecure-requests":"1","user-agent":"Mozilla/5.0 (Windows NT 6.1; WOW64) AppleWebKit/537.36 (KHTML, like Gecko) coc_coc_browser/63.4.154 Chrome/57.4.2987.154 Safari/537.36","accept":"text/html,application/xhtml+xml,application/xml;q=0.9,image/webp,*/*;q=0.8","accept-encoding":"gzip, deflate, sdch, br","accept-language":"vi-VN,vi;q=0.8,fr-FR;q=0.6,fr;q=0.4,en-US;q=0.2,en;q=0.2","cookie":"_ga=GA1.1.1627206596.1495003441; PHPSESSID=7bt05ou7uildhggbo7tm82l076; rock_format=json; sails.sid=s%3AiKYZulUgTlut7dYjfquncO7p2xsLCXOR.kM3Lml9cMouaUEAGx0HHVKL6s%2BtEhX8BOLmRDG2vYSU","if-none-match":"W/\"5a-7928DRctPjrnhmtEM/MaBQ\"","client_ip":"::1"}
RESPONSE: {"code":500020,"desc":"GET_INFO_SUCCESS","data":{"account_id":622826840,"email":"nguyen@gmail.com","list_service":[{"app":"10001","msi_id":"100011495435285115507","createdAt":"2017-05-22T06:41:24.541Z"},{"app":"10000","msi_id":"100001495435285115507","createdAt":"2017-05-22T06:41:24.541Z"}]},"message":"Thông tin tài khoản"}
======================
