TIME: 2017-05-29 09:18:28
PARAMS: {"q":"3LypkbcTdywqVhnLdgtsByTWdoM74DbzWWNmmUgIjaDQxULTgYHssrbwskrxbZbHOo0EOoQsvdpX1yHnAm/JpBUU5o9GKTLsvnLLRv3EkFPSe2Y2aiRuZggwXT4C7Tnh7QdyEwEUl5ASk IaApuqLWhcYauJDuWDh6zLrCZYiZvn7YKudwC1zXG92iGnL5Scd1fHZSw8Ej6GSQTr1vF5o0rxHuaYLm2ZVNRlihoSclkDr9F5 3Ga1pkNsH9wJubyvbSok/p6hg6g3k2dUm0rwVWpwO puy/zjFQtG44gZpEMeXqQRAW84EGqIP5GvLrqqU/4hFhNIwTQOLixyJgVuBJC3BqaqEgHzsU/OVCObj5dp/WpA5XQWvAkItQcUm 8Go2j48aEAAMdYsDayhtVXKcrL6zPf6CJuJDyuiL0HSR9TIkYM9KSkDv5TS36/RTRgYFV8FFqbu2eVvtzpzd76quVogYFp/n0","account_id":"622826840","app":"insight","otp":"345804","token":"2c30d0a5acc4a2ea13dac591f0c8593c"}
HEADERS: {"host":"localhost:1337","connection":"keep-alive","cache-control":"max-age=0","upgrade-insecure-requests":"1","user-agent":"Mozilla/5.0 (Windows NT 6.1; WOW64) AppleWebKit/537.36 (KHTML, like Gecko) coc_coc_browser/63.4.154 Chrome/57.4.2987.154 Safari/537.36","accept":"text/html,application/xhtml+xml,application/xml;q=0.9,image/webp,*/*;q=0.8","accept-encoding":"gzip, deflate, sdch, br","accept-language":"vi-VN,vi;q=0.8,fr-FR;q=0.6,fr;q=0.4,en-US;q=0.2,en;q=0.2","cookie":"_ga=GA1.1.1627206596.1495003441; PHPSESSID=7bt05ou7uildhggbo7tm82l076; rock_format=json; sails.sid=s%3A7upCxt3bI33FeOX32sHhvIAJLiXNvjHE.vld75f%2BeplrE6TrjVIKJey8p4yxF9ZDfQdMuIZSYPhQ","if-none-match":"W/\"47f-qaXQUPzkiK55DHS+Htr8dw\"","client_ip":"::1"}
RESPONSE: {"code":100,"data":{"platform":"android","channel_cfg":"3|pp|1.3.2|GP|psv_3_store","sd":{"aCD":["bLNs7BEO8aDQv7pF8o/0k/1j8K+wiLmJqoIsJomFnzs="],"aD":"WbJsRwOGz29uqYEkvaE8v/KYmYCd5SKBjciE+7lxYP8=","cDb":false,"cR":true,"cS":"37697743DE4AA461D45CFE56781D4356D8C7D45B","e":false,"vI":false},"device_id":"da814dd9fda1731bdb5aee84809418c1a979de7c","telco":"empty","user_agent":"Dalvik/1.6.0 (Linux; U; Android 4.4.2; B505 Build/KOT49H)","channel":"empty","type":"facebook","google_aid":"26A41F84-7C4A-411F-9AEF-7B808B3238F1","status":"normal","account_id":622826840,"createdAt":"2017-05-22T06:41:24.534Z","updatedAt":"2017-05-22T09:54:39.624Z","list_service":[{"app":"10001","msi_id":"100011495435285115507","createdAt":"2017-05-22T06:41:24.541Z"},{"app":"10000","msi_id":"100001495435285115507","createdAt":"2017-05-22T06:41:24.541Z"}],"id":"592288142570d72b16807b17"}}
======================
TIME: 2017-05-29 09:29:31
PARAMS: {"q":"3LypkbcTdywqVhnLdgtsByTWdoM74DbzWWNmmUgIjaDQxULTgYHssrbwskrxbZbHOo0EOoQsvdpX1yHnAm/JpBUU5o9GKTLsvnLLRv3EkFPSe2Y2aiRuZggwXT4C7Tnh7QdyEwEUl5ASk IaApuqLWhcYauJDuWDh6zLrCZYiZvn7YKudwC1zXG92iGnL5Scd1fHZSw8Ej6GSQTr1vF5o0rxHuaYLm2ZVNRlihoSclkDr9F5 3Ga1pkNsH9wJubyvbSok/p6hg6g3k2dUm0rwVWpwO puy/zjFQtG44gZpEMeXqQRAW84EGqIP5GvLrqqU/4hFhNIwTQOLixyJgVuBJC3BqaqEgHzsU/OVCObj5dp/WpA5XQWvAkItQcUm 8Go2j48aEAAMdYsDayhtVXKcrL6zPf6CJuJDyuiL0HSR9TIkYM9KSkDv5TS36/RTRgYFV8FFqbu2eVvtzpzd76quVogYFp/n0","account_id":"622826840","app":"insight","otp":"345804","token":"fe98ddab81cf4940bad682c98b4d7d0e"}
HEADERS: {"host":"localhost:1337","connection":"keep-alive","upgrade-insecure-requests":"1","user-agent":"Mozilla/5.0 (Windows NT 6.1; WOW64) AppleWebKit/537.36 (KHTML, like Gecko) coc_coc_browser/63.4.154 Chrome/57.4.2987.154 Safari/537.36","accept":"text/html,application/xhtml+xml,application/xml;q=0.9,image/webp,*/*;q=0.8","accept-encoding":"gzip, deflate, sdch, br","accept-language":"vi-VN,vi;q=0.8,fr-FR;q=0.6,fr;q=0.4,en-US;q=0.2,en;q=0.2","cookie":"_ga=GA1.1.1627206596.1495003441; PHPSESSID=7bt05ou7uildhggbo7tm82l076; rock_format=json; sails.sid=s%3AMW9FtJ4yHrLMTWPaPlhLGnOQz592jVYl.hBvqRBXQH017UtPQRPL7Logu%2F3XvSn4aAT3U%2FKuLVFo","client_ip":"::1"}
RESPONSE: {"code":102,"desc":"INVALID_PARAMS","data":"","message":"INVALID_PARAMS"}
======================
TIME: 2017-05-29 09:30:11
PARAMS: {"q":"3LypkbcTdywqVhnLdgtsByTWdoM74DbzWWNmmUgIjaDQxULTgYHssrbwskrxbZbHOo0EOoQsvdpX1yHnAm/JpBUU5o9GKTLsvnLLRv3EkFPSe2Y2aiRuZggwXT4C7Tnh7QdyEwEUl5ASk IaApuqLWhcYauJDuWDh6zLrCZYiZvn7YKudwC1zXG92iGnL5Scd1fHZSw8Ej6GSQTr1vF5o0rxHuaYLm2ZVNRlihoSclkDr9F5 3Ga1pkNsH9wJubyvbSok/p6hg6g3k2dUm0rwVWpwO puy/zjFQtG44gZpEMeXqQRAW84EGqIP5GvLrqqU/4hFhNIwTQOLixyJgVuBJC3BqaqEgHzsU/OVCObj5dp/WpA5XQWvAkItQcUm 8Go2j48aEAAMdYsDayhtVXKcrL6zPf6CJuJDyuiL0HSR9TIkYM9KSkDv5TS36/RTRgYFV8FFqbu2eVvtzpzd76quVogYFp/n0","account_id":"622826840","app":"insight","otp":"345804","token":"87c75e9f4dc45f6e1d7b6d6e5150fcde"}
HEADERS: {"host":"localhost:1337","connection":"keep-alive","cache-control":"max-age=0","upgrade-insecure-requests":"1","user-agent":"Mozilla/5.0 (Windows NT 6.1; WOW64) AppleWebKit/537.36 (KHTML, like Gecko) coc_coc_browser/63.4.154 Chrome/57.4.2987.154 Safari/537.36","accept":"text/html,application/xhtml+xml,application/xml;q=0.9,image/webp,*/*;q=0.8","accept-encoding":"gzip, deflate, sdch, br","accept-language":"vi-VN,vi;q=0.8,fr-FR;q=0.6,fr;q=0.4,en-US;q=0.2,en;q=0.2","cookie":"_ga=GA1.1.1627206596.1495003441; PHPSESSID=7bt05ou7uildhggbo7tm82l076; rock_format=json; sails.sid=s%3AqScUld_gP0-GNNlaXias4uIejPYpU7dO.zpN09kRfmpqrNGmo7bQ%2BwZSud7lZdvURcXPwBuG6Ydo","client_ip":"::1"}
RESPONSE: {"code":102,"desc":"INVALID_PARAMS","data":"","message":"INVALID_PARAMS"}
======================
TIME: 2017-05-29 09:30:34
PARAMS: {"q":"3LypkbcTdywqVhnLdgtsByTWdoM74DbzWWNmmUgIjaDQxULTgYHssrbwskrxbZbHOo0EOoQsvdpX1yHnAm/JpBUU5o9GKTLsvnLLRv3EkFPSe2Y2aiRuZggwXT4C7Tnh7QdyEwEUl5ASk IaApuqLWhcYauJDuWDh6zLrCZYiZvn7YKudwC1zXG92iGnL5Scd1fHZSw8Ej6GSQTr1vF5o0rxHuaYLm2ZVNRlihoSclkDr9F5 3Ga1pkNsH9wJubyvbSok/p6hg6g3k2dUm0rwVWpwO puy/zjFQtG44gZpEMeXqQRAW84EGqIP5GvLrqqU/4hFhNIwTQOLixyJgVuBJC3BqaqEgHzsU/OVCObj5dp/WpA5XQWvAkItQcUm 8Go2j48aEAAMdYsDayhtVXKcrL6zPf6CJuJDyuiL0HSR9TIkYM9KSkDv5TS36/RTRgYFV8FFqbu2eVvtzpzd76quVogYFp/n0","account_id":"622826840","app":"insight","otp":"345804","token":"77e64c1febc382aff5c9455a88e52540"}
HEADERS: {"host":"localhost:1337","connection":"keep-alive","cache-control":"max-age=0","upgrade-insecure-requests":"1","user-agent":"Mozilla/5.0 (Windows NT 6.1; WOW64) AppleWebKit/537.36 (KHTML, like Gecko) coc_coc_browser/63.4.154 Chrome/57.4.2987.154 Safari/537.36","accept":"text/html,application/xhtml+xml,application/xml;q=0.9,image/webp,*/*;q=0.8","accept-encoding":"gzip, deflate, sdch, br","accept-language":"vi-VN,vi;q=0.8,fr-FR;q=0.6,fr;q=0.4,en-US;q=0.2,en;q=0.2","cookie":"_ga=GA1.1.1627206596.1495003441; PHPSESSID=7bt05ou7uildhggbo7tm82l076; rock_format=json; sails.sid=s%3AqScUld_gP0-GNNlaXias4uIejPYpU7dO.zpN09kRfmpqrNGmo7bQ%2BwZSud7lZdvURcXPwBuG6Ydo","client_ip":"::1"}
RESPONSE: {"code":102,"desc":"INVALID_PARAMS","data":"","message":"INVALID_PARAMS"}
======================
TIME: 2017-05-29 09:30:35
PARAMS: {"q":"3LypkbcTdywqVhnLdgtsByTWdoM74DbzWWNmmUgIjaDQxULTgYHssrbwskrxbZbHOo0EOoQsvdpX1yHnAm/JpBUU5o9GKTLsvnLLRv3EkFPSe2Y2aiRuZggwXT4C7Tnh7QdyEwEUl5ASk IaApuqLWhcYauJDuWDh6zLrCZYiZvn7YKudwC1zXG92iGnL5Scd1fHZSw8Ej6GSQTr1vF5o0rxHuaYLm2ZVNRlihoSclkDr9F5 3Ga1pkNsH9wJubyvbSok/p6hg6g3k2dUm0rwVWpwO puy/zjFQtG44gZpEMeXqQRAW84EGqIP5GvLrqqU/4hFhNIwTQOLixyJgVuBJC3BqaqEgHzsU/OVCObj5dp/WpA5XQWvAkItQcUm 8Go2j48aEAAMdYsDayhtVXKcrL6zPf6CJuJDyuiL0HSR9TIkYM9KSkDv5TS36/RTRgYFV8FFqbu2eVvtzpzd76quVogYFp/n0","account_id":"622826840","app":"insight","otp":"345804","token":"77e64c1febc382aff5c9455a88e52540"}
HEADERS: {"host":"localhost:1337","connection":"keep-alive","cache-control":"max-age=0","upgrade-insecure-requests":"1","user-agent":"Mozilla/5.0 (Windows NT 6.1; WOW64) AppleWebKit/537.36 (KHTML, like Gecko) coc_coc_browser/63.4.154 Chrome/57.4.2987.154 Safari/537.36","accept":"text/html,application/xhtml+xml,application/xml;q=0.9,image/webp,*/*;q=0.8","accept-encoding":"gzip, deflate, sdch, br","accept-language":"vi-VN,vi;q=0.8,fr-FR;q=0.6,fr;q=0.4,en-US;q=0.2,en;q=0.2","cookie":"_ga=GA1.1.1627206596.1495003441; PHPSESSID=7bt05ou7uildhggbo7tm82l076; rock_format=json; sails.sid=s%3ARxZmGwZjNRCIJe3Qavwp6pfvoG8iMGS7.q2JeIlE6QBqltlWq5yvHAVCDcYDKjMrefTuSeA13TQc","client_ip":"::1"}
RESPONSE: {"code":102,"desc":"INVALID_PARAMS","data":"","message":"INVALID_PARAMS"}
======================
TIME: 2017-05-29 09:32:32
PARAMS: {"q":"3LypkbcTdywqVhnLdgtsByTWdoM74DbzWWNmmUgIjaDQxULTgYHssrbwskrxbZbHOo0EOoQsvdpX1yHnAm/JpBUU5o9GKTLsvnLLRv3EkFPSe2Y2aiRuZggwXT4C7Tnh7QdyEwEUl5ASk IaApuqLWhcYauJDuWDh6zLrCZYiZvn7YKudwC1zXG92iGnL5Scd1fHZSw8Ej6GSQTr1vF5o0rxHuaYLm2ZVNRlihoSclkDr9F5 3Ga1pkNsH9wJubyvbSok/p6hg6g3k2dUm0rwVWpwO puy/zjFQtG44gZpEMeXqQRAW84EGqIP5GvLrqqU/4hFhNIwTQOLixyJgVuBJC3BqaqEgHzsU/OVCObj5dp/WpA5XQWvAkItQcUm 8Go2j48aEAAMdYsDayhtVXKcrL6zPf6CJuJDyuiL0HSR9TIkYM9KSkDv5TS36/RTRgYFV8FFqbu2eVvtzpzd76quVogYFp/n0","account_id":"622826840","app":"insight","otp":"345804","token":"18c415cc9348697392e194296816e7d3"}
HEADERS: {"host":"localhost:1337","connection":"keep-alive","cache-control":"max-age=0","upgrade-insecure-requests":"1","user-agent":"Mozilla/5.0 (Windows NT 6.1; WOW64) AppleWebKit/537.36 (KHTML, like Gecko) coc_coc_browser/63.4.154 Chrome/57.4.2987.154 Safari/537.36","accept":"text/html,application/xhtml+xml,application/xml;q=0.9,image/webp,*/*;q=0.8","accept-encoding":"gzip, deflate, sdch, br","accept-language":"vi-VN,vi;q=0.8,fr-FR;q=0.6,fr;q=0.4,en-US;q=0.2,en;q=0.2","cookie":"_ga=GA1.1.1627206596.1495003441; PHPSESSID=7bt05ou7uildhggbo7tm82l076; rock_format=json; sails.sid=s%3AXLonR-p6K_k-ghIraUrsqj75KOiyXNTS.eUXsaVYDXKELFYSqB%2F0JFK2j6YhygjrdmvkM33uxePg","client_ip":"::1"}
RESPONSE: {"code":102,"desc":"INVALID_PARAMS","data":"","message":"INVALID_PARAMS"}
======================
TIME: 2017-05-29 09:32:47
PARAMS: {"q":"3LypkbcTdywqVhnLdgtsByTWdoM74DbzWWNmmUgIjaDQxULTgYHssrbwskrxbZbHOo0EOoQsvdpX1yHnAm/JpBUU5o9GKTLsvnLLRv3EkFPSe2Y2aiRuZggwXT4C7Tnh7QdyEwEUl5ASk IaApuqLWhcYauJDuWDh6zLrCZYiZvn7YKudwC1zXG92iGnL5Scd1fHZSw8Ej6GSQTr1vF5o0rxHuaYLm2ZVNRlihoSclkDr9F5 3Ga1pkNsH9wJubyvbSok/p6hg6g3k2dUm0rwVWpwO puy/zjFQtG44gZpEMeXqQRAW84EGqIP5GvLrqqU/4hFhNIwTQOLixyJgVuBJC3BqaqEgHzsU/OVCObj5dp/WpA5XQWvAkItQcUm 8Go2j48aEAAMdYsDayhtVXKcrL6zPf6CJuJDyuiL0HSR9TIkYM9KSkDv5TS36/RTRgYFV8FFqbu2eVvtzpzd76quVogYFp/n0","account_id":"622826840","app":"insight","otp":"345804","token":"18c415cc9348697392e194296816e7d3","password":"123456"}
HEADERS: {"host":"localhost:1337","connection":"keep-alive","upgrade-insecure-requests":"1","user-agent":"Mozilla/5.0 (Windows NT 6.1; WOW64) AppleWebKit/537.36 (KHTML, like Gecko) coc_coc_browser/63.4.154 Chrome/57.4.2987.154 Safari/537.36","accept":"text/html,application/xhtml+xml,application/xml;q=0.9,image/webp,*/*;q=0.8","accept-encoding":"gzip, deflate, sdch, br","accept-language":"vi-VN,vi;q=0.8,fr-FR;q=0.6,fr;q=0.4,en-US;q=0.2,en;q=0.2","cookie":"_ga=GA1.1.1627206596.1495003441; PHPSESSID=7bt05ou7uildhggbo7tm82l076; rock_format=json; sails.sid=s%3Aj0k6Ed84SirNkbpQP2PGwawOlP9lesxx.krO8KTSxZRzSkYlp8BlZC6Xn0mmtCS4c0mPueIiMFbk","client_ip":"::1"}
RESPONSE: {"code":102,"desc":"INVALID_PARAMS","data":"","message":"INVALID_PARAMS"}
======================
TIME: 2017-05-29 09:32:52
PARAMS: {"q":"3LypkbcTdywqVhnLdgtsByTWdoM74DbzWWNmmUgIjaDQxULTgYHssrbwskrxbZbHOo0EOoQsvdpX1yHnAm/JpBUU5o9GKTLsvnLLRv3EkFPSe2Y2aiRuZggwXT4C7Tnh7QdyEwEUl5ASk IaApuqLWhcYauJDuWDh6zLrCZYiZvn7YKudwC1zXG92iGnL5Scd1fHZSw8Ej6GSQTr1vF5o0rxHuaYLm2ZVNRlihoSclkDr9F5 3Ga1pkNsH9wJubyvbSok/p6hg6g3k2dUm0rwVWpwO puy/zjFQtG44gZpEMeXqQRAW84EGqIP5GvLrqqU/4hFhNIwTQOLixyJgVuBJC3BqaqEgHzsU/OVCObj5dp/WpA5XQWvAkItQcUm 8Go2j48aEAAMdYsDayhtVXKcrL6zPf6CJuJDyuiL0HSR9TIkYM9KSkDv5TS36/RTRgYFV8FFqbu2eVvtzpzd76quVogYFp/n0","account_id":"622826840","app":"insight","otp":"345804","token":"18c415cc9348697392e194296816e7d3","password":"123456"}
HEADERS: {"host":"localhost:1337","connection":"keep-alive","cache-control":"max-age=0","upgrade-insecure-requests":"1","user-agent":"Mozilla/5.0 (Windows NT 6.1; WOW64) AppleWebKit/537.36 (KHTML, like Gecko) coc_coc_browser/63.4.154 Chrome/57.4.2987.154 Safari/537.36","accept":"text/html,application/xhtml+xml,application/xml;q=0.9,image/webp,*/*;q=0.8","accept-encoding":"gzip, deflate, sdch, br","accept-language":"vi-VN,vi;q=0.8,fr-FR;q=0.6,fr;q=0.4,en-US;q=0.2,en;q=0.2","cookie":"_ga=GA1.1.1627206596.1495003441; PHPSESSID=7bt05ou7uildhggbo7tm82l076; rock_format=json; sails.sid=s%3Aj0k6Ed84SirNkbpQP2PGwawOlP9lesxx.krO8KTSxZRzSkYlp8BlZC6Xn0mmtCS4c0mPueIiMFbk","if-none-match":"W/\"5a-7928DRctPjrnhmtEM/MaBQ\"","client_ip":"::1"}
RESPONSE: {"code":102,"desc":"INVALID_PARAMS","data":"","message":"INVALID_PARAMS"}
======================
TIME: 2017-05-29 09:33:03
PARAMS: {"q":"3LypkbcTdywqVhnLdgtsByTWdoM74DbzWWNmmUgIjaDQxULTgYHssrbwskrxbZbHOo0EOoQsvdpX1yHnAm/JpBUU5o9GKTLsvnLLRv3EkFPSe2Y2aiRuZggwXT4C7Tnh7QdyEwEUl5ASk IaApuqLWhcYauJDuWDh6zLrCZYiZvn7YKudwC1zXG92iGnL5Scd1fHZSw8Ej6GSQTr1vF5o0rxHuaYLm2ZVNRlihoSclkDr9F5 3Ga1pkNsH9wJubyvbSok/p6hg6g3k2dUm0rwVWpwO puy/zjFQtG44gZpEMeXqQRAW84EGqIP5GvLrqqU/4hFhNIwTQOLixyJgVuBJC3BqaqEgHzsU/OVCObj5dp/WpA5XQWvAkItQcUm 8Go2j48aEAAMdYsDayhtVXKcrL6zPf6CJuJDyuiL0HSR9TIkYM9KSkDv5TS36/RTRgYFV8FFqbu2eVvtzpzd76quVogYFp/n0","account_id":"622826840","app":"insight","otp":"345804","token":"bef30953d8de583772a182a256863d7e","password":"123456","account":"123"}
HEADERS: {"host":"localhost:1337","connection":"keep-alive","upgrade-insecure-requests":"1","user-agent":"Mozilla/5.0 (Windows NT 6.1; WOW64) AppleWebKit/537.36 (KHTML, like Gecko) coc_coc_browser/63.4.154 Chrome/57.4.2987.154 Safari/537.36","accept":"text/html,application/xhtml+xml,application/xml;q=0.9,image/webp,*/*;q=0.8","accept-encoding":"gzip, deflate, sdch, br","accept-language":"vi-VN,vi;q=0.8,fr-FR;q=0.6,fr;q=0.4,en-US;q=0.2,en;q=0.2","cookie":"_ga=GA1.1.1627206596.1495003441; PHPSESSID=7bt05ou7uildhggbo7tm82l076; rock_format=json; sails.sid=s%3Aj0k6Ed84SirNkbpQP2PGwawOlP9lesxx.krO8KTSxZRzSkYlp8BlZC6Xn0mmtCS4c0mPueIiMFbk","client_ip":"::1"}
RESPONSE: {"code":500001,"desc":"AUTHORIZE_FAIL","data":"","message":"Đăng nhập thất bại"}
======================
TIME: 2017-05-29 09:34:56
PARAMS: {"q":"3LypkbcTdywqVhnLdgtsByTWdoM74DbzWWNmmUgIjaDQxULTgYHssrbwskrxbZbHOo0EOoQsvdpX1yHnAm/JpBUU5o9GKTLsvnLLRv3EkFPSe2Y2aiRuZggwXT4C7Tnh7QdyEwEUl5ASk IaApuqLWhcYauJDuWDh6zLrCZYiZvn7YKudwC1zXG92iGnL5Scd1fHZSw8Ej6GSQTr1vF5o0rxHuaYLm2ZVNRlihoSclkDr9F5 3Ga1pkNsH9wJubyvbSok/p6hg6g3k2dUm0rwVWpwO puy/zjFQtG44gZpEMeXqQRAW84EGqIP5GvLrqqU/4hFhNIwTQOLixyJgVuBJC3BqaqEgHzsU/OVCObj5dp/WpA5XQWvAkItQcUm 8Go2j48aEAAMdYsDayhtVXKcrL6zPf6CJuJDyuiL0HSR9TIkYM9KSkDv5TS36/RTRgYFV8FFqbu2eVvtzpzd76quVogYFp/n0","account_id":"622826840","app":"insight","otp":"345804","token":"f0e2a98e7daad4036a9003883f5ec430","password":"123456","account":"123"}
HEADERS: {"host":"localhost:1337","connection":"keep-alive","cache-control":"max-age=0","upgrade-insecure-requests":"1","user-agent":"Mozilla/5.0 (Windows NT 6.1; WOW64) AppleWebKit/537.36 (KHTML, like Gecko) coc_coc_browser/63.4.154 Chrome/57.4.2987.154 Safari/537.36","accept":"text/html,application/xhtml+xml,application/xml;q=0.9,image/webp,*/*;q=0.8","accept-encoding":"gzip, deflate, sdch, br","accept-language":"vi-VN,vi;q=0.8,fr-FR;q=0.6,fr;q=0.4,en-US;q=0.2,en;q=0.2","cookie":"_ga=GA1.1.1627206596.1495003441; PHPSESSID=7bt05ou7uildhggbo7tm82l076; rock_format=json; sails.sid=s%3Aj0k6Ed84SirNkbpQP2PGwawOlP9lesxx.krO8KTSxZRzSkYlp8BlZC6Xn0mmtCS4c0mPueIiMFbk","client_ip":"::1"}
RESPONSE: {"code":500001,"desc":"AUTHORIZE_FAIL","data":"","message":"Đăng nhập thất bại"}
======================
TIME: 2017-05-29 09:37:26
PARAMS: {"q":"3LypkbcTdywqVhnLdgtsByTWdoM74DbzWWNmmUgIjaDQxULTgYHssrbwskrxbZbHOo0EOoQsvdpX1yHnAm/JpBUU5o9GKTLsvnLLRv3EkFPSe2Y2aiRuZggwXT4C7Tnh7QdyEwEUl5ASk IaApuqLWhcYauJDuWDh6zLrCZYiZvn7YKudwC1zXG92iGnL5Scd1fHZSw8Ej6GSQTr1vF5o0rxHuaYLm2ZVNRlihoSclkDr9F5 3Ga1pkNsH9wJubyvbSok/p6hg6g3k2dUm0rwVWpwO puy/zjFQtG44gZpEMeXqQRAW84EGqIP5GvLrqqU/4hFhNIwTQOLixyJgVuBJC3BqaqEgHzsU/OVCObj5dp/WpA5XQWvAkItQcUm 8Go2j48aEAAMdYsDayhtVXKcrL6zPf6CJuJDyuiL0HSR9TIkYM9KSkDv5TS36/RTRgYFV8FFqbu2eVvtzpzd76quVogYFp/n0","account_id":"622826840","app":"insight","otp":"345804","token":"2eac150d146fba2234913000d2aabaef","password":"123456","account":"123"}
HEADERS: {"host":"localhost:1337","connection":"keep-alive","cache-control":"max-age=0","upgrade-insecure-requests":"1","user-agent":"Mozilla/5.0 (Windows NT 6.1; WOW64) AppleWebKit/537.36 (KHTML, like Gecko) coc_coc_browser/63.4.154 Chrome/57.4.2987.154 Safari/537.36","accept":"text/html,application/xhtml+xml,application/xml;q=0.9,image/webp,*/*;q=0.8","accept-encoding":"gzip, deflate, sdch, br","accept-language":"vi-VN,vi;q=0.8,fr-FR;q=0.6,fr;q=0.4,en-US;q=0.2,en;q=0.2","cookie":"_ga=GA1.1.1627206596.1495003441; PHPSESSID=7bt05ou7uildhggbo7tm82l076; rock_format=json; sails.sid=s%3Aj0k6Ed84SirNkbpQP2PGwawOlP9lesxx.krO8KTSxZRzSkYlp8BlZC6Xn0mmtCS4c0mPueIiMFbk","client_ip":"::1"}
RESPONSE: {"code":500001,"desc":"AUTHORIZE_FAIL","data":"","message":"Đăng nhập thất bại"}
======================
TIME: 2017-05-29 09:40:26
PARAMS: {"q":"3LypkbcTdywqVhnLdgtsByTWdoM74DbzWWNmmUgIjaDQxULTgYHssrbwskrxbZbHOo0EOoQsvdpX1yHnAm/JpBUU5o9GKTLsvnLLRv3EkFPSe2Y2aiRuZggwXT4C7Tnh7QdyEwEUl5ASk IaApuqLWhcYauJDuWDh6zLrCZYiZvn7YKudwC1zXG92iGnL5Scd1fHZSw8Ej6GSQTr1vF5o0rxHuaYLm2ZVNRlihoSclkDr9F5 3Ga1pkNsH9wJubyvbSok/p6hg6g3k2dUm0rwVWpwO puy/zjFQtG44gZpEMeXqQRAW84EGqIP5GvLrqqU/4hFhNIwTQOLixyJgVuBJC3BqaqEgHzsU/OVCObj5dp/WpA5XQWvAkItQcUm 8Go2j48aEAAMdYsDayhtVXKcrL6zPf6CJuJDyuiL0HSR9TIkYM9KSkDv5TS36/RTRgYFV8FFqbu2eVvtzpzd76quVogYFp/n0","account_id":"622826840","app":"insight","otp":"345804","token":"020a3168678261c5ecc4402d8b23b1f4","password":"123456","account":"123"}
HEADERS: {"host":"localhost:1337","connection":"keep-alive","cache-control":"max-age=0","upgrade-insecure-requests":"1","user-agent":"Mozilla/5.0 (Windows NT 6.1; WOW64) AppleWebKit/537.36 (KHTML, like Gecko) coc_coc_browser/63.4.154 Chrome/57.4.2987.154 Safari/537.36","accept":"text/html,application/xhtml+xml,application/xml;q=0.9,image/webp,*/*;q=0.8","accept-encoding":"gzip, deflate, sdch, br","accept-language":"vi-VN,vi;q=0.8,fr-FR;q=0.6,fr;q=0.4,en-US;q=0.2,en;q=0.2","cookie":"_ga=GA1.1.1627206596.1495003441; PHPSESSID=7bt05ou7uildhggbo7tm82l076; rock_format=json; sails.sid=s%3Aj0k6Ed84SirNkbpQP2PGwawOlP9lesxx.krO8KTSxZRzSkYlp8BlZC6Xn0mmtCS4c0mPueIiMFbk","client_ip":"::1"}
RESPONSE: {"code":500001,"desc":"AUTHORIZE_FAIL","data":"","message":"Đăng nhập thất bại"}
======================
TIME: 2017-05-29 09:47:26
PARAMS: {"q":"3LypkbcTdywqVhnLdgtsByTWdoM74DbzWWNmmUgIjaDQxULTgYHssrbwskrxbZbHOo0EOoQsvdpX1yHnAm/JpBUU5o9GKTLsvnLLRv3EkFPSe2Y2aiRuZggwXT4C7Tnh7QdyEwEUl5ASk IaApuqLWhcYauJDuWDh6zLrCZYiZvn7YKudwC1zXG92iGnL5Scd1fHZSw8Ej6GSQTr1vF5o0rxHuaYLm2ZVNRlihoSclkDr9F5 3Ga1pkNsH9wJubyvbSok/p6hg6g3k2dUm0rwVWpwO puy/zjFQtG44gZpEMeXqQRAW84EGqIP5GvLrqqU/4hFhNIwTQOLixyJgVuBJC3BqaqEgHzsU/OVCObj5dp/WpA5XQWvAkItQcUm 8Go2j48aEAAMdYsDayhtVXKcrL6zPf6CJuJDyuiL0HSR9TIkYM9KSkDv5TS36/RTRgYFV8FFqbu2eVvtzpzd76quVogYFp/n0","account_id":"622826840","app":"insight","otp":"345804","token":"d817b0cb8805be4056187f1def2518af","password":"123456","account":"123"}
HEADERS: {"host":"localhost:1337","connection":"keep-alive","cache-control":"max-age=0","upgrade-insecure-requests":"1","user-agent":"Mozilla/5.0 (Windows NT 6.1; WOW64) AppleWebKit/537.36 (KHTML, like Gecko) coc_coc_browser/63.4.154 Chrome/57.4.2987.154 Safari/537.36","accept":"text/html,application/xhtml+xml,application/xml;q=0.9,image/webp,*/*;q=0.8","accept-encoding":"gzip, deflate, sdch, br","accept-language":"vi-VN,vi;q=0.8,fr-FR;q=0.6,fr;q=0.4,en-US;q=0.2,en;q=0.2","cookie":"_ga=GA1.1.1627206596.1495003441; PHPSESSID=7bt05ou7uildhggbo7tm82l076; rock_format=json; sails.sid=s%3Aj0k6Ed84SirNkbpQP2PGwawOlP9lesxx.krO8KTSxZRzSkYlp8BlZC6Xn0mmtCS4c0mPueIiMFbk","client_ip":"::1"}
RESPONSE: {"code":500001,"desc":"AUTHORIZE_FAIL","data":"","message":"Đăng nhập thất bại"}
======================
TIME: 2017-05-29 09:59:26
PARAMS: {"q":"3LypkbcTdywqVhnLdgtsByTWdoM74DbzWWNmmUgIjaDQxULTgYHssrbwskrxbZbHOo0EOoQsvdpX1yHnAm/JpBUU5o9GKTLsvnLLRv3EkFPSe2Y2aiRuZggwXT4C7Tnh7QdyEwEUl5ASk IaApuqLWhcYauJDuWDh6zLrCZYiZvn7YKudwC1zXG92iGnL5Scd1fHZSw8Ej6GSQTr1vF5o0rxHuaYLm2ZVNRlihoSclkDr9F5 3Ga1pkNsH9wJubyvbSok/p6hg6g3k2dUm0rwVWpwO puy/zjFQtG44gZpEMeXqQRAW84EGqIP5GvLrqqU/4hFhNIwTQOLixyJgVuBJC3BqaqEgHzsU/OVCObj5dp/WpA5XQWvAkItQcUm 8Go2j48aEAAMdYsDayhtVXKcrL6zPf6CJuJDyuiL0HSR9TIkYM9KSkDv5TS36/RTRgYFV8FFqbu2eVvtzpzd76quVogYFp/n0","account_id":"622826840","app":"insight","otp":"345804","token":"3688972272578d7e855c4075bb9b586d","password":"123456","account":"123"}
HEADERS: {"host":"localhost:1337","connection":"keep-alive","cache-control":"max-age=0","upgrade-insecure-requests":"1","user-agent":"Mozilla/5.0 (Windows NT 6.1; WOW64) AppleWebKit/537.36 (KHTML, like Gecko) coc_coc_browser/63.4.154 Chrome/57.4.2987.154 Safari/537.36","accept":"text/html,application/xhtml+xml,application/xml;q=0.9,image/webp,*/*;q=0.8","accept-encoding":"gzip, deflate, sdch, br","accept-language":"vi-VN,vi;q=0.8,fr-FR;q=0.6,fr;q=0.4,en-US;q=0.2,en;q=0.2","cookie":"_ga=GA1.1.1627206596.1495003441; PHPSESSID=7bt05ou7uildhggbo7tm82l076; rock_format=json; sails.sid=s%3Aj0k6Ed84SirNkbpQP2PGwawOlP9lesxx.krO8KTSxZRzSkYlp8BlZC6Xn0mmtCS4c0mPueIiMFbk","client_ip":"::1"}
RESPONSE: {"code":500001,"desc":"AUTHORIZE_FAIL","data":"","message":"Đăng nhập thất bại"}
======================
