TIME: 2017-05-29 17:01:28
PARAMS: {"account_id":"622826840","app":"insight","otp":"345804","token":"5910b62763d244d81f3ca44445a7eefa"}
HEADERS: {"host":"localhost:1337","connection":"keep-alive","cache-control":"max-age=0","upgrade-insecure-requests":"1","user-agent":"Mozilla/5.0 (Windows NT 6.1; WOW64) AppleWebKit/537.36 (KHTML, like Gecko) coc_coc_browser/63.4.154 Chrome/57.4.2987.154 Safari/537.36","accept":"text/html,application/xhtml+xml,application/xml;q=0.9,image/webp,*/*;q=0.8","accept-encoding":"gzip, deflate, sdch, br","accept-language":"vi-VN,vi;q=0.8,fr-FR;q=0.6,fr;q=0.4,en-US;q=0.2,en;q=0.2","cookie":"_ga=GA1.1.1627206596.1495003441; PHPSESSID=7bt05ou7uildhggbo7tm82l076; rock_format=json; sails.sid=s%3A8zgPJGsTA9lBmZzDCOXRhiCOcBvqp7h7.22fJPwXUjdIdyRFxRHxUC4OUWZ6ym7brkv7OLS6vgtE","if-none-match":"W/\"1cc-M+WZtD1aZVbA7SxufTECTA\"","client_ip":"::1"}
RESPONSE: {"code":102,"desc":"INVALID_PARAMS","data":"","message":"INVALID_PARAMS"}
======================
TIME: 2017-05-29 17:01:38
PARAMS: {"account_id":"622826840","app":"insight","otp":"345804","token":"d23033179ffadebd2c4472974aa0fdd1","app_id":"10000"}
HEADERS: {"host":"localhost:1337","connection":"keep-alive","upgrade-insecure-requests":"1","user-agent":"Mozilla/5.0 (Windows NT 6.1; WOW64) AppleWebKit/537.36 (KHTML, like Gecko) coc_coc_browser/63.4.154 Chrome/57.4.2987.154 Safari/537.36","accept":"text/html,application/xhtml+xml,application/xml;q=0.9,image/webp,*/*;q=0.8","accept-encoding":"gzip, deflate, sdch, br","accept-language":"vi-VN,vi;q=0.8,fr-FR;q=0.6,fr;q=0.4,en-US;q=0.2,en;q=0.2","cookie":"_ga=GA1.1.1627206596.1495003441; PHPSESSID=7bt05ou7uildhggbo7tm82l076; rock_format=json; sails.sid=s%3A47znvmqK9buNnyi8VpkXqnY6ayknNOwM.UQLSNAUmhYeRD6sJJ5bUu4kl%2FKaO7Y3zfCs9zzdZoPQ","client_ip":"::1"}
RESPONSE: {"code":500020,"desc":"GET_INFO_SUCCESS","data":{"account_id":622826840,"channel":"empty","platform":"android","msi_id":"100001495435285115507","createdAt":"2017-05-21T12:52:56.879Z","updatedAt":"2017-05-29T07:55:49.228Z","last_login":"2017-05-21T13:24:32.282Z","status":"normal","id":"5927f300edd71c782f000029"},"message":"Thông tin tài khoản"}
======================
TIME: 2017-05-29 17:15:14
PARAMS: {"account_id":"622826840","msi_id":"100001495371177494457","ref_msi":"5927f300edd71c782f000029","app":"insight","otp":"345804","token":"936f19d466f82f0ce8756a537d616597","app_id":"10000"}
HEADERS: {"host":"localhost:1337","connection":"keep-alive","upgrade-insecure-requests":"1","user-agent":"Mozilla/5.0 (Windows NT 6.1; WOW64) AppleWebKit/537.36 (KHTML, like Gecko) coc_coc_browser/63.4.154 Chrome/57.4.2987.154 Safari/537.36","accept":"text/html,application/xhtml+xml,application/xml;q=0.9,image/webp,*/*;q=0.8","accept-encoding":"gzip, deflate, sdch, br","accept-language":"vi-VN,vi;q=0.8,fr-FR;q=0.6,fr;q=0.4,en-US;q=0.2,en;q=0.2","cookie":"_ga=GA1.1.1627206596.1495003441; PHPSESSID=7bt05ou7uildhggbo7tm82l076; sails.sid=s%3A47znvmqK9buNnyi8VpkXqnY6ayknNOwM.UQLSNAUmhYeRD6sJJ5bUu4kl%2FKaO7Y3zfCs9zzdZoPQ; rock_format=json","client_ip":"::1"}
RESPONSE: {"code":106,"desc":"ACCESS_TOKEN_INVALID","data":"","message":"Chuỗi xác thực hết hạn"}
======================
TIME: 2017-05-29 17:31:15
PARAMS: {"account_id":"622826840","msi_id":"100001495371177494457","ref_msi":"5927f300edd71c782f000029","app":"insight","otp":"345804","token":"64f78ece2a04cae9e231ca8af4070a2f","app_id":"10000"}
HEADERS: {"host":"localhost:1337","connection":"keep-alive","cache-control":"max-age=0","upgrade-insecure-requests":"1","user-agent":"Mozilla/5.0 (Windows NT 6.1; WOW64) AppleWebKit/537.36 (KHTML, like Gecko) coc_coc_browser/63.4.154 Chrome/57.4.2987.154 Safari/537.36","accept":"text/html,application/xhtml+xml,application/xml;q=0.9,image/webp,*/*;q=0.8","accept-encoding":"gzip, deflate, sdch, br","accept-language":"vi-VN,vi;q=0.8,fr-FR;q=0.6,fr;q=0.4,en-US;q=0.2,en;q=0.2","cookie":"_ga=GA1.1.1627206596.1495003441; PHPSESSID=7bt05ou7uildhggbo7tm82l076; rock_format=json; sails.sid=s%3AQKbuJ3y3aJIj3DmDRtsGAwXssf9UKwE-.EYVMRvysRycQRyKNXVvw69KwYzBxh460xfNuRN4OnCM","if-none-match":"W/\"71-neMPpmwKz7XylUbXHJQwSw\"","client_ip":"::1"}
RESPONSE: {"code":100,"desc":"GET_INFO_FAILD","data":""}
======================
TIME: 2017-05-29 17:31:58
PARAMS: {"account_id":"622826840","msi_id":"100001495371177494457","ref_msi":"5927f300edd71c782f000029","app":"insight","otp":"345804","token":"c50f766c036bf3a6b85585a9b6836e33","app_id":"10000"}
HEADERS: {"host":"localhost:1337","connection":"keep-alive","cache-control":"max-age=0","upgrade-insecure-requests":"1","user-agent":"Mozilla/5.0 (Windows NT 6.1; WOW64) AppleWebKit/537.36 (KHTML, like Gecko) coc_coc_browser/63.4.154 Chrome/57.4.2987.154 Safari/537.36","accept":"text/html,application/xhtml+xml,application/xml;q=0.9,image/webp,*/*;q=0.8","accept-encoding":"gzip, deflate, sdch, br","accept-language":"vi-VN,vi;q=0.8,fr-FR;q=0.6,fr;q=0.4,en-US;q=0.2,en;q=0.2","cookie":"_ga=GA1.1.1627206596.1495003441; PHPSESSID=7bt05ou7uildhggbo7tm82l076; rock_format=json; sails.sid=s%3A63AUClDNMlcig0m_L26eEEQbVI5Lcdx8.MK4GuNXHDhmqrUee%2FcqsPYNvDK5G1WY9xEZikWJeNow","if-none-match":"W/\"3b-78rn7jB4ew4Ipl+D5lOM8g\"","client_ip":"::1"}
RESPONSE: {"code":100,"desc":"GET_INFO_FAILD 3","data":""}
======================
TIME: 2017-05-29 17:32:25
PARAMS: {"account_id":"622826840","msi_id":"100001495371177494457","ref_msi":"100001495435285115507","app":"insight","otp":"345804","token":"5d4579dd060467538bccbaef06669536","app_id":"10000"}
HEADERS: {"host":"localhost:1337","connection":"keep-alive","upgrade-insecure-requests":"1","user-agent":"Mozilla/5.0 (Windows NT 6.1; WOW64) AppleWebKit/537.36 (KHTML, like Gecko) coc_coc_browser/63.4.154 Chrome/57.4.2987.154 Safari/537.36","accept":"text/html,application/xhtml+xml,application/xml;q=0.9,image/webp,*/*;q=0.8","accept-encoding":"gzip, deflate, sdch, br","accept-language":"vi-VN,vi;q=0.8,fr-FR;q=0.6,fr;q=0.4,en-US;q=0.2,en;q=0.2","cookie":"_ga=GA1.1.1627206596.1495003441; PHPSESSID=7bt05ou7uildhggbo7tm82l076; rock_format=json; sails.sid=s%3A2uppPrd2_xQ3D820PQsik3nbGugvIHkZ.CnaMtLYnafZnFsyLBfhu23qOl0Oj%2B3Y7eQN1CUtPrts","client_ip":"::1"}
RESPONSE: {"code":500027,"desc":"UPDATE_CHANNEL_SUCCESS","data":[{"account_id":622826840,"channel":"empty","platform":"android","msi_id":"100001495371177494457","createdAt":"2017-05-21T12:52:56.879Z","updatedAt":"2017-05-29T10:32:24.952Z","last_login":"2017-05-21T13:24:32.282Z","id":"59218da82570d72b16807b02"}],"message":"Cập nhật channel thành công"}
======================
