TIME: 2017-05-26 15:53:37
PARAMS: {"q":"3LypkbcTdywqVhnLdgtsByTWdoM74DbzWWNmmUgIjaDQxULTgYHssrbwskrxbZbHOo0EOoQsvdpX1yHnAm/JpBUU5o9GKTLsvnLLRv3EkFPSe2Y2aiRuZggwXT4C7Tnh7QdyEwEUl5ASk IaApuqLWhcYauJDuWDh6zLrCZYiZvn7YKudwC1zXG92iGnL5Scd1fHZSw8Ej6GSQTr1vF5o0rxHuaYLm2ZVNRlihoSclkDr9F5 3Ga1pkNsH9wJubyvbSok/p6hg6g3k2dUm0rwVWpwO puy/zjFQtG44gZpEMeXqQRAW84EGqIP5GvLrqqU/4hFhNIwTQOLixyJgVuBJC3BqaqEgHzsU/OVCObj5dp/WpA5XQWvAkItQcUm 8Go2j48aEAAMdYsDayhtVXKcrL6zPf6CJuJDyuiL0HSR9TIkYM9KSkDv5TS36/RTRgYFV8FFqbu2eVvtzpzd76quVogYFp/n0","account_id":"455712051","app":"insight","otp":"345804","token":"a64ca1ef39cebb9cf44e59f500c0bb74"}
HEADERS: {"host":"localhost:1337","connection":"keep-alive","cache-control":"max-age=0","upgrade-insecure-requests":"1","user-agent":"Mozilla/5.0 (Windows NT 6.1; WOW64) AppleWebKit/537.36 (KHTML, like Gecko) coc_coc_browser/63.4.154 Chrome/57.4.2987.154 Safari/537.36","accept":"text/html,application/xhtml+xml,application/xml;q=0.9,image/webp,*/*;q=0.8","accept-encoding":"gzip, deflate, sdch, br","accept-language":"vi-VN,vi;q=0.8,fr-FR;q=0.6,fr;q=0.4,en-US;q=0.2,en;q=0.2","cookie":"_ga=GA1.1.1627206596.1495003441; PHPSESSID=7bt05ou7uildhggbo7tm82l076; rock_format=json; sails.sid=s%3A74gZmchwCBFBKx3LmaapMH77Y1sqkSjP.G1R3Ah5IgHxRVxM9DpXqv38T%2BizivZkpz3R3tEs39bk","if-none-match":"W/\"69-Dqn7xGOh54vZKebhNYeaIw\"","client_ip":"::1"}
RESPONSE: {"code":500001,"desc":"SEARCH_GRAPH_SUCCESS","data":"","message":"SEARCH_GRAPH_SUCCESS"}
======================
TIME: 2017-05-26 15:53:50
PARAMS: {"q":"3LypkbcTdywqVhnLdgtsByTWdoM74DbzWWNmmUgIjaDQxULTgYHssrbwskrxbZbHOo0EOoQsvdpX1yHnAm/JpBUU5o9GKTLsvnLLRv3EkFPSe2Y2aiRuZggwXT4C7Tnh7QdyEwEUl5ASk IaApuqLWhcYauJDuWDh6zLrCZYiZvn7YKudwC1zXG92iGnL5Scd1fHZSw8Ej6GSQTr1vF5o0rxHuaYLm2ZVNRlihoSclkDr9F5 3Ga1pkNsH9wJubyvbSok/p6hg6g3k2dUm0rwVWpwO puy/zjFQtG44gZpEMeXqQRAW84EGqIP5GvLrqqU/4hFhNIwTQOLixyJgVuBJC3BqaqEgHzsU/OVCObj5dp/WpA5XQWvAkItQcUm 8Go2j48aEAAMdYsDayhtVXKcrL6zPf6CJuJDyuiL0HSR9TIkYM9KSkDv5TS36/RTRgYFV8FFqbu2eVvtzpzd76quVogYFp/n0","account_id":"455712051","app":"insight","otp":"345804","token":"a64ca1ef39cebb9cf44e59f500c0bb74"}
HEADERS: {"host":"localhost:1337","connection":"keep-alive","cache-control":"max-age=0","upgrade-insecure-requests":"1","user-agent":"Mozilla/5.0 (Windows NT 6.1; WOW64) AppleWebKit/537.36 (KHTML, like Gecko) coc_coc_browser/63.4.154 Chrome/57.4.2987.154 Safari/537.36","accept":"text/html,application/xhtml+xml,application/xml;q=0.9,image/webp,*/*;q=0.8","accept-encoding":"gzip, deflate, sdch, br","accept-language":"vi-VN,vi;q=0.8,fr-FR;q=0.6,fr;q=0.4,en-US;q=0.2,en;q=0.2","cookie":"_ga=GA1.1.1627206596.1495003441; PHPSESSID=7bt05ou7uildhggbo7tm82l076; rock_format=json; sails.sid=s%3A9Rl1bkv0oy67etkKN-brdt6VjhFnVUEZ.jbvsXVQZm5%2F6gasN%2F0nSr62RkQRbTEVdbmGpRMa0GH4","if-none-match":"W/\"69-Dqn7xGOh54vZKebhNYeaIw\"","client_ip":"::1"}
RESPONSE: {"code":500001,"desc":"SEARCH_GRAPH_SUCCESS","data":"","message":"SEARCH_GRAPH_SUCCESS"}
======================
TIME: 2017-05-26 15:53:51
PARAMS: {"q":"3LypkbcTdywqVhnLdgtsByTWdoM74DbzWWNmmUgIjaDQxULTgYHssrbwskrxbZbHOo0EOoQsvdpX1yHnAm/JpBUU5o9GKTLsvnLLRv3EkFPSe2Y2aiRuZggwXT4C7Tnh7QdyEwEUl5ASk IaApuqLWhcYauJDuWDh6zLrCZYiZvn7YKudwC1zXG92iGnL5Scd1fHZSw8Ej6GSQTr1vF5o0rxHuaYLm2ZVNRlihoSclkDr9F5 3Ga1pkNsH9wJubyvbSok/p6hg6g3k2dUm0rwVWpwO puy/zjFQtG44gZpEMeXqQRAW84EGqIP5GvLrqqU/4hFhNIwTQOLixyJgVuBJC3BqaqEgHzsU/OVCObj5dp/WpA5XQWvAkItQcUm 8Go2j48aEAAMdYsDayhtVXKcrL6zPf6CJuJDyuiL0HSR9TIkYM9KSkDv5TS36/RTRgYFV8FFqbu2eVvtzpzd76quVogYFp/n0","account_id":"455712051","app":"insight","otp":"345804","token":"a64ca1ef39cebb9cf44e59f500c0bb74"}
HEADERS: {"host":"localhost:1337","connection":"keep-alive","cache-control":"max-age=0","upgrade-insecure-requests":"1","user-agent":"Mozilla/5.0 (Windows NT 6.1; WOW64) AppleWebKit/537.36 (KHTML, like Gecko) coc_coc_browser/63.4.154 Chrome/57.4.2987.154 Safari/537.36","accept":"text/html,application/xhtml+xml,application/xml;q=0.9,image/webp,*/*;q=0.8","accept-encoding":"gzip, deflate, sdch, br","accept-language":"vi-VN,vi;q=0.8,fr-FR;q=0.6,fr;q=0.4,en-US;q=0.2,en;q=0.2","cookie":"_ga=GA1.1.1627206596.1495003441; PHPSESSID=7bt05ou7uildhggbo7tm82l076; rock_format=json; sails.sid=s%3A9Rl1bkv0oy67etkKN-brdt6VjhFnVUEZ.jbvsXVQZm5%2F6gasN%2F0nSr62RkQRbTEVdbmGpRMa0GH4","if-none-match":"W/\"69-Dqn7xGOh54vZKebhNYeaIw\"","client_ip":"::1"}
RESPONSE: {"code":500001,"desc":"SEARCH_GRAPH_SUCCESS","data":"","message":"SEARCH_GRAPH_SUCCESS"}
======================
TIME: 2017-05-26 15:54:48
PARAMS: {"q":"3LypkbcTdywqVhnLdgtsByTWdoM74DbzWWNmmUgIjaDQxULTgYHssrbwskrxbZbHOo0EOoQsvdpX1yHnAm/JpBUU5o9GKTLsvnLLRv3EkFPSe2Y2aiRuZggwXT4C7Tnh7QdyEwEUl5ASk IaApuqLWhcYauJDuWDh6zLrCZYiZvn7YKudwC1zXG92iGnL5Scd1fHZSw8Ej6GSQTr1vF5o0rxHuaYLm2ZVNRlihoSclkDr9F5 3Ga1pkNsH9wJubyvbSok/p6hg6g3k2dUm0rwVWpwO puy/zjFQtG44gZpEMeXqQRAW84EGqIP5GvLrqqU/4hFhNIwTQOLixyJgVuBJC3BqaqEgHzsU/OVCObj5dp/WpA5XQWvAkItQcUm 8Go2j48aEAAMdYsDayhtVXKcrL6zPf6CJuJDyuiL0HSR9TIkYM9KSkDv5TS36/RTRgYFV8FFqbu2eVvtzpzd76quVogYFp/n0","account_id":"455712051","app":"insight","otp":"345804","token":"183b34653474c6894760f44018c82628"}
HEADERS: {"host":"localhost:1337","connection":"keep-alive","cache-control":"max-age=0","upgrade-insecure-requests":"1","user-agent":"Mozilla/5.0 (Windows NT 6.1; WOW64) AppleWebKit/537.36 (KHTML, like Gecko) coc_coc_browser/63.4.154 Chrome/57.4.2987.154 Safari/537.36","accept":"text/html,application/xhtml+xml,application/xml;q=0.9,image/webp,*/*;q=0.8","accept-encoding":"gzip, deflate, sdch, br","accept-language":"vi-VN,vi;q=0.8,fr-FR;q=0.6,fr;q=0.4,en-US;q=0.2,en;q=0.2","cookie":"_ga=GA1.1.1627206596.1495003441; PHPSESSID=7bt05ou7uildhggbo7tm82l076; rock_format=json; sails.sid=s%3A9Rl1bkv0oy67etkKN-brdt6VjhFnVUEZ.jbvsXVQZm5%2F6gasN%2F0nSr62RkQRbTEVdbmGpRMa0GH4","if-none-match":"W/\"69-Dqn7xGOh54vZKebhNYeaIw\"","client_ip":"::1"}
RESPONSE: {"code":500001,"desc":"SEARCH_GRAPH_SUCCESS","data":"","message":"SEARCH_GRAPH_SUCCESS"}
======================
TIME: 2017-05-26 15:54:53
PARAMS: {"q":"3LypkbcTdywqVhnLdgtsByTWdoM74DbzWWNmmUgIjaDQxULTgYHssrbwskrxbZbHOo0EOoQsvdpX1yHnAm/JpBUU5o9GKTLsvnLLRv3EkFPSe2Y2aiRuZggwXT4C7Tnh7QdyEwEUl5ASk IaApuqLWhcYauJDuWDh6zLrCZYiZvn7YKudwC1zXG92iGnL5Scd1fHZSw8Ej6GSQTr1vF5o0rxHuaYLm2ZVNRlihoSclkDr9F5 3Ga1pkNsH9wJubyvbSok/p6hg6g3k2dUm0rwVWpwO puy/zjFQtG44gZpEMeXqQRAW84EGqIP5GvLrqqU/4hFhNIwTQOLixyJgVuBJC3BqaqEgHzsU/OVCObj5dp/WpA5XQWvAkItQcUm 8Go2j48aEAAMdYsDayhtVXKcrL6zPf6CJuJDyuiL0HSR9TIkYM9KSkDv5TS36/RTRgYFV8FFqbu2eVvtzpzd76quVogYFp/n0","account_id":"455712051","app":"insight","otp":"345804","token":"183b34653474c6894760f44018c82628"}
HEADERS: {"host":"localhost:1337","connection":"keep-alive","cache-control":"max-age=0","upgrade-insecure-requests":"1","user-agent":"Mozilla/5.0 (Windows NT 6.1; WOW64) AppleWebKit/537.36 (KHTML, like Gecko) coc_coc_browser/63.4.154 Chrome/57.4.2987.154 Safari/537.36","accept":"text/html,application/xhtml+xml,application/xml;q=0.9,image/webp,*/*;q=0.8","accept-encoding":"gzip, deflate, sdch, br","accept-language":"vi-VN,vi;q=0.8,fr-FR;q=0.6,fr;q=0.4,en-US;q=0.2,en;q=0.2","cookie":"_ga=GA1.1.1627206596.1495003441; PHPSESSID=7bt05ou7uildhggbo7tm82l076; rock_format=json; sails.sid=s%3AHx1l1XUeSkVAzSBVK2AlXtEUYG5YJxjj.cRrvnweLoGoCl8k7NmLJy%2FIwr0wBBkkPX7%2FSoQxOrFs","if-none-match":"W/\"69-Dqn7xGOh54vZKebhNYeaIw\"","client_ip":"::1"}
RESPONSE: {"code":500001,"desc":"SEARCH_GRAPH_SUCCESS","data":"","message":"SEARCH_GRAPH_SUCCESS"}
======================
TIME: 2017-05-26 15:55:38
PARAMS: {"q":"3LypkbcTdywqVhnLdgtsByTWdoM74DbzWWNmmUgIjaDQxULTgYHssrbwskrxbZbHOo0EOoQsvdpX1yHnAm/JpBUU5o9GKTLsvnLLRv3EkFPSe2Y2aiRuZggwXT4C7Tnh7QdyEwEUl5ASk IaApuqLWhcYauJDuWDh6zLrCZYiZvn7YKudwC1zXG92iGnL5Scd1fHZSw8Ej6GSQTr1vF5o0rxHuaYLm2ZVNRlihoSclkDr9F5 3Ga1pkNsH9wJubyvbSok/p6hg6g3k2dUm0rwVWpwO puy/zjFQtG44gZpEMeXqQRAW84EGqIP5GvLrqqU/4hFhNIwTQOLixyJgVuBJC3BqaqEgHzsU/OVCObj5dp/WpA5XQWvAkItQcUm 8Go2j48aEAAMdYsDayhtVXKcrL6zPf6CJuJDyuiL0HSR9TIkYM9KSkDv5TS36/RTRgYFV8FFqbu2eVvtzpzd76quVogYFp/n0","account_id":"455712051","app":"insight","otp":"345804","token":"ee78d17e18cb2c9b0c5c57228ea7352f"}
HEADERS: {"host":"localhost:1337","connection":"keep-alive","cache-control":"max-age=0","upgrade-insecure-requests":"1","user-agent":"Mozilla/5.0 (Windows NT 6.1; WOW64) AppleWebKit/537.36 (KHTML, like Gecko) coc_coc_browser/63.4.154 Chrome/57.4.2987.154 Safari/537.36","accept":"text/html,application/xhtml+xml,application/xml;q=0.9,image/webp,*/*;q=0.8","accept-encoding":"gzip, deflate, sdch, br","accept-language":"vi-VN,vi;q=0.8,fr-FR;q=0.6,fr;q=0.4,en-US;q=0.2,en;q=0.2","cookie":"_ga=GA1.1.1627206596.1495003441; PHPSESSID=7bt05ou7uildhggbo7tm82l076; rock_format=json; sails.sid=s%3AHx1l1XUeSkVAzSBVK2AlXtEUYG5YJxjj.cRrvnweLoGoCl8k7NmLJy%2FIwr0wBBkkPX7%2FSoQxOrFs","if-none-match":"W/\"69-Dqn7xGOh54vZKebhNYeaIw\"","client_ip":"::1"}
RESPONSE: {"code":500001,"desc":"SEARCH_GRAPH_SUCCESS","data":"","message":"SEARCH_GRAPH_SUCCESS"}
======================
