URL
/web/authorize?q=DjEjbZFHOkpYHZ4vl6E6Z3IpuhJfg1JY7OGmQrYRnkByjVnzTT68gLsV6jno7Hju2J5SmBAhk6V3eyF1Xc1R977FZcFzgf%2FFp85dejZDmbq9ZwXPe0dMPSw7QhaXgeCoyFDqGbw%2BaOBh7Mo6LHmp0V1WK2gtNMViRlcsfKs%2Ft5u%2FqqfeDUv8RKCtmww6G27mWv%2BSw5ouXX63SHyzIqQqlFu9cSsX2zoCdnhSG40KA%2FVW9H8%2FoiE0Cc%2B7dEAhIyvrAdAFNhsCpoJG0zKisNYU31Y6gp5S5tRZddNt6kkNCqxF3ivmnoq0kw%3D%3D&otp=781552&app=10000&token=30a923377fc39ba0a895c1475a2f5f46
======================
TIME: 2017-05-31 15:54:42
PARAMS: {"account":"ngoctugobe","password":"94b8cea57c49a3007225a0c70c475450","user_agent":"Mozilla/5.0 (Windows NT 6.1; WOW64) AppleWebKit/537.36 (KHTML, like Gecko) coc_coc_browser/63.4.154 Chrome/57.4.2987.154 Safari/537.36","app":"10000"}
HEADERS: {"host":"localhost:1337","connection":"keep-alive","cache-control":"max-age=0","upgrade-insecure-requests":"1","user-agent":"Mozilla/5.0 (Windows NT 6.1; WOW64) AppleWebKit/537.36 (KHTML, like Gecko) coc_coc_browser/63.4.154 Chrome/57.4.2987.154 Safari/537.36","accept":"text/html,application/xhtml+xml,application/xml;q=0.9,image/webp,*/*;q=0.8","accept-encoding":"gzip, deflate, sdch, br","accept-language":"vi-VN,vi;q=0.8,fr-FR;q=0.6,fr;q=0.4,en-US;q=0.2,en;q=0.2","cookie":"_ga=GA1.1.1627206596.1495003441; PHPSESSID=7bt05ou7uildhggbo7tm82l076; sails.sid=s%3Ar5uye7SQFvGP8SHf9ktxQhYn8iNKdjgD.g9u6DBngE6QNUTW2tfI64CL1W%2BZNNanTbtRElhcuPcQ; rock_format=json","if-none-match":"W/\"69-pLTybLT1ukh78DUN8HHjJw\"","client_ip":"::1"}
RESPONSE: {"code":500000,"desc":"AUTHORIZE_SUCCESS","data":{"account_id":664494000,"access_token":"eyJoYXNoIjoiYmUzY2Y5M2MyMWYwYzc3MzkwMWIxZDRhYmRhZDNmYjYiLCJtc2lfaWQiOiIxMDAwMDE0ODM5NDk3Nzc1NTgyNDQiLCJhY2NvdW50X2lkIjoiMTAwMDAxNDgzOTQ5Nzc3NTU4MjQ0IiwiaWQiOjY2NDQ5NDAwMH0=","type":"default"},"message":"Đăng nhập thành công"}
======================
TIME: 2017-05-31 15:55:40
PARAMS: {"account_id":"622826840","service_id":"10000"}
HEADERS: {"host":"localhost:1337","connection":"keep-alive","upgrade-insecure-requests":"1","user-agent":"Mozilla/5.0 (Windows NT 6.1; WOW64) AppleWebKit/537.36 (KHTML, like Gecko) coc_coc_browser/63.4.154 Chrome/57.4.2987.154 Safari/537.36","accept":"text/html,application/xhtml+xml,application/xml;q=0.9,image/webp,*/*;q=0.8","accept-encoding":"gzip, deflate, sdch, br","accept-language":"vi-VN,vi;q=0.8,fr-FR;q=0.6,fr;q=0.4,en-US;q=0.2,en;q=0.2","cookie":"_ga=GA1.1.1627206596.1495003441; PHPSESSID=7bt05ou7uildhggbo7tm82l076; sails.sid=s%3Ar5uye7SQFvGP8SHf9ktxQhYn8iNKdjgD.g9u6DBngE6QNUTW2tfI64CL1W%2BZNNanTbtRElhcuPcQ; rock_format=json","if-none-match":"W/\"127-/t0Y4KZj2Kht8+FHeehWeA\"","client_ip":"::1"}
RESPONSE: {"code":100,"desc":"INVALID_TOKEN","data":{"raw":"62282684010000058605E7I2YXVIADSQXWTI","validToken":"8eb9a5fcb11a06be15e901b1da0c9537","requesToken":"f075023758978a1f25700d38583bfb96","otp":"058605","time":1496220940},"message":"INVALID_TOKEN"}
======================
TIME: 2017-05-31 15:56:41
PARAMS: {"account_id":"622826840","status":"normal","service_id":"10000"}
HEADERS: {"host":"localhost:1337","connection":"keep-alive","upgrade-insecure-requests":"1","user-agent":"Mozilla/5.0 (Windows NT 6.1; WOW64) AppleWebKit/537.36 (KHTML, like Gecko) coc_coc_browser/63.4.154 Chrome/57.4.2987.154 Safari/537.36","accept":"text/html,application/xhtml+xml,application/xml;q=0.9,image/webp,*/*;q=0.8","accept-encoding":"gzip, deflate, sdch, br","accept-language":"vi-VN,vi;q=0.8,fr-FR;q=0.6,fr;q=0.4,en-US;q=0.2,en;q=0.2","cookie":"_ga=GA1.1.1627206596.1495003441; PHPSESSID=7bt05ou7uildhggbo7tm82l076; sails.sid=s%3Ar5uye7SQFvGP8SHf9ktxQhYn8iNKdjgD.g9u6DBngE6QNUTW2tfI64CL1W%2BZNNanTbtRElhcuPcQ; rock_format=json","client_ip":"::1"}
RESPONSE: {"code":100,"desc":"INVALID_TOKEN","data":{"raw":"622826840normal10000941483E7I2YXVIADSQXWTI","validToken":"1c9b0cb49baa1d4efc1259b81d8b0f62","requesToken":"622826840normal10000941483E7I2YXVIADSQXWTI","otp":"941483","time":1496221001},"message":"INVALID_TOKEN"}
======================
TIME: 2017-05-31 15:56:50
PARAMS: {"account_id":"622826840","status":"normal","service_id":"10000"}
HEADERS: {"host":"localhost:1337","connection":"keep-alive","cache-control":"max-age=0","upgrade-insecure-requests":"1","user-agent":"Mozilla/5.0 (Windows NT 6.1; WOW64) AppleWebKit/537.36 (KHTML, like Gecko) coc_coc_browser/63.4.154 Chrome/57.4.2987.154 Safari/537.36","accept":"text/html,application/xhtml+xml,application/xml;q=0.9,image/webp,*/*;q=0.8","accept-encoding":"gzip, deflate, sdch, br","accept-language":"vi-VN,vi;q=0.8,fr-FR;q=0.6,fr;q=0.4,en-US;q=0.2,en;q=0.2","cookie":"_ga=GA1.1.1627206596.1495003441; PHPSESSID=7bt05ou7uildhggbo7tm82l076; rock_format=json; sails.sid=s%3AdoU7JHMgGuQUnnt1MHLvOkcpZ6dxmKBF.%2Bxahn5Kjav4kuPJugRj0iShi7nsJ4gxc3NVcIb8vF4c","if-none-match":"W/\"137-ZIHJhuUg/QedObNhejT8zQ\"","client_ip":"::1"}
RESPONSE: {"code":100,"desc":"INVALID_TOKEN","data":{"raw":"622826840normal10000941483E7I2YXVIADSQXWTI","validToken":"1c9b0cb49baa1d4efc1259b81d8b0f62","requesToken":"622826840normal10000941483E7I2YXVIADSQXWTI","otp":"941483","time":1496221010},"message":"INVALID_TOKEN"}
======================
TIME: 2017-05-31 15:58:18
PARAMS: {"account_id":"622826840","status":"normal","service_id":"10000"}
HEADERS: {"host":"localhost:1337","connection":"keep-alive","cache-control":"max-age=0","upgrade-insecure-requests":"1","user-agent":"Mozilla/5.0 (Windows NT 6.1; WOW64) AppleWebKit/537.36 (KHTML, like Gecko) coc_coc_browser/63.4.154 Chrome/57.4.2987.154 Safari/537.36","accept":"text/html,application/xhtml+xml,application/xml;q=0.9,image/webp,*/*;q=0.8","accept-encoding":"gzip, deflate, sdch, br","accept-language":"vi-VN,vi;q=0.8,fr-FR;q=0.6,fr;q=0.4,en-US;q=0.2,en;q=0.2","cookie":"_ga=GA1.1.1627206596.1495003441; PHPSESSID=7bt05ou7uildhggbo7tm82l076; rock_format=json; sails.sid=s%3AdoU7JHMgGuQUnnt1MHLvOkcpZ6dxmKBF.%2Bxahn5Kjav4kuPJugRj0iShi7nsJ4gxc3NVcIb8vF4c","if-none-match":"W/\"137-WnoFjbYT5HHxKAFgX0BBLw\"","client_ip":"::1"}
RESPONSE: {"code":500065,"desc":"UNLOCK_SUCCESS","data":"","message":"Mở khóa tài khoản thành công"}
======================
TIME: 2017-05-31 15:58:24
PARAMS: {"account_id":"622826840","status":"lock","service_id":"10000"}
HEADERS: {"host":"localhost:1337","connection":"keep-alive","upgrade-insecure-requests":"1","user-agent":"Mozilla/5.0 (Windows NT 6.1; WOW64) AppleWebKit/537.36 (KHTML, like Gecko) coc_coc_browser/63.4.154 Chrome/57.4.2987.154 Safari/537.36","accept":"text/html,application/xhtml+xml,application/xml;q=0.9,image/webp,*/*;q=0.8","accept-encoding":"gzip, deflate, sdch, br","accept-language":"vi-VN,vi;q=0.8,fr-FR;q=0.6,fr;q=0.4,en-US;q=0.2,en;q=0.2","cookie":"_ga=GA1.1.1627206596.1495003441; PHPSESSID=7bt05ou7uildhggbo7tm82l076; rock_format=json; sails.sid=s%3AvzI6b86fkRLELWr81Mwxq6jvFxOJbTy8.3QUoEO1aKeLkKu8dJ5lhKU%2FiSbh4Syhq9GmWucooghs","client_ip":"::1"}
RESPONSE: {"code":100,"desc":"LOCK_SUCCESS","data":[{"account_id":622826840,"channel":"empty","platform":"android","msi_id":"100001495435285115507","createdAt":"2017-05-21T12:52:56.879Z","updatedAt":"2017-05-31T08:58:24.964Z","last_login":"2017-05-21T13:24:32.282Z","status":"lock","id":"5927f300edd71c782f000029"}]}
======================
URL
/web/authorize?q=DjEjbZFHOkpYHZ4vl6E6Z3IpuhJfg1JY7OGmQrYRnkByjVnzTT68gLsV6jno7Hju2J5SmBAhk6V3eyF1Xc1R977FZcFzgf%2FFp85dejZDmbq9ZwXPe0dMPSw7QhaXgeCoyFDqGbw%2BaOBh7Mo6LHmp0V1WK2gtNMViRlcsfKs%2Ft5u%2FqqfeDUv8RKCtmww6G27mWv%2BSw5ouXX63SHyzIqQqlFu9cSsX2zoCdnhSG40KA%2FVW9H8%2FoiE0Cc%2B7dEAhIyvrAdAFNhsCpoJG0zKisNYU31Y6gp5S5tRZddNt6kkNCqxF3ivmnoq0kw%3D%3D&otp=781552&app=10000&token=30a923377fc39ba0a895c1475a2f5f46
======================
TIME: 2017-05-31 15:58:26
PARAMS: {"account":"ngoctugobe","password":"94b8cea57c49a3007225a0c70c475450","user_agent":"Mozilla/5.0 (Windows NT 6.1; WOW64) AppleWebKit/537.36 (KHTML, like Gecko) coc_coc_browser/63.4.154 Chrome/57.4.2987.154 Safari/537.36","app":"10000"}
HEADERS: {"host":"localhost:1337","connection":"keep-alive","cache-control":"max-age=0","upgrade-insecure-requests":"1","user-agent":"Mozilla/5.0 (Windows NT 6.1; WOW64) AppleWebKit/537.36 (KHTML, like Gecko) coc_coc_browser/63.4.154 Chrome/57.4.2987.154 Safari/537.36","accept":"text/html,application/xhtml+xml,application/xml;q=0.9,image/webp,*/*;q=0.8","accept-encoding":"gzip, deflate, sdch, br","accept-language":"vi-VN,vi;q=0.8,fr-FR;q=0.6,fr;q=0.4,en-US;q=0.2,en;q=0.2","cookie":"_ga=GA1.1.1627206596.1495003441; PHPSESSID=7bt05ou7uildhggbo7tm82l076; rock_format=json; sails.sid=s%3AvzI6b86fkRLELWr81Mwxq6jvFxOJbTy8.3QUoEO1aKeLkKu8dJ5lhKU%2FiSbh4Syhq9GmWucooghs","if-none-match":"W/\"166-Ftm3OrzO0x17k25t3WWwWA\"","client_ip":"::1"}
RESPONSE: {"code":500000,"desc":"AUTHORIZE_SUCCESS","data":{"account_id":664494000,"access_token":"eyJoYXNoIjoiOWQ4MjRhNjkwNGU3MGE5MzE3MjU4NDdkMjc4YzdhODkiLCJtc2lfaWQiOiIxMDAwMDE0ODM5NDk3Nzc1NTgyNDQiLCJhY2NvdW50X2lkIjoiMTAwMDAxNDgzOTQ5Nzc3NTU4MjQ0IiwiaWQiOjY2NDQ5NDAwMH0=","type":"default"},"message":"Đăng nhập thành công"}
======================
URL
/web/authorize?q=DjEjbZFHOkpYHZ4vl6E6Z3IpuhJfg1JY7OGmQrYRnkByjVnzTT68gLsV6jno7Hju2J5SmBAhk6V3eyF1Xc1R977FZcFzgf%2FFp85dejZDmbq9ZwXPe0dMPSw7QhaXgeCoyFDqGbw%2BaOBh7Mo6LHmp0V1WK2gtNMViRlcsfKs%2Ft5u%2FqqfeDUv8RKCtmww6G27mWv%2BSw5ouXX63SHyzIqQqlFu9cSsX2zoCdnhSG40KA%2FVW9H8%2FoiE0Cc%2B7dEAhIyvrAdAFNhsCpoJG0zKisNYU31Y6gp5S5tRZddNt6kkNCqxF3ivmnoq0kw%3D%3D&otp=781552&app=10000&token=30a923377fc39ba0a895c1475a2f5f46
======================
TIME: 2017-05-31 15:58:28
PARAMS: {"account":"ngoctugobe","password":"94b8cea57c49a3007225a0c70c475450","user_agent":"Mozilla/5.0 (Windows NT 6.1; WOW64) AppleWebKit/537.36 (KHTML, like Gecko) coc_coc_browser/63.4.154 Chrome/57.4.2987.154 Safari/537.36","app":"10000"}
HEADERS: {"host":"localhost:1337","connection":"keep-alive","cache-control":"max-age=0","upgrade-insecure-requests":"1","user-agent":"Mozilla/5.0 (Windows NT 6.1; WOW64) AppleWebKit/537.36 (KHTML, like Gecko) coc_coc_browser/63.4.154 Chrome/57.4.2987.154 Safari/537.36","accept":"text/html,application/xhtml+xml,application/xml;q=0.9,image/webp,*/*;q=0.8","accept-encoding":"gzip, deflate, sdch, br","accept-language":"vi-VN,vi;q=0.8,fr-FR;q=0.6,fr;q=0.4,en-US;q=0.2,en;q=0.2","cookie":"_ga=GA1.1.1627206596.1495003441; PHPSESSID=7bt05ou7uildhggbo7tm82l076; rock_format=json; sails.sid=s%3AvzI6b86fkRLELWr81Mwxq6jvFxOJbTy8.3QUoEO1aKeLkKu8dJ5lhKU%2FiSbh4Syhq9GmWucooghs","if-none-match":"W/\"166-AGrdzHKTqH/vEbQSm842Fg\"","client_ip":"::1"}
RESPONSE: {"code":500000,"desc":"AUTHORIZE_SUCCESS","data":{"account_id":664494000,"access_token":"eyJoYXNoIjoiNmU3NmMzZmQwZDNmYTA3MzY2NjhmMmRmZDk3NTY5ZDEiLCJtc2lfaWQiOiIxMDAwMDE0ODM5NDk3Nzc1NTgyNDQiLCJhY2NvdW50X2lkIjoiMTAwMDAxNDgzOTQ5Nzc3NTU4MjQ0IiwiaWQiOjY2NDQ5NDAwMH0=","type":"default"},"message":"Đăng nhập thành công"}
======================
