TIME: 2017-05-31 16:02:03
PARAMS: {"account_id":"622826840","status":"lock"}
HEADERS: {"host":"localhost:1337","connection":"keep-alive","upgrade-insecure-requests":"1","user-agent":"Mozilla/5.0 (Windows NT 6.1; WOW64) AppleWebKit/537.36 (KHTML, like Gecko) coc_coc_browser/63.4.154 Chrome/57.4.2987.154 Safari/537.36","accept":"text/html,application/xhtml+xml,application/xml;q=0.9,image/webp,*/*;q=0.8","accept-encoding":"gzip, deflate, sdch, br","accept-language":"vi-VN,vi;q=0.8,fr-FR;q=0.6,fr;q=0.4,en-US;q=0.2,en;q=0.2","cookie":"_ga=GA1.1.1627206596.1495003441; PHPSESSID=7bt05ou7uildhggbo7tm82l076; rock_format=json; sails.sid=s%3AvzI6b86fkRLELWr81Mwxq6jvFxOJbTy8.3QUoEO1aKeLkKu8dJ5lhKU%2FiSbh4Syhq9GmWucooghs","client_ip":"::1"}
RESPONSE: {"code":100,"desc":"LOCK_SUCCESS","data":""}
======================
URL
/web/authorize?q=DjEjbZFHOkpYHZ4vl6E6Z3IpuhJfg1JY7OGmQrYRnkByjVnzTT68gLsV6jno7Hju2J5SmBAhk6V3eyF1Xc1R977FZcFzgf%2FFp85dejZDmbq9ZwXPe0dMPSw7QhaXgeCoyFDqGbw%2BaOBh7Mo6LHmp0V1WK2gtNMViRlcsfKs%2Ft5u%2FqqfeDUv8RKCtmww6G27mWv%2BSw5ouXX63SHyzIqQqlFu9cSsX2zoCdnhSG40KA%2FVW9H8%2FoiE0Cc%2B7dEAhIyvrAdAFNhsCpoJG0zKisNYU31Y6gp5S5tRZddNt6kkNCqxF3ivmnoq0kw%3D%3D&otp=781552&app=10000&token=30a923377fc39ba0a895c1475a2f5f46
======================
TIME: 2017-05-31 16:06:36
PARAMS: {"account":"ngoctugobe","password":"94b8cea57c49a3007225a0c70c475450","user_agent":"Mozilla/5.0 (Windows NT 6.1; WOW64) AppleWebKit/537.36 (KHTML, like Gecko) coc_coc_browser/63.4.154 Chrome/57.4.2987.154 Safari/537.36","app":"10000"}
HEADERS: {"host":"localhost:1337","connection":"keep-alive","cache-control":"max-age=0","upgrade-insecure-requests":"1","user-agent":"Mozilla/5.0 (Windows NT 6.1; WOW64) AppleWebKit/537.36 (KHTML, like Gecko) coc_coc_browser/63.4.154 Chrome/57.4.2987.154 Safari/537.36","accept":"text/html,application/xhtml+xml,application/xml;q=0.9,image/webp,*/*;q=0.8","accept-encoding":"gzip, deflate, sdch, br","accept-language":"vi-VN,vi;q=0.8,fr-FR;q=0.6,fr;q=0.4,en-US;q=0.2,en;q=0.2","cookie":"_ga=GA1.1.1627206596.1495003441; PHPSESSID=7bt05ou7uildhggbo7tm82l076; rock_format=json; sails.sid=s%3AvzI6b86fkRLELWr81Mwxq6jvFxOJbTy8.3QUoEO1aKeLkKu8dJ5lhKU%2FiSbh4Syhq9GmWucooghs","if-none-match":"W/\"166-1q1RN6pVXDzJfyXGlfcRLw\"","client_ip":"::1"}
RESPONSE: {"code":500000,"desc":"AUTHORIZE_SUCCESS","data":{"account_id":664494000,"access_token":"eyJoYXNoIjoiZjQzZjg1ZTcxZTNhZmI3OGRkMDUwZDYzM2JjMjBhZWMiLCJtc2lfaWQiOiIxMDAwMDE0ODM5NDk3Nzc1NTgyNDQiLCJhY2NvdW50X2lkIjoiMTAwMDAxNDgzOTQ5Nzc3NTU4MjQ0IiwiaWQiOjY2NDQ5NDAwMH0=","type":"default"},"message":"Đăng nhập thành công"}
======================
URL
/web/authorize?q=DjEjbZFHOkpYHZ4vl6E6Z3IpuhJfg1JY7OGmQrYRnkByjVnzTT68gLsV6jno7Hju2J5SmBAhk6V3eyF1Xc1R977FZcFzgf%2FFp85dejZDmbq9ZwXPe0dMPSw7QhaXgeCoyFDqGbw%2BaOBh7Mo6LHmp0V1WK2gtNMViRlcsfKs%2Ft5u%2FqqfeDUv8RKCtmww6G27mWv%2BSw5ouXX63SHyzIqQqlFu9cSsX2zoCdnhSG40KA%2FVW9H8%2FoiE0Cc%2B7dEAhIyvrAdAFNhsCpoJG0zKisNYU31Y6gp5S5tRZddNt6kkNCqxF3ivmnoq0kw%3D%3D&otp=781552&app=10000&token=30a923377fc39ba0a895c1475a2f5f46
======================
TIME: 2017-05-31 16:06:37
PARAMS: {"account":"ngoctugobe","password":"94b8cea57c49a3007225a0c70c475450","user_agent":"Mozilla/5.0 (Windows NT 6.1; WOW64) AppleWebKit/537.36 (KHTML, like Gecko) coc_coc_browser/63.4.154 Chrome/57.4.2987.154 Safari/537.36","app":"10000"}
HEADERS: {"host":"localhost:1337","connection":"keep-alive","cache-control":"max-age=0","upgrade-insecure-requests":"1","user-agent":"Mozilla/5.0 (Windows NT 6.1; WOW64) AppleWebKit/537.36 (KHTML, like Gecko) coc_coc_browser/63.4.154 Chrome/57.4.2987.154 Safari/537.36","accept":"text/html,application/xhtml+xml,application/xml;q=0.9,image/webp,*/*;q=0.8","accept-encoding":"gzip, deflate, sdch, br","accept-language":"vi-VN,vi;q=0.8,fr-FR;q=0.6,fr;q=0.4,en-US;q=0.2,en;q=0.2","cookie":"_ga=GA1.1.1627206596.1495003441; PHPSESSID=7bt05ou7uildhggbo7tm82l076; rock_format=json; sails.sid=s%3AvzI6b86fkRLELWr81Mwxq6jvFxOJbTy8.3QUoEO1aKeLkKu8dJ5lhKU%2FiSbh4Syhq9GmWucooghs","if-none-match":"W/\"166-+/+bm4ukT0fzBQmI11Tkfw\"","client_ip":"::1"}
RESPONSE: {"code":500000,"desc":"AUTHORIZE_SUCCESS","data":{"account_id":664494000,"access_token":"eyJoYXNoIjoiNzRlNDA2NzM5YjJiM2U0NDUxMmE4Nzg1ZmVlMGY5YjEiLCJtc2lfaWQiOiIxMDAwMDE0ODM5NDk3Nzc1NTgyNDQiLCJhY2NvdW50X2lkIjoiMTAwMDAxNDgzOTQ5Nzc3NTU4MjQ0IiwiaWQiOjY2NDQ5NDAwMH0=","type":"default"},"message":"Đăng nhập thành công"}
======================
