TIME: 2017-05-31 10:25:18
PARAMS: {"account_id":"622826840","service_id":"10000"}
HEADERS: {"host":"localhost:1337","accept":"*/*","client_ip":"::ffff:127.0.0.1"}
RESPONSE: {"code":102,"desc":"INVALID_PARAMS","data":"","message":"INVALID_PARAMS"}
======================
TIME: 2017-05-31 10:26:00
PARAMS: {"account_id":"622826840","service_id":"10000"}
HEADERS: {"host":"localhost:1337","accept":"*/*","client_ip":"::ffff:127.0.0.1"}
RESPONSE: {"code":500021,"desc":"GET_INFO_FAIL","data":"","message":"Không tìm thấy thông tin tài khoản"}
======================
TIME: 2017-05-31 10:26:47
PARAMS: {"account_id":"622826840","service_id":"10000"}
HEADERS: {"host":"localhost:1337","accept":"*/*","client_ip":"::ffff:127.0.0.1"}
RESPONSE: {"code":500020,"desc":"GET_INFO_SUCCESS","data":{"account_id":622826840,"channel":"empty","platform":"android","msi_id":"100001495371177494457","createdAt":"2017-05-21T12:52:56.879Z","updatedAt":"2017-05-31T02:21:28.182Z","last_login":"2017-05-21T13:24:32.282Z","status":"normal","id":"59218da82570d72b16807b02"},"message":"Thông tin tài khoản"}
======================
TIME: 2017-05-31 10:26:55
PARAMS: {"account_id":"622826840","service_id":"10000"}
HEADERS: {"host":"localhost:1337","connection":"keep-alive","upgrade-insecure-requests":"1","user-agent":"Mozilla/5.0 (Windows NT 6.1; WOW64) AppleWebKit/537.36 (KHTML, like Gecko) coc_coc_browser/63.4.154 Chrome/57.4.2987.154 Safari/537.36","accept":"text/html,application/xhtml+xml,application/xml;q=0.9,image/webp,*/*;q=0.8","accept-encoding":"gzip, deflate, sdch, br","accept-language":"vi-VN,vi;q=0.8,fr-FR;q=0.6,fr;q=0.4,en-US;q=0.2,en;q=0.2","cookie":"_ga=GA1.1.1627206596.1495003441; PHPSESSID=7bt05ou7uildhggbo7tm82l076; rock_format=json; sails.sid=s%3ARZMEwvA2_g-3KOrKe1kslYORy3qXGGHA.TXMLeX0JuSKimwmKvEQ6xISBxVy2FWWnlJtaGy%2Foud8","client_ip":"::1"}
RESPONSE: {"code":500020,"desc":"GET_INFO_SUCCESS","data":{"account_id":622826840,"channel":"empty","platform":"android","msi_id":"100001495371177494457","createdAt":"2017-05-21T12:52:56.879Z","updatedAt":"2017-05-31T02:21:28.182Z","last_login":"2017-05-21T13:24:32.282Z","status":"normal","id":"59218da82570d72b16807b02"},"message":"Thông tin tài khoản"}
======================
TIME: 2017-05-31 10:46:21
PARAMS: {"account_id":"622826840","service_id":"10000","msi_id":"100001495371177494457","ref_msi":"100001495435285115507"}
HEADERS: {"host":"localhost:1337","accept":"*/*","client_ip":"::ffff:127.0.0.1"}
RESPONSE: {"code":500001,"desc":"TRANSFER_ACCOUNT_SUCCESS","data":[{"account_id":622826840,"channel":"empty","platform":"android","msi_id":"100001495371177494457","createdAt":"2017-05-21T12:52:56.879Z","updatedAt":"2017-05-31T03:46:21.780Z","last_login":"2017-05-21T13:24:32.282Z","status":"normal","id":"59218da82570d72b16807b02"}],"message":"Chuyển tài khoản thành công"}
======================
TIME: 2017-05-31 10:48:22
PARAMS: {"account_id":"622826840","service_id":"10000","msi_id":"100001495371177494457","ref_msi":"100001495435285115507"}
HEADERS: {"host":"localhost:1337","accept":"*/*","client_ip":"::ffff:127.0.0.1"}
RESPONSE: {"code":500000,"desc":"TRANSFER_ACCOUNT_FAIL","data":"","message":"Chuyển tài khoản thất bại"}
======================
